[0.011s] Invoking command in '/home/emkorogodsky/ros2_ws/src/build/my_robot_bringup': AMENT_PREFIX_PATH=/home/emkorogodsky/ros2_ws/src/install/my_py_pkg:${AMENT_PREFIX_PATH} CMAKE_PREFIX_PATH=${CMAKE_PREFIX_PATH}:/home/emkorogodsky/ros2_ws/install/my_py_pkg:/home/emkorogodsky/ros2_ws/install/bumperbot_py_examples:/opt/ros/humble PYTHONPATH=/home/emkorogodsky/ros2_ws/src/install/my_py_pkg/lib/python3.10/site-packages:${PYTHONPATH} /usr/bin/cmake --build /home/emkorogodsky/ros2_ws/src/build/my_robot_bringup -- -j8 -l8
[0.037s] -- Found ament_cmake: 1.3.10 (/opt/ros/humble/share/ament_cmake/cmake)
[0.237s] -- Configuring done
[0.252s] -- Generating done
[0.253s] -- Build files have been written to: /home/emkorogodsky/ros2_ws/src/build/my_robot_bringup
[0.299s] Invoked command in '/home/emkorogodsky/ros2_ws/src/build/my_robot_bringup' returned '0': AMENT_PREFIX_PATH=/home/emkorogodsky/ros2_ws/src/install/my_py_pkg:${AMENT_PREFIX_PATH} CMAKE_PREFIX_PATH=${CMAKE_PREFIX_PATH}:/home/emkorogodsky/ros2_ws/install/my_py_pkg:/home/emkorogodsky/ros2_ws/install/bumperbot_py_examples:/opt/ros/humble PYTHONPATH=/home/emkorogodsky/ros2_ws/src/install/my_py_pkg/lib/python3.10/site-packages:${PYTHONPATH} /usr/bin/cmake --build /home/emkorogodsky/ros2_ws/src/build/my_robot_bringup -- -j8 -l8
[0.353s] Invoking command in '/home/emkorogodsky/ros2_ws/src/build/my_robot_bringup': AMENT_PREFIX_PATH=/home/emkorogodsky/ros2_ws/src/install/my_py_pkg:${AMENT_PREFIX_PATH} CMAKE_PREFIX_PATH=${CMAKE_PREFIX_PATH}:/home/emkorogodsky/ros2_ws/install/my_py_pkg:/home/emkorogodsky/ros2_ws/install/bumperbot_py_examples:/opt/ros/humble PYTHONPATH=/home/emkorogodsky/ros2_ws/src/install/my_py_pkg/lib/python3.10/site-packages:${PYTHONPATH} /usr/bin/cmake --install /home/emkorogodsky/ros2_ws/src/build/my_robot_bringup
[0.368s] -- Install configuration: ""
[0.368s] -- Up-to-date: /home/emkorogodsky/ros2_ws/src/install/my_robot_bringup/share/my_robot_bringup/launch
[0.368s] -- Up-to-date: /home/emkorogodsky/ros2_ws/src/install/my_robot_bringup/share/my_robot_bringup/launch/number_app.launch.py
[0.368s] -- Up-to-date: /home/emkorogodsky/ros2_ws/src/install/my_robot_bringup/share/my_robot_bringup/launch/robot_news_app.launch.py
[0.368s] -- Up-to-date: /home/emkorogodsky/ros2_ws/src/install/my_robot_bringup/share/ament_index/resource_index/package_run_dependencies/my_robot_bringup
[0.368s] -- Installing: /home/emkorogodsky/ros2_ws/src/install/my_robot_bringup/share/ament_index/resource_index/parent_prefix_path/my_robot_bringup
[0.368s] -- Installing: /home/emkorogodsky/ros2_ws/src/install/my_robot_bringup/share/my_robot_bringup/environment/ament_prefix_path.sh
[0.368s] -- Installing: /home/emkorogodsky/ros2_ws/src/install/my_robot_bringup/share/my_robot_bringup/environment/ament_prefix_path.dsv
[0.368s] -- Installing: /home/emkorogodsky/ros2_ws/src/install/my_robot_bringup/share/my_robot_bringup/environment/path.sh
[0.368s] -- Installing: /home/emkorogodsky/ros2_ws/src/install/my_robot_bringup/share/my_robot_bringup/environment/path.dsv
[0.368s] -- Up-to-date: /home/emkorogodsky/ros2_ws/src/install/my_robot_bringup/share/my_robot_bringup/local_setup.bash
[0.368s] -- Up-to-date: /home/emkorogodsky/ros2_ws/src/install/my_robot_bringup/share/my_robot_bringup/local_setup.sh
[0.368s] -- Up-to-date: /home/emkorogodsky/ros2_ws/src/install/my_robot_bringup/share/my_robot_bringup/local_setup.zsh
[0.369s] -- Installing: /home/emkorogodsky/ros2_ws/src/install/my_robot_bringup/share/my_robot_bringup/local_setup.dsv
[0.369s] -- Installing: /home/emkorogodsky/ros2_ws/src/install/my_robot_bringup/share/my_robot_bringup/package.dsv
[0.370s] -- Up-to-date: /home/emkorogodsky/ros2_ws/src/install/my_robot_bringup/share/ament_index/resource_index/packages/my_robot_bringup
[0.370s] -- Up-to-date: /home/emkorogodsky/ros2_ws/src/install/my_robot_bringup/share/my_robot_bringup/cmake/my_robot_bringupConfig.cmake
[0.370s] -- Up-to-date: /home/emkorogodsky/ros2_ws/src/install/my_robot_bringup/share/my_robot_bringup/cmake/my_robot_bringupConfig-version.cmake
[0.370s] -- Up-to-date: /home/emkorogodsky/ros2_ws/src/install/my_robot_bringup/share/my_robot_bringup/package.xml
[0.392s] Invoked command in '/home/emkorogodsky/ros2_ws/src/build/my_robot_bringup' returned '0': AMENT_PREFIX_PATH=/home/emkorogodsky/ros2_ws/src/install/my_py_pkg:${AMENT_PREFIX_PATH} CMAKE_PREFIX_PATH=${CMAKE_PREFIX_PATH}:/home/emkorogodsky/ros2_ws/install/my_py_pkg:/home/emkorogodsky/ros2_ws/install/bumperbot_py_examples:/opt/ros/humble PYTHONPATH=/home/emkorogodsky/ros2_ws/src/install/my_py_pkg/lib/python3.10/site-packages:${PYTHONPATH} /usr/bin/cmake --install /home/emkorogodsky/ros2_ws/src/build/my_robot_bringup
