[0.168s] Invoking command in '/home/emkorogodsky/ros2_ws/src/build/bumperbot_cpp_examples': CMAKE_PREFIX_PATH=${CMAKE_PREFIX_PATH}:/home/emkorogodsky/ros2_ws/install/my_py_pkg:/home/emkorogodsky/ros2_ws/install/bumperbot_py_examples:/opt/ros/humble /usr/bin/cmake /home/emkorogodsky/ros2_ws/src/bumperbot_cpp_examples -DCMAKE_INSTALL_PREFIX=/home/emkorogodsky/ros2_ws/src/install/bumperbot_cpp_examples
[0.338s] -- The C compiler identification is GNU 11.4.0
[0.393s] -- The CXX compiler identification is GNU 11.4.0
[0.406s] -- Detecting C compiler ABI info
[0.467s] -- Detecting C compiler ABI info - done
[0.474s] -- Check for working C compiler: /usr/bin/cc - skipped
[0.475s] -- Detecting C compile features
[0.476s] -- Detecting C compile features - done
[0.480s] -- Detecting CXX compiler ABI info
[0.548s] -- Detecting CXX compiler ABI info - done
[0.558s] -- Check for working CXX compiler: /usr/bin/c++ - skipped
[0.558s] -- Detecting CXX compile features
[0.558s] -- Detecting CXX compile features - done
[0.562s] -- Found ament_cmake: 1.3.10 (/opt/ros/humble/share/ament_cmake/cmake)
[0.868s] -- Found Python3: /usr/bin/python3 (found version "3.10.12") found components: Interpreter 
[0.949s] -- Found ament_lint_auto: 0.12.11 (/opt/ros/humble/share/ament_lint_auto/cmake)
[1.037s] -- Added test 'lint_cmake' to check CMake code style
[1.040s] -- Added test 'xmllint' to check XML markup files
[1.041s] -- Configuring done
[1.043s] -- Generating done
[1.044s] -- Build files have been written to: /home/emkorogodsky/ros2_ws/src/build/bumperbot_cpp_examples
[1.053s] Invoked command in '/home/emkorogodsky/ros2_ws/src/build/bumperbot_cpp_examples' returned '0': CMAKE_PREFIX_PATH=${CMAKE_PREFIX_PATH}:/home/emkorogodsky/ros2_ws/install/my_py_pkg:/home/emkorogodsky/ros2_ws/install/bumperbot_py_examples:/opt/ros/humble /usr/bin/cmake /home/emkorogodsky/ros2_ws/src/bumperbot_cpp_examples -DCMAKE_INSTALL_PREFIX=/home/emkorogodsky/ros2_ws/src/install/bumperbot_cpp_examples
[1.053s] Invoking command in '/home/emkorogodsky/ros2_ws/src/build/bumperbot_cpp_examples': CMAKE_PREFIX_PATH=${CMAKE_PREFIX_PATH}:/home/emkorogodsky/ros2_ws/install/my_py_pkg:/home/emkorogodsky/ros2_ws/install/bumperbot_py_examples:/opt/ros/humble /usr/bin/cmake --build /home/emkorogodsky/ros2_ws/src/build/bumperbot_cpp_examples -- -j8 -l8
[1.082s] Invoked command in '/home/emkorogodsky/ros2_ws/src/build/bumperbot_cpp_examples' returned '0': CMAKE_PREFIX_PATH=${CMAKE_PREFIX_PATH}:/home/emkorogodsky/ros2_ws/install/my_py_pkg:/home/emkorogodsky/ros2_ws/install/bumperbot_py_examples:/opt/ros/humble /usr/bin/cmake --build /home/emkorogodsky/ros2_ws/src/build/bumperbot_cpp_examples -- -j8 -l8
[1.110s] Invoking command in '/home/emkorogodsky/ros2_ws/src/build/bumperbot_cpp_examples': CMAKE_PREFIX_PATH=${CMAKE_PREFIX_PATH}:/home/emkorogodsky/ros2_ws/install/my_py_pkg:/home/emkorogodsky/ros2_ws/install/bumperbot_py_examples:/opt/ros/humble /usr/bin/cmake --install /home/emkorogodsky/ros2_ws/src/build/bumperbot_cpp_examples
[1.113s] -- Install configuration: ""
[1.113s] -- Installing: /home/emkorogodsky/ros2_ws/src/install/bumperbot_cpp_examples/share/ament_index/resource_index/package_run_dependencies/bumperbot_cpp_examples
[1.113s] -- Installing: /home/emkorogodsky/ros2_ws/src/install/bumperbot_cpp_examples/share/ament_index/resource_index/parent_prefix_path/bumperbot_cpp_examples
[1.113s] -- Installing: /home/emkorogodsky/ros2_ws/src/install/bumperbot_cpp_examples/share/bumperbot_cpp_examples/environment/ament_prefix_path.sh
[1.113s] -- Installing: /home/emkorogodsky/ros2_ws/src/install/bumperbot_cpp_examples/share/bumperbot_cpp_examples/environment/ament_prefix_path.dsv
[1.113s] -- Installing: /home/emkorogodsky/ros2_ws/src/install/bumperbot_cpp_examples/share/bumperbot_cpp_examples/environment/path.sh
[1.114s] -- Installing: /home/emkorogodsky/ros2_ws/src/install/bumperbot_cpp_examples/share/bumperbot_cpp_examples/environment/path.dsv
[1.114s] -- Installing: /home/emkorogodsky/ros2_ws/src/install/bumperbot_cpp_examples/share/bumperbot_cpp_examples/local_setup.bash
[1.114s] -- Installing: /home/emkorogodsky/ros2_ws/src/install/bumperbot_cpp_examples/share/bumperbot_cpp_examples/local_setup.sh
[1.114s] -- Installing: /home/emkorogodsky/ros2_ws/src/install/bumperbot_cpp_examples/share/bumperbot_cpp_examples/local_setup.zsh
[1.114s] -- Installing: /home/emkorogodsky/ros2_ws/src/install/bumperbot_cpp_examples/share/bumperbot_cpp_examples/local_setup.dsv
[1.114s] -- Installing: /home/emkorogodsky/ros2_ws/src/install/bumperbot_cpp_examples/share/bumperbot_cpp_examples/package.dsv
[1.114s] -- Installing: /home/emkorogodsky/ros2_ws/src/install/bumperbot_cpp_examples/share/ament_index/resource_index/packages/bumperbot_cpp_examples
[1.114s] -- Installing: /home/emkorogodsky/ros2_ws/src/install/bumperbot_cpp_examples/share/bumperbot_cpp_examples/cmake/bumperbot_cpp_examplesConfig.cmake
[1.114s] -- Installing: /home/emkorogodsky/ros2_ws/src/install/bumperbot_cpp_examples/share/bumperbot_cpp_examples/cmake/bumperbot_cpp_examplesConfig-version.cmake
[1.115s] -- Installing: /home/emkorogodsky/ros2_ws/src/install/bumperbot_cpp_examples/share/bumperbot_cpp_examples/package.xml
[1.134s] Invoked command in '/home/emkorogodsky/ros2_ws/src/build/bumperbot_cpp_examples' returned '0': CMAKE_PREFIX_PATH=${CMAKE_PREFIX_PATH}:/home/emkorogodsky/ros2_ws/install/my_py_pkg:/home/emkorogodsky/ros2_ws/install/bumperbot_py_examples:/opt/ros/humble /usr/bin/cmake --install /home/emkorogodsky/ros2_ws/src/build/bumperbot_cpp_examples
