[0.027s] Invoking command in '/home/emkorogodsky/ros2_ws/src/build/bumperbot_description': CMAKE_PREFIX_PATH=${CMAKE_PREFIX_PATH}:/home/emkorogodsky/ros2_ws/install/my_py_pkg:/home/emkorogodsky/ros2_ws/install/bumperbot_py_examples:/opt/ros/humble /usr/bin/cmake --build /home/emkorogodsky/ros2_ws/src/build/bumperbot_description -- -j8 -l8
[0.185s] Invoked command in '/home/emkorogodsky/ros2_ws/src/build/bumperbot_description' returned '0': CMAKE_PREFIX_PATH=${CMAKE_PREFIX_PATH}:/home/emkorogodsky/ros2_ws/install/my_py_pkg:/home/emkorogodsky/ros2_ws/install/bumperbot_py_examples:/opt/ros/humble /usr/bin/cmake --build /home/emkorogodsky/ros2_ws/src/build/bumperbot_description -- -j8 -l8
[0.223s] Invoking command in '/home/emkorogodsky/ros2_ws/src/build/bumperbot_description': CMAKE_PREFIX_PATH=${CMAKE_PREFIX_PATH}:/home/emkorogodsky/ros2_ws/install/my_py_pkg:/home/emkorogodsky/ros2_ws/install/bumperbot_py_examples:/opt/ros/humble /usr/bin/cmake --install /home/emkorogodsky/ros2_ws/src/build/bumperbot_description
[0.231s] -- Install configuration: ""
[0.231s] -- Up-to-date: /home/emkorogodsky/ros2_ws/src/install/bumperbot_description/share/bumperbot_description/meshes
[0.231s] -- Up-to-date: /home/emkorogodsky/ros2_ws/src/install/bumperbot_description/share/bumperbot_description/meshes/caster_rear_link.STL
[0.231s] -- Up-to-date: /home/emkorogodsky/ros2_ws/src/install/bumperbot_description/share/bumperbot_description/meshes/base_link.STL
[0.231s] -- Up-to-date: /home/emkorogodsky/ros2_ws/src/install/bumperbot_description/share/bumperbot_description/meshes/imu_link.STL
[0.231s] -- Up-to-date: /home/emkorogodsky/ros2_ws/src/install/bumperbot_description/share/bumperbot_description/meshes/wheel_left_link.STL
[0.231s] -- Up-to-date: /home/emkorogodsky/ros2_ws/src/install/bumperbot_description/share/bumperbot_description/meshes/wheel_right_link.STL
[0.231s] -- Up-to-date: /home/emkorogodsky/ros2_ws/src/install/bumperbot_description/share/bumperbot_description/meshes/caster_front_link.STL
[0.231s] -- Up-to-date: /home/emkorogodsky/ros2_ws/src/install/bumperbot_description/share/bumperbot_description/urdf
[0.231s] -- Up-to-date: /home/emkorogodsky/ros2_ws/src/install/bumperbot_description/share/bumperbot_description/urdf/bumperbot.urdf.xacro
[0.231s] -- Up-to-date: /home/emkorogodsky/ros2_ws/src/install/bumperbot_description/share/ament_index/resource_index/package_run_dependencies/bumperbot_description
[0.231s] -- Up-to-date: /home/emkorogodsky/ros2_ws/src/install/bumperbot_description/share/ament_index/resource_index/parent_prefix_path/bumperbot_description
[0.231s] -- Up-to-date: /home/emkorogodsky/ros2_ws/src/install/bumperbot_description/share/bumperbot_description/environment/ament_prefix_path.sh
[0.231s] -- Up-to-date: /home/emkorogodsky/ros2_ws/src/install/bumperbot_description/share/bumperbot_description/environment/ament_prefix_path.dsv
[0.231s] -- Up-to-date: /home/emkorogodsky/ros2_ws/src/install/bumperbot_description/share/bumperbot_description/environment/path.sh
[0.231s] -- Up-to-date: /home/emkorogodsky/ros2_ws/src/install/bumperbot_description/share/bumperbot_description/environment/path.dsv
[0.231s] -- Up-to-date: /home/emkorogodsky/ros2_ws/src/install/bumperbot_description/share/bumperbot_description/local_setup.bash
[0.231s] -- Up-to-date: /home/emkorogodsky/ros2_ws/src/install/bumperbot_description/share/bumperbot_description/local_setup.sh
[0.232s] -- Up-to-date: /home/emkorogodsky/ros2_ws/src/install/bumperbot_description/share/bumperbot_description/local_setup.zsh
[0.232s] -- Up-to-date: /home/emkorogodsky/ros2_ws/src/install/bumperbot_description/share/bumperbot_description/local_setup.dsv
[0.232s] -- Up-to-date: /home/emkorogodsky/ros2_ws/src/install/bumperbot_description/share/bumperbot_description/package.dsv
[0.232s] -- Up-to-date: /home/emkorogodsky/ros2_ws/src/install/bumperbot_description/share/ament_index/resource_index/packages/bumperbot_description
[0.232s] -- Up-to-date: /home/emkorogodsky/ros2_ws/src/install/bumperbot_description/share/bumperbot_description/cmake/bumperbot_descriptionConfig.cmake
[0.232s] -- Up-to-date: /home/emkorogodsky/ros2_ws/src/install/bumperbot_description/share/bumperbot_description/cmake/bumperbot_descriptionConfig-version.cmake
[0.232s] -- Up-to-date: /home/emkorogodsky/ros2_ws/src/install/bumperbot_description/share/bumperbot_description/package.xml
[0.246s] Invoked command in '/home/emkorogodsky/ros2_ws/src/build/bumperbot_description' returned '0': CMAKE_PREFIX_PATH=${CMAKE_PREFIX_PATH}:/home/emkorogodsky/ros2_ws/install/my_py_pkg:/home/emkorogodsky/ros2_ws/install/bumperbot_py_examples:/opt/ros/humble /usr/bin/cmake --install /home/emkorogodsky/ros2_ws/src/build/bumperbot_description
