[0.006s] Invoking command in '/home/emkorogodsky/ros2_ws/src/build/my_robot_bringup': AMENT_PREFIX_PATH=/home/emkorogodsky/ros2_ws/src/install/my_py_pkg:${AMENT_PREFIX_PATH} CMAKE_PREFIX_PATH=${CMAKE_PREFIX_PATH}:/home/emkorogodsky/ros2_ws/install/my_py_pkg:/opt/ros/humble PYTHONPATH=/home/emkorogodsky/ros2_ws/src/install/my_py_pkg/lib/python3.10/site-packages:${PYTHONPATH} /usr/bin/cmake /home/emkorogodsky/ros2_ws/src/my_robot_bringup -DCMAKE_INSTALL_PREFIX=/home/emkorogodsky/ros2_ws/src/install/my_robot_bringup
[0.045s] -- The C compiler identification is GNU 11.4.0
[0.081s] -- The CXX compiler identification is GNU 11.4.0
[0.085s] -- Detecting C compiler ABI info
[0.135s] -- Detecting C compiler ABI info - done
[0.140s] -- Check for working C compiler: /usr/bin/cc - skipped
[0.140s] -- Detecting C compile features
[0.141s] -- Detecting C compile features - done
[0.143s] -- Detecting CXX compiler ABI info
[0.194s] -- Detecting CXX compiler ABI info - done
[0.200s] -- Check for working CXX compiler: /usr/bin/c++ - skipped
[0.200s] -- Detecting CXX compile features
[0.200s] -- Detecting CXX compile features - done
[0.202s] -- Found ament_cmake: 1.3.9 (/opt/ros/humble/share/ament_cmake/cmake)
[0.473s] -- Found Python3: /usr/bin/python3 (found version "3.10.12") found components: Interpreter 
[0.579s] -- Configuring done
[0.581s] -- Generating done
[0.581s] -- Build files have been written to: /home/emkorogodsky/ros2_ws/src/build/my_robot_bringup
[0.587s] Invoked command in '/home/emkorogodsky/ros2_ws/src/build/my_robot_bringup' returned '0': AMENT_PREFIX_PATH=/home/emkorogodsky/ros2_ws/src/install/my_py_pkg:${AMENT_PREFIX_PATH} CMAKE_PREFIX_PATH=${CMAKE_PREFIX_PATH}:/home/emkorogodsky/ros2_ws/install/my_py_pkg:/opt/ros/humble PYTHONPATH=/home/emkorogodsky/ros2_ws/src/install/my_py_pkg/lib/python3.10/site-packages:${PYTHONPATH} /usr/bin/cmake /home/emkorogodsky/ros2_ws/src/my_robot_bringup -DCMAKE_INSTALL_PREFIX=/home/emkorogodsky/ros2_ws/src/install/my_robot_bringup
[0.588s] Invoking command in '/home/emkorogodsky/ros2_ws/src/build/my_robot_bringup': AMENT_PREFIX_PATH=/home/emkorogodsky/ros2_ws/src/install/my_py_pkg:${AMENT_PREFIX_PATH} CMAKE_PREFIX_PATH=${CMAKE_PREFIX_PATH}:/home/emkorogodsky/ros2_ws/install/my_py_pkg:/opt/ros/humble PYTHONPATH=/home/emkorogodsky/ros2_ws/src/install/my_py_pkg/lib/python3.10/site-packages:${PYTHONPATH} /usr/bin/cmake --build /home/emkorogodsky/ros2_ws/src/build/my_robot_bringup -- -j8 -l8
[0.617s] Invoked command in '/home/emkorogodsky/ros2_ws/src/build/my_robot_bringup' returned '0': AMENT_PREFIX_PATH=/home/emkorogodsky/ros2_ws/src/install/my_py_pkg:${AMENT_PREFIX_PATH} CMAKE_PREFIX_PATH=${CMAKE_PREFIX_PATH}:/home/emkorogodsky/ros2_ws/install/my_py_pkg:/opt/ros/humble PYTHONPATH=/home/emkorogodsky/ros2_ws/src/install/my_py_pkg/lib/python3.10/site-packages:${PYTHONPATH} /usr/bin/cmake --build /home/emkorogodsky/ros2_ws/src/build/my_robot_bringup -- -j8 -l8
[0.640s] Invoking command in '/home/emkorogodsky/ros2_ws/src/build/my_robot_bringup': AMENT_PREFIX_PATH=/home/emkorogodsky/ros2_ws/src/install/my_py_pkg:${AMENT_PREFIX_PATH} CMAKE_PREFIX_PATH=${CMAKE_PREFIX_PATH}:/home/emkorogodsky/ros2_ws/install/my_py_pkg:/opt/ros/humble PYTHONPATH=/home/emkorogodsky/ros2_ws/src/install/my_py_pkg/lib/python3.10/site-packages:${PYTHONPATH} /usr/bin/cmake --install /home/emkorogodsky/ros2_ws/src/build/my_robot_bringup
[0.644s] -- Install configuration: ""
[0.644s] -- Installing: /home/emkorogodsky/ros2_ws/src/install/my_robot_bringup/share/my_robot_bringup/launch
[0.645s] -- Installing: /home/emkorogodsky/ros2_ws/src/install/my_robot_bringup/share/my_robot_bringup/launch/number_app.launch.py
[0.645s] -- Installing: /home/emkorogodsky/ros2_ws/src/install/my_robot_bringup/share/my_robot_bringup/launch/robot_news_app.launch.py
[0.645s] -- Installing: /home/emkorogodsky/ros2_ws/src/install/my_robot_bringup/share/ament_index/resource_index/package_run_dependencies/my_robot_bringup
[0.645s] -- Installing: /home/emkorogodsky/ros2_ws/src/install/my_robot_bringup/share/ament_index/resource_index/parent_prefix_path/my_robot_bringup
[0.645s] -- Installing: /home/emkorogodsky/ros2_ws/src/install/my_robot_bringup/share/my_robot_bringup/environment/ament_prefix_path.sh
[0.645s] -- Installing: /home/emkorogodsky/ros2_ws/src/install/my_robot_bringup/share/my_robot_bringup/environment/ament_prefix_path.dsv
[0.645s] -- Installing: /home/emkorogodsky/ros2_ws/src/install/my_robot_bringup/share/my_robot_bringup/environment/path.sh
[0.645s] -- Installing: /home/emkorogodsky/ros2_ws/src/install/my_robot_bringup/share/my_robot_bringup/environment/path.dsv
[0.645s] -- Installing: /home/emkorogodsky/ros2_ws/src/install/my_robot_bringup/share/my_robot_bringup/local_setup.bash
[0.645s] -- Installing: /home/emkorogodsky/ros2_ws/src/install/my_robot_bringup/share/my_robot_bringup/local_setup.sh
[0.646s] -- Installing: /home/emkorogodsky/ros2_ws/src/install/my_robot_bringup/share/my_robot_bringup/local_setup.zsh
[0.646s] -- Installing: /home/emkorogodsky/ros2_ws/src/install/my_robot_bringup/share/my_robot_bringup/local_setup.dsv
[0.646s] -- Installing: /home/emkorogodsky/ros2_ws/src/install/my_robot_bringup/share/my_robot_bringup/package.dsv
[0.646s] -- Installing: /home/emkorogodsky/ros2_ws/src/install/my_robot_bringup/share/ament_index/resource_index/packages/my_robot_bringup
[0.646s] -- Installing: /home/emkorogodsky/ros2_ws/src/install/my_robot_bringup/share/my_robot_bringup/cmake/my_robot_bringupConfig.cmake
[0.646s] -- Installing: /home/emkorogodsky/ros2_ws/src/install/my_robot_bringup/share/my_robot_bringup/cmake/my_robot_bringupConfig-version.cmake
[0.646s] -- Installing: /home/emkorogodsky/ros2_ws/src/install/my_robot_bringup/share/my_robot_bringup/package.xml
[0.649s] Invoked command in '/home/emkorogodsky/ros2_ws/src/build/my_robot_bringup' returned '0': AMENT_PREFIX_PATH=/home/emkorogodsky/ros2_ws/src/install/my_py_pkg:${AMENT_PREFIX_PATH} CMAKE_PREFIX_PATH=${CMAKE_PREFIX_PATH}:/home/emkorogodsky/ros2_ws/install/my_py_pkg:/opt/ros/humble PYTHONPATH=/home/emkorogodsky/ros2_ws/src/install/my_py_pkg/lib/python3.10/site-packages:${PYTHONPATH} /usr/bin/cmake --install /home/emkorogodsky/ros2_ws/src/build/my_robot_bringup
