[0.945s] Invoking command in '/home/emkorogodsky/ros2_ws/src/bumperbot_py_examples': PYTHONPATH=/home/emkorogodsky/ros2_ws/src/build/bumperbot_py_examples/prefix_override:/usr/lib/python3/dist-packages/colcon_core/task/python/colcon_distutils_commands:/home/emkorogodsky/ros2_ws/src/install/bumperbot_py_examples/lib/python3.10/site-packages:${PYTHONPATH} /usr/bin/python3 -W ignore:setup.py install is deprecated setup.py egg_info --egg-base ../build/bumperbot_py_examples build --build-base /home/emkorogodsky/ros2_ws/src/build/bumperbot_py_examples/build install --record /home/emkorogodsky/ros2_ws/src/build/bumperbot_py_examples/install.log --single-version-externally-managed install_data
[1.129s] running egg_info
[1.130s] creating ../build/bumperbot_py_examples/bumperbot_py_examples.egg-info
[1.138s] writing ../build/bumperbot_py_examples/bumperbot_py_examples.egg-info/PKG-INFO
[1.138s] writing dependency_links to ../build/bumperbot_py_examples/bumperbot_py_examples.egg-info/dependency_links.txt
[1.139s] writing entry points to ../build/bumperbot_py_examples/bumperbot_py_examples.egg-info/entry_points.txt
[1.139s] writing requirements to ../build/bumperbot_py_examples/bumperbot_py_examples.egg-info/requires.txt
[1.139s] writing top-level names to ../build/bumperbot_py_examples/bumperbot_py_examples.egg-info/top_level.txt
[1.139s] writing manifest file '../build/bumperbot_py_examples/bumperbot_py_examples.egg-info/SOURCES.txt'
[1.164s] reading manifest file '../build/bumperbot_py_examples/bumperbot_py_examples.egg-info/SOURCES.txt'
[1.164s] writing manifest file '../build/bumperbot_py_examples/bumperbot_py_examples.egg-info/SOURCES.txt'
[1.165s] running build
[1.165s] running build_py
[1.165s] creating /home/emkorogodsky/ros2_ws/src/build/bumperbot_py_examples/build
[1.165s] creating /home/emkorogodsky/ros2_ws/src/build/bumperbot_py_examples/build/lib
[1.165s] creating /home/emkorogodsky/ros2_ws/src/build/bumperbot_py_examples/build/lib/bumperbot_py_examples
[1.165s] copying bumperbot_py_examples/__init__.py -> /home/emkorogodsky/ros2_ws/src/build/bumperbot_py_examples/build/lib/bumperbot_py_examples
[1.165s] copying bumperbot_py_examples/simple_publisher.py -> /home/emkorogodsky/ros2_ws/src/build/bumperbot_py_examples/build/lib/bumperbot_py_examples
[1.165s] copying bumperbot_py_examples/simple_subscriber.py -> /home/emkorogodsky/ros2_ws/src/build/bumperbot_py_examples/build/lib/bumperbot_py_examples
[1.165s] running install
[1.166s] running install_lib
[1.177s] creating /home/emkorogodsky/ros2_ws/src/install/bumperbot_py_examples/lib/python3.10/site-packages/bumperbot_py_examples
[1.177s] copying /home/emkorogodsky/ros2_ws/src/build/bumperbot_py_examples/build/lib/bumperbot_py_examples/__init__.py -> /home/emkorogodsky/ros2_ws/src/install/bumperbot_py_examples/lib/python3.10/site-packages/bumperbot_py_examples
[1.178s] copying /home/emkorogodsky/ros2_ws/src/build/bumperbot_py_examples/build/lib/bumperbot_py_examples/simple_publisher.py -> /home/emkorogodsky/ros2_ws/src/install/bumperbot_py_examples/lib/python3.10/site-packages/bumperbot_py_examples
[1.178s] copying /home/emkorogodsky/ros2_ws/src/build/bumperbot_py_examples/build/lib/bumperbot_py_examples/simple_subscriber.py -> /home/emkorogodsky/ros2_ws/src/install/bumperbot_py_examples/lib/python3.10/site-packages/bumperbot_py_examples
[1.179s] byte-compiling /home/emkorogodsky/ros2_ws/src/install/bumperbot_py_examples/lib/python3.10/site-packages/bumperbot_py_examples/__init__.py to __init__.cpython-310.pyc
[1.179s] byte-compiling /home/emkorogodsky/ros2_ws/src/install/bumperbot_py_examples/lib/python3.10/site-packages/bumperbot_py_examples/simple_publisher.py to simple_publisher.cpython-310.pyc
[1.179s] byte-compiling /home/emkorogodsky/ros2_ws/src/install/bumperbot_py_examples/lib/python3.10/site-packages/bumperbot_py_examples/simple_subscriber.py to simple_subscriber.cpython-310.pyc
[1.180s] running install_data
[1.180s] creating /home/emkorogodsky/ros2_ws/src/install/bumperbot_py_examples/share/ament_index
[1.180s] creating /home/emkorogodsky/ros2_ws/src/install/bumperbot_py_examples/share/ament_index/resource_index
[1.180s] creating /home/emkorogodsky/ros2_ws/src/install/bumperbot_py_examples/share/ament_index/resource_index/packages
[1.180s] copying resource/bumperbot_py_examples -> /home/emkorogodsky/ros2_ws/src/install/bumperbot_py_examples/share/ament_index/resource_index/packages
[1.180s] copying package.xml -> /home/emkorogodsky/ros2_ws/src/install/bumperbot_py_examples/share/bumperbot_py_examples
[1.180s] running install_egg_info
[1.193s] Copying ../build/bumperbot_py_examples/bumperbot_py_examples.egg-info to /home/emkorogodsky/ros2_ws/src/install/bumperbot_py_examples/lib/python3.10/site-packages/bumperbot_py_examples-0.0.0-py3.10.egg-info
[1.194s] running install_scripts
[1.299s] Installing simple_publisher script to /home/emkorogodsky/ros2_ws/src/install/bumperbot_py_examples/lib/bumperbot_py_examples
[1.299s] Installing simple_subscriber script to /home/emkorogodsky/ros2_ws/src/install/bumperbot_py_examples/lib/bumperbot_py_examples
[1.299s] writing list of installed files to '/home/emkorogodsky/ros2_ws/src/build/bumperbot_py_examples/install.log'
[1.338s] Invoked command in '/home/emkorogodsky/ros2_ws/src/bumperbot_py_examples' returned '0': PYTHONPATH=/home/emkorogodsky/ros2_ws/src/build/bumperbot_py_examples/prefix_override:/usr/lib/python3/dist-packages/colcon_core/task/python/colcon_distutils_commands:/home/emkorogodsky/ros2_ws/src/install/bumperbot_py_examples/lib/python3.10/site-packages:${PYTHONPATH} /usr/bin/python3 -W ignore:setup.py install is deprecated setup.py egg_info --egg-base ../build/bumperbot_py_examples build --build-base /home/emkorogodsky/ros2_ws/src/build/bumperbot_py_examples/build install --record /home/emkorogodsky/ros2_ws/src/build/bumperbot_py_examples/install.log --single-version-externally-managed install_data
