[0.969s] Invoking command in '/home/emkorogodsky/ros2_ws/src/my_py_pkg': PYTHONPATH=/home/emkorogodsky/ros2_ws/src/build/my_py_pkg/prefix_override:/usr/lib/python3/dist-packages/colcon_core/task/python/colcon_distutils_commands:/home/emkorogodsky/ros2_ws/src/install/my_py_pkg/lib/python3.10/site-packages:${PYTHONPATH} /usr/bin/python3 -W ignore:setup.py install is deprecated setup.py egg_info --egg-base ../build/my_py_pkg build --build-base /home/emkorogodsky/ros2_ws/src/build/my_py_pkg/build install --record /home/emkorogodsky/ros2_ws/src/build/my_py_pkg/install.log --single-version-externally-managed install_data
[1.151s] running egg_info
[1.157s] writing ../build/my_py_pkg/my_py_pkg.egg-info/PKG-INFO
[1.158s] writing dependency_links to ../build/my_py_pkg/my_py_pkg.egg-info/dependency_links.txt
[1.158s] writing entry points to ../build/my_py_pkg/my_py_pkg.egg-info/entry_points.txt
[1.158s] writing requirements to ../build/my_py_pkg/my_py_pkg.egg-info/requires.txt
[1.158s] writing top-level names to ../build/my_py_pkg/my_py_pkg.egg-info/top_level.txt
[1.184s] reading manifest file '../build/my_py_pkg/my_py_pkg.egg-info/SOURCES.txt'
[1.185s] writing manifest file '../build/my_py_pkg/my_py_pkg.egg-info/SOURCES.txt'
[1.185s] running build
[1.185s] running build_py
[1.185s] copying my_py_pkg/add_two_ints_server.py -> /home/emkorogodsky/ros2_ws/src/build/my_py_pkg/build/lib/my_py_pkg
[1.185s] copying my_py_pkg/add_two_ints_client.py -> /home/emkorogodsky/ros2_ws/src/build/my_py_pkg/build/lib/my_py_pkg
[1.185s] copying my_py_pkg/my_first_node.py -> /home/emkorogodsky/ros2_ws/src/build/my_py_pkg/build/lib/my_py_pkg
[1.185s] copying my_py_pkg/__init__.py -> /home/emkorogodsky/ros2_ws/src/build/my_py_pkg/build/lib/my_py_pkg
[1.185s] copying my_py_pkg/battery_node.py -> /home/emkorogodsky/ros2_ws/src/build/my_py_pkg/build/lib/my_py_pkg
[1.185s] copying my_py_pkg/smartphone.py -> /home/emkorogodsky/ros2_ws/src/build/my_py_pkg/build/lib/my_py_pkg
[1.185s] copying my_py_pkg/number_counter.py -> /home/emkorogodsky/ros2_ws/src/build/my_py_pkg/build/lib/my_py_pkg
[1.185s] copying my_py_pkg/robot_news_station.py -> /home/emkorogodsky/ros2_ws/src/build/my_py_pkg/build/lib/my_py_pkg
[1.185s] copying my_py_pkg/number_publisher.py -> /home/emkorogodsky/ros2_ws/src/build/my_py_pkg/build/lib/my_py_pkg
[1.186s] copying my_py_pkg/led_node.py -> /home/emkorogodsky/ros2_ws/src/build/my_py_pkg/build/lib/my_py_pkg
[1.186s] copying my_py_pkg/turtle_controller_node.py -> /home/emkorogodsky/ros2_ws/src/build/my_py_pkg/build/lib/my_py_pkg
[1.186s] running install
[1.186s] running install_lib
[1.198s] copying /home/emkorogodsky/ros2_ws/src/build/my_py_pkg/build/lib/my_py_pkg/turtle_controller_node.py -> /home/emkorogodsky/ros2_ws/src/install/my_py_pkg/lib/python3.10/site-packages/my_py_pkg
[1.199s] byte-compiling /home/emkorogodsky/ros2_ws/src/install/my_py_pkg/lib/python3.10/site-packages/my_py_pkg/turtle_controller_node.py to turtle_controller_node.cpython-310.pyc
[1.199s] running install_data
[1.200s] copying resource/my_py_pkg -> /home/emkorogodsky/ros2_ws/src/install/my_py_pkg/share/ament_index/resource_index/packages
[1.200s] copying package.xml -> /home/emkorogodsky/ros2_ws/src/install/my_py_pkg/share/my_py_pkg
[1.200s] running install_egg_info
[1.213s] removing '/home/emkorogodsky/ros2_ws/src/install/my_py_pkg/lib/python3.10/site-packages/my_py_pkg-0.0.0-py3.10.egg-info' (and everything under it)
[1.214s] Copying ../build/my_py_pkg/my_py_pkg.egg-info to /home/emkorogodsky/ros2_ws/src/install/my_py_pkg/lib/python3.10/site-packages/my_py_pkg-0.0.0-py3.10.egg-info
[1.214s] running install_scripts
[1.317s] Installing add_two_ints_client script to /home/emkorogodsky/ros2_ws/src/install/my_py_pkg/lib/my_py_pkg
[1.317s] Installing add_two_ints_server script to /home/emkorogodsky/ros2_ws/src/install/my_py_pkg/lib/my_py_pkg
[1.318s] Installing battery_node script to /home/emkorogodsky/ros2_ws/src/install/my_py_pkg/lib/my_py_pkg
[1.318s] Installing led_node script to /home/emkorogodsky/ros2_ws/src/install/my_py_pkg/lib/my_py_pkg
[1.318s] Installing number_counter script to /home/emkorogodsky/ros2_ws/src/install/my_py_pkg/lib/my_py_pkg
[1.318s] Installing number_publisher script to /home/emkorogodsky/ros2_ws/src/install/my_py_pkg/lib/my_py_pkg
[1.318s] Installing py_node script to /home/emkorogodsky/ros2_ws/src/install/my_py_pkg/lib/my_py_pkg
[1.319s] Installing robot_news_station script to /home/emkorogodsky/ros2_ws/src/install/my_py_pkg/lib/my_py_pkg
[1.319s] Installing smartphone script to /home/emkorogodsky/ros2_ws/src/install/my_py_pkg/lib/my_py_pkg
[1.319s] Installing turtle_controller script to /home/emkorogodsky/ros2_ws/src/install/my_py_pkg/lib/my_py_pkg
[1.320s] writing list of installed files to '/home/emkorogodsky/ros2_ws/src/build/my_py_pkg/install.log'
[1.369s] Invoked command in '/home/emkorogodsky/ros2_ws/src/my_py_pkg' returned '0': PYTHONPATH=/home/emkorogodsky/ros2_ws/src/build/my_py_pkg/prefix_override:/usr/lib/python3/dist-packages/colcon_core/task/python/colcon_distutils_commands:/home/emkorogodsky/ros2_ws/src/install/my_py_pkg/lib/python3.10/site-packages:${PYTHONPATH} /usr/bin/python3 -W ignore:setup.py install is deprecated setup.py egg_info --egg-base ../build/my_py_pkg build --build-base /home/emkorogodsky/ros2_ws/src/build/my_py_pkg/build install --record /home/emkorogodsky/ros2_ws/src/build/my_py_pkg/install.log --single-version-externally-managed install_data
