[0.168s] Invoking command in '/home/emkorogodsky/ros2_ws/src/build/bumperbot_controller': CMAKE_PREFIX_PATH=${CMAKE_PREFIX_PATH}:/home/emkorogodsky/ros2_ws/install/my_py_pkg:/home/emkorogodsky/ros2_ws/install/bumperbot_py_examples:/opt/ros/humble /usr/bin/cmake /home/emkorogodsky/ros2_ws/src/bumperbot_controller -DCMAKE_INSTALL_PREFIX=/home/emkorogodsky/ros2_ws/src/install/bumperbot_controller
[0.343s] -- The C compiler identification is GNU 11.4.0
[0.401s] -- The CXX compiler identification is GNU 11.4.0
[0.415s] -- Detecting C compiler ABI info
[0.472s] -- Detecting C compiler ABI info - done
[0.479s] -- Check for working C compiler: /usr/bin/cc - skipped
[0.480s] -- Detecting C compile features
[0.485s] -- Detecting C compile features - done
[0.485s] -- Detecting CXX compiler ABI info
[0.557s] -- Detecting CXX compiler ABI info - done
[0.565s] -- Check for working CXX compiler: /usr/bin/c++ - skipped
[0.566s] -- Detecting CXX compile features
[0.566s] -- Detecting CXX compile features - done
[0.566s] -- Found ament_cmake: 1.3.10 (/opt/ros/humble/share/ament_cmake/cmake)
[0.871s] -- Found Python3: /usr/bin/python3 (found version "3.10.12") found components: Interpreter 
[0.955s] -- Found ament_lint_auto: 0.12.11 (/opt/ros/humble/share/ament_lint_auto/cmake)
[1.042s] -- Added test 'lint_cmake' to check CMake code style
[1.045s] -- Added test 'xmllint' to check XML markup files
[1.046s] -- Configuring done
[1.048s] -- Generating done
[1.049s] -- Build files have been written to: /home/emkorogodsky/ros2_ws/src/build/bumperbot_controller
[1.054s] Invoked command in '/home/emkorogodsky/ros2_ws/src/build/bumperbot_controller' returned '0': CMAKE_PREFIX_PATH=${CMAKE_PREFIX_PATH}:/home/emkorogodsky/ros2_ws/install/my_py_pkg:/home/emkorogodsky/ros2_ws/install/bumperbot_py_examples:/opt/ros/humble /usr/bin/cmake /home/emkorogodsky/ros2_ws/src/bumperbot_controller -DCMAKE_INSTALL_PREFIX=/home/emkorogodsky/ros2_ws/src/install/bumperbot_controller
[1.055s] Invoking command in '/home/emkorogodsky/ros2_ws/src/build/bumperbot_controller': CMAKE_PREFIX_PATH=${CMAKE_PREFIX_PATH}:/home/emkorogodsky/ros2_ws/install/my_py_pkg:/home/emkorogodsky/ros2_ws/install/bumperbot_py_examples:/opt/ros/humble /usr/bin/cmake --build /home/emkorogodsky/ros2_ws/src/build/bumperbot_controller -- -j8 -l8
[1.086s] Invoked command in '/home/emkorogodsky/ros2_ws/src/build/bumperbot_controller' returned '0': CMAKE_PREFIX_PATH=${CMAKE_PREFIX_PATH}:/home/emkorogodsky/ros2_ws/install/my_py_pkg:/home/emkorogodsky/ros2_ws/install/bumperbot_py_examples:/opt/ros/humble /usr/bin/cmake --build /home/emkorogodsky/ros2_ws/src/build/bumperbot_controller -- -j8 -l8
[1.107s] Invoking command in '/home/emkorogodsky/ros2_ws/src/build/bumperbot_controller': CMAKE_PREFIX_PATH=${CMAKE_PREFIX_PATH}:/home/emkorogodsky/ros2_ws/install/my_py_pkg:/home/emkorogodsky/ros2_ws/install/bumperbot_py_examples:/opt/ros/humble /usr/bin/cmake --install /home/emkorogodsky/ros2_ws/src/build/bumperbot_controller
[1.116s] -- Install configuration: ""
[1.117s] -- Installing: /home/emkorogodsky/ros2_ws/src/install/bumperbot_controller/share/ament_index/resource_index/package_run_dependencies/bumperbot_controller
[1.117s] -- Installing: /home/emkorogodsky/ros2_ws/src/install/bumperbot_controller/share/ament_index/resource_index/parent_prefix_path/bumperbot_controller
[1.117s] -- Installing: /home/emkorogodsky/ros2_ws/src/install/bumperbot_controller/share/bumperbot_controller/environment/ament_prefix_path.sh
[1.117s] -- Installing: /home/emkorogodsky/ros2_ws/src/install/bumperbot_controller/share/bumperbot_controller/environment/ament_prefix_path.dsv
[1.117s] -- Installing: /home/emkorogodsky/ros2_ws/src/install/bumperbot_controller/share/bumperbot_controller/environment/path.sh
[1.117s] -- Installing: /home/emkorogodsky/ros2_ws/src/install/bumperbot_controller/share/bumperbot_controller/environment/path.dsv
[1.117s] -- Installing: /home/emkorogodsky/ros2_ws/src/install/bumperbot_controller/share/bumperbot_controller/local_setup.bash
[1.117s] -- Installing: /home/emkorogodsky/ros2_ws/src/install/bumperbot_controller/share/bumperbot_controller/local_setup.sh
[1.117s] -- Installing: /home/emkorogodsky/ros2_ws/src/install/bumperbot_controller/share/bumperbot_controller/local_setup.zsh
[1.117s] -- Installing: /home/emkorogodsky/ros2_ws/src/install/bumperbot_controller/share/bumperbot_controller/local_setup.dsv
[1.117s] -- Installing: /home/emkorogodsky/ros2_ws/src/install/bumperbot_controller/share/bumperbot_controller/package.dsv
[1.117s] -- Installing: /home/emkorogodsky/ros2_ws/src/install/bumperbot_controller/share/ament_index/resource_index/packages/bumperbot_controller
[1.118s] -- Installing: /home/emkorogodsky/ros2_ws/src/install/bumperbot_controller/share/bumperbot_controller/cmake/bumperbot_controllerConfig.cmake
[1.118s] -- Installing: /home/emkorogodsky/ros2_ws/src/install/bumperbot_controller/share/bumperbot_controller/cmake/bumperbot_controllerConfig-version.cmake
[1.118s] -- Installing: /home/emkorogodsky/ros2_ws/src/install/bumperbot_controller/share/bumperbot_controller/package.xml
[1.120s] Invoked command in '/home/emkorogodsky/ros2_ws/src/build/bumperbot_controller' returned '0': CMAKE_PREFIX_PATH=${CMAKE_PREFIX_PATH}:/home/emkorogodsky/ros2_ws/install/my_py_pkg:/home/emkorogodsky/ros2_ws/install/bumperbot_py_examples:/opt/ros/humble /usr/bin/cmake --install /home/emkorogodsky/ros2_ws/src/build/bumperbot_controller
