[0.025s] Invoking command in '/home/emkorogodsky/ros2_ws/src/build/bumperbot_controller': CMAKE_PREFIX_PATH=${CMAKE_PREFIX_PATH}:/home/emkorogodsky/ros2_ws/install/my_py_pkg:/home/emkorogodsky/ros2_ws/install/bumperbot_py_examples:/opt/ros/humble /usr/bin/cmake --build /home/emkorogodsky/ros2_ws/src/build/bumperbot_controller -- -j8 -l8
[0.049s] -- Found ament_cmake: 1.3.10 (/opt/ros/humble/share/ament_cmake/cmake)
[0.158s] -- Found ament_lint_auto: 0.12.11 (/opt/ros/humble/share/ament_lint_auto/cmake)
[0.214s] -- Added test 'lint_cmake' to check CMake code style
[0.217s] -- Added test 'xmllint' to check XML markup files
[0.218s] -- Configuring done
[0.222s] -- Generating done
[0.222s] -- Build files have been written to: /home/emkorogodsky/ros2_ws/src/build/bumperbot_controller
[0.246s] Invoked command in '/home/emkorogodsky/ros2_ws/src/build/bumperbot_controller' returned '0': CMAKE_PREFIX_PATH=${CMAKE_PREFIX_PATH}:/home/emkorogodsky/ros2_ws/install/my_py_pkg:/home/emkorogodsky/ros2_ws/install/bumperbot_py_examples:/opt/ros/humble /usr/bin/cmake --build /home/emkorogodsky/ros2_ws/src/build/bumperbot_controller -- -j8 -l8
[0.275s] Invoking command in '/home/emkorogodsky/ros2_ws/src/build/bumperbot_controller': CMAKE_PREFIX_PATH=${CMAKE_PREFIX_PATH}:/home/emkorogodsky/ros2_ws/install/my_py_pkg:/home/emkorogodsky/ros2_ws/install/bumperbot_py_examples:/opt/ros/humble /usr/bin/cmake --install /home/emkorogodsky/ros2_ws/src/build/bumperbot_controller
[0.281s] -- Install configuration: ""
[0.281s] -- Up-to-date: /home/emkorogodsky/ros2_ws/src/install/bumperbot_controller/share/ament_index/resource_index/package_run_dependencies/bumperbot_controller
[0.281s] -- Installing: /home/emkorogodsky/ros2_ws/src/install/bumperbot_controller/share/ament_index/resource_index/parent_prefix_path/bumperbot_controller
[0.281s] -- Installing: /home/emkorogodsky/ros2_ws/src/install/bumperbot_controller/share/bumperbot_controller/environment/ament_prefix_path.sh
[0.281s] -- Installing: /home/emkorogodsky/ros2_ws/src/install/bumperbot_controller/share/bumperbot_controller/environment/ament_prefix_path.dsv
[0.281s] -- Installing: /home/emkorogodsky/ros2_ws/src/install/bumperbot_controller/share/bumperbot_controller/environment/path.sh
[0.281s] -- Installing: /home/emkorogodsky/ros2_ws/src/install/bumperbot_controller/share/bumperbot_controller/environment/path.dsv
[0.281s] -- Up-to-date: /home/emkorogodsky/ros2_ws/src/install/bumperbot_controller/share/bumperbot_controller/local_setup.bash
[0.281s] -- Up-to-date: /home/emkorogodsky/ros2_ws/src/install/bumperbot_controller/share/bumperbot_controller/local_setup.sh
[0.282s] -- Up-to-date: /home/emkorogodsky/ros2_ws/src/install/bumperbot_controller/share/bumperbot_controller/local_setup.zsh
[0.282s] -- Installing: /home/emkorogodsky/ros2_ws/src/install/bumperbot_controller/share/bumperbot_controller/local_setup.dsv
[0.282s] -- Installing: /home/emkorogodsky/ros2_ws/src/install/bumperbot_controller/share/bumperbot_controller/package.dsv
[0.282s] -- Up-to-date: /home/emkorogodsky/ros2_ws/src/install/bumperbot_controller/share/ament_index/resource_index/packages/bumperbot_controller
[0.282s] -- Up-to-date: /home/emkorogodsky/ros2_ws/src/install/bumperbot_controller/share/bumperbot_controller/cmake/bumperbot_controllerConfig.cmake
[0.282s] -- Up-to-date: /home/emkorogodsky/ros2_ws/src/install/bumperbot_controller/share/bumperbot_controller/cmake/bumperbot_controllerConfig-version.cmake
[0.282s] -- Up-to-date: /home/emkorogodsky/ros2_ws/src/install/bumperbot_controller/share/bumperbot_controller/package.xml
[0.284s] Invoked command in '/home/emkorogodsky/ros2_ws/src/build/bumperbot_controller' returned '0': CMAKE_PREFIX_PATH=${CMAKE_PREFIX_PATH}:/home/emkorogodsky/ros2_ws/install/my_py_pkg:/home/emkorogodsky/ros2_ws/install/bumperbot_py_examples:/opt/ros/humble /usr/bin/cmake --install /home/emkorogodsky/ros2_ws/src/build/bumperbot_controller
