[0.026s] Invoking command in '/home/emkorogodsky/ros2_ws/src/build/bumperbot_description': CMAKE_PREFIX_PATH=${CMAKE_PREFIX_PATH}:/home/emkorogodsky/ros2_ws/install/my_py_pkg:/home/emkorogodsky/ros2_ws/install/bumperbot_py_examples:/opt/ros/humble /usr/bin/cmake /home/emkorogodsky/ros2_ws/src/bumperbot_description -DCMAKE_INSTALL_PREFIX=/home/emkorogodsky/ros2_ws/src/install/bumperbot_description
[0.127s] -- The C compiler identification is GNU 11.4.0
[0.185s] -- The CXX compiler identification is GNU 11.4.0
[0.194s] -- Detecting C compiler ABI info
[0.265s] -- Detecting C compiler ABI info - done
[0.273s] -- Check for working C compiler: /usr/bin/cc - skipped
[0.274s] -- Detecting C compile features
[0.275s] -- Detecting C compile features - done
[0.278s] -- Detecting CXX compiler ABI info
[0.358s] -- Detecting CXX compiler ABI info - done
[0.368s] -- Check for working CXX compiler: /usr/bin/c++ - skipped
[0.369s] -- Detecting CXX compile features
[0.369s] -- Detecting CXX compile features - done
[0.371s] -- Found ament_cmake: 1.3.10 (/opt/ros/humble/share/ament_cmake/cmake)
[0.658s] -- Found Python3: /usr/bin/python3 (found version "3.10.12") found components: Interpreter 
[0.729s] -- Found ament_lint_auto: 0.12.11 (/opt/ros/humble/share/ament_lint_auto/cmake)
[0.787s] -- Added test 'lint_cmake' to check CMake code style
[0.789s] -- Added test 'xmllint' to check XML markup files
[0.789s] -- Configuring done
[0.791s] -- Generating done
[0.792s] -- Build files have been written to: /home/emkorogodsky/ros2_ws/src/build/bumperbot_description
[0.797s] Invoked command in '/home/emkorogodsky/ros2_ws/src/build/bumperbot_description' returned '0': CMAKE_PREFIX_PATH=${CMAKE_PREFIX_PATH}:/home/emkorogodsky/ros2_ws/install/my_py_pkg:/home/emkorogodsky/ros2_ws/install/bumperbot_py_examples:/opt/ros/humble /usr/bin/cmake /home/emkorogodsky/ros2_ws/src/bumperbot_description -DCMAKE_INSTALL_PREFIX=/home/emkorogodsky/ros2_ws/src/install/bumperbot_description
[0.797s] Invoking command in '/home/emkorogodsky/ros2_ws/src/build/bumperbot_description': CMAKE_PREFIX_PATH=${CMAKE_PREFIX_PATH}:/home/emkorogodsky/ros2_ws/install/my_py_pkg:/home/emkorogodsky/ros2_ws/install/bumperbot_py_examples:/opt/ros/humble /usr/bin/cmake --build /home/emkorogodsky/ros2_ws/src/build/bumperbot_description -- -j8 -l8
[0.833s] Invoked command in '/home/emkorogodsky/ros2_ws/src/build/bumperbot_description' returned '0': CMAKE_PREFIX_PATH=${CMAKE_PREFIX_PATH}:/home/emkorogodsky/ros2_ws/install/my_py_pkg:/home/emkorogodsky/ros2_ws/install/bumperbot_py_examples:/opt/ros/humble /usr/bin/cmake --build /home/emkorogodsky/ros2_ws/src/build/bumperbot_description -- -j8 -l8
[0.860s] Invoking command in '/home/emkorogodsky/ros2_ws/src/build/bumperbot_description': CMAKE_PREFIX_PATH=${CMAKE_PREFIX_PATH}:/home/emkorogodsky/ros2_ws/install/my_py_pkg:/home/emkorogodsky/ros2_ws/install/bumperbot_py_examples:/opt/ros/humble /usr/bin/cmake --install /home/emkorogodsky/ros2_ws/src/build/bumperbot_description
[0.866s] -- Install configuration: ""
[0.866s] -- Installing: /home/emkorogodsky/ros2_ws/src/install/bumperbot_description/share/bumperbot_description/meshes
[0.866s] -- Installing: /home/emkorogodsky/ros2_ws/src/install/bumperbot_description/share/bumperbot_description/meshes/caster_rear_link.STL
[0.866s] -- Installing: /home/emkorogodsky/ros2_ws/src/install/bumperbot_description/share/bumperbot_description/meshes/base_link.STL
[0.876s] -- Installing: /home/emkorogodsky/ros2_ws/src/install/bumperbot_description/share/bumperbot_description/meshes/imu_link.STL
[0.876s] -- Installing: /home/emkorogodsky/ros2_ws/src/install/bumperbot_description/share/bumperbot_description/meshes/wheel_left_link.STL
[0.877s] -- Installing: /home/emkorogodsky/ros2_ws/src/install/bumperbot_description/share/bumperbot_description/meshes/wheel_right_link.STL
[0.878s] -- Installing: /home/emkorogodsky/ros2_ws/src/install/bumperbot_description/share/bumperbot_description/meshes/caster_front_link.STL
[0.878s] -- Installing: /home/emkorogodsky/ros2_ws/src/install/bumperbot_description/share/bumperbot_description/urdf
[0.878s] -- Installing: /home/emkorogodsky/ros2_ws/src/install/bumperbot_description/share/bumperbot_description/urdf/bumperbot.urdf.xacro
[0.879s] -- Installing: /home/emkorogodsky/ros2_ws/src/install/bumperbot_description/share/ament_index/resource_index/package_run_dependencies/bumperbot_description
[0.879s] -- Installing: /home/emkorogodsky/ros2_ws/src/install/bumperbot_description/share/ament_index/resource_index/parent_prefix_path/bumperbot_description
[0.880s] -- Installing: /home/emkorogodsky/ros2_ws/src/install/bumperbot_description/share/bumperbot_description/environment/ament_prefix_path.sh
[0.880s] -- Installing: /home/emkorogodsky/ros2_ws/src/install/bumperbot_description/share/bumperbot_description/environment/ament_prefix_path.dsv
[0.880s] -- Installing: /home/emkorogodsky/ros2_ws/src/install/bumperbot_description/share/bumperbot_description/environment/path.sh
[0.880s] -- Installing: /home/emkorogodsky/ros2_ws/src/install/bumperbot_description/share/bumperbot_description/environment/path.dsv
[0.880s] -- Installing: /home/emkorogodsky/ros2_ws/src/install/bumperbot_description/share/bumperbot_description/local_setup.bash
[0.880s] -- Installing: /home/emkorogodsky/ros2_ws/src/install/bumperbot_description/share/bumperbot_description/local_setup.sh
[0.880s] -- Installing: /home/emkorogodsky/ros2_ws/src/install/bumperbot_description/share/bumperbot_description/local_setup.zsh
[0.880s] -- Installing: /home/emkorogodsky/ros2_ws/src/install/bumperbot_description/share/bumperbot_description/local_setup.dsv
[0.880s] -- Installing: /home/emkorogodsky/ros2_ws/src/install/bumperbot_description/share/bumperbot_description/package.dsv
[0.880s] -- Installing: /home/emkorogodsky/ros2_ws/src/install/bumperbot_description/share/ament_index/resource_index/packages/bumperbot_description
[0.880s] -- Installing: /home/emkorogodsky/ros2_ws/src/install/bumperbot_description/share/bumperbot_description/cmake/bumperbot_descriptionConfig.cmake
[0.881s] -- Installing: /home/emkorogodsky/ros2_ws/src/install/bumperbot_description/share/bumperbot_description/cmake/bumperbot_descriptionConfig-version.cmake
[0.881s] -- Installing: /home/emkorogodsky/ros2_ws/src/install/bumperbot_description/share/bumperbot_description/package.xml
[0.886s] Invoked command in '/home/emkorogodsky/ros2_ws/src/build/bumperbot_description' returned '0': CMAKE_PREFIX_PATH=${CMAKE_PREFIX_PATH}:/home/emkorogodsky/ros2_ws/install/my_py_pkg:/home/emkorogodsky/ros2_ws/install/bumperbot_py_examples:/opt/ros/humble /usr/bin/cmake --install /home/emkorogodsky/ros2_ws/src/build/bumperbot_description
