[0.131s] Invoking command in '/home/emkorogodsky/ros2_ws/src/build/my_robot_interfaces': CMAKE_PREFIX_PATH=${CMAKE_PREFIX_PATH}:/home/emkorogodsky/ros2_ws/install/my_py_pkg:/opt/ros/humble /usr/bin/cmake /home/emkorogodsky/ros2_ws/src/my_robot_interfaces -DCMAKE_INSTALL_PREFIX=/home/emkorogodsky/ros2_ws/src/install/my_robot_interfaces
[0.231s] -- The C compiler identification is GNU 11.4.0
[0.306s] -- The CXX compiler identification is GNU 11.4.0
[0.314s] -- Detecting C compiler ABI info
[0.371s] -- Detecting C compiler ABI info - done
[0.377s] -- Check for working C compiler: /usr/bin/cc - skipped
[0.378s] -- Detecting C compile features
[0.378s] -- Detecting C compile features - done
[0.381s] -- Detecting CXX compiler ABI info
[0.440s] -- Detecting CXX compiler ABI info - done
[0.445s] -- Check for working CXX compiler: /usr/bin/c++ - skipped
[0.446s] -- Detecting CXX compile features
[0.446s] -- Detecting CXX compile features - done
[0.449s] -- Found ament_cmake: 1.3.9 (/opt/ros/humble/share/ament_cmake/cmake)
[0.687s] -- Found Python3: /usr/bin/python3 (found version "3.10.12") found components: Interpreter 
[0.745s] -- Found rosidl_default_generators: 1.2.0 (/opt/ros/humble/share/rosidl_default_generators/cmake)
[0.749s] -- Using all available rosidl_typesupport_c: rosidl_typesupport_fastrtps_c;rosidl_typesupport_introspection_c
[0.754s] -- Found rosidl_adapter: 3.1.5 (/opt/ros/humble/share/rosidl_adapter/cmake)
[0.784s] -- Using all available rosidl_typesupport_cpp: rosidl_typesupport_fastrtps_cpp;rosidl_typesupport_introspection_cpp
[0.988s] -- Found ament_cmake_ros: 0.10.0 (/opt/ros/humble/share/ament_cmake_ros/cmake)
[1.138s] -- Using all available rosidl_typesupport_c: rosidl_typesupport_fastrtps_c;rosidl_typesupport_introspection_c
[1.314s] -- Using all available rosidl_typesupport_cpp: rosidl_typesupport_fastrtps_cpp;rosidl_typesupport_introspection_cpp
[1.333s] -- Found PythonInterp: /usr/bin/python3 (found suitable version "3.10.12", minimum required is "3.6") 
[1.335s] -- Found python_cmake_module: 0.10.0 (/opt/ros/humble/share/python_cmake_module/cmake)
[1.362s] -- Found PythonLibs: /usr/lib/aarch64-linux-gnu/libpython3.10.so (found suitable version "3.10.12", minimum required is "3.5") 
[1.362s] -- Using PYTHON_EXECUTABLE: /usr/bin/python3
[1.362s] -- Using PYTHON_INCLUDE_DIRS: /usr/include/python3.10
[1.362s] -- Using PYTHON_LIBRARIES: /usr/lib/aarch64-linux-gnu/libpython3.10.so
[1.377s] -- Found PythonExtra: .so  
[1.417s] -- Configuring done
[1.442s] -- Generating done
[1.445s] -- Build files have been written to: /home/emkorogodsky/ros2_ws/src/build/my_robot_interfaces
[1.454s] Invoked command in '/home/emkorogodsky/ros2_ws/src/build/my_robot_interfaces' returned '0': CMAKE_PREFIX_PATH=${CMAKE_PREFIX_PATH}:/home/emkorogodsky/ros2_ws/install/my_py_pkg:/opt/ros/humble /usr/bin/cmake /home/emkorogodsky/ros2_ws/src/my_robot_interfaces -DCMAKE_INSTALL_PREFIX=/home/emkorogodsky/ros2_ws/src/install/my_robot_interfaces
[1.455s] Invoking command in '/home/emkorogodsky/ros2_ws/src/build/my_robot_interfaces': CMAKE_PREFIX_PATH=${CMAKE_PREFIX_PATH}:/home/emkorogodsky/ros2_ws/install/my_py_pkg:/opt/ros/humble /usr/bin/cmake --build /home/emkorogodsky/ros2_ws/src/build/my_robot_interfaces -- -j8 -l8
[1.487s] [  1%] [34m[1mGenerating C code for ROS interfaces[0m
[1.494s] [  3%] [34m[1mGenerating C++ code for ROS interfaces[0m
[1.500s] [  3%] Built target ament_cmake_python_copy_my_robot_interfaces
[1.626s] running egg_info
[1.627s] creating my_robot_interfaces.egg-info
[1.635s] writing my_robot_interfaces.egg-info/PKG-INFO
[1.636s] writing dependency_links to my_robot_interfaces.egg-info/dependency_links.txt
[1.636s] writing top-level names to my_robot_interfaces.egg-info/top_level.txt
[1.636s] writing manifest file 'my_robot_interfaces.egg-info/SOURCES.txt'
[1.663s] reading manifest file 'my_robot_interfaces.egg-info/SOURCES.txt'
[1.664s] writing manifest file 'my_robot_interfaces.egg-info/SOURCES.txt'
[1.683s] [  3%] Built target ament_cmake_python_build_my_robot_interfaces_egg
[1.774s] [  3%] Built target my_robot_interfaces__cpp
[1.783s] [  5%] [34m[1mGenerating C++ type support dispatch for ROS interfaces[0m
[1.786s] [  7%] [34m[1mGenerating C++ introspection for ROS interfaces[0m
[1.786s] [  9%] [34m[1mGenerating C++ type support for eProsima Fast-RTPS[0m
[1.797s] [ 10%] [32mBuilding C object CMakeFiles/my_robot_interfaces__rosidl_generator_c.dir/rosidl_generator_c/my_robot_interfaces/msg/detail/hardware_status__functions.c.o[0m
[1.798s] [ 12%] [32mBuilding C object CMakeFiles/my_robot_interfaces__rosidl_generator_c.dir/rosidl_generator_c/my_robot_interfaces/srv/detail/compute_rectangle_area__functions.c.o[0m
[1.801s] [ 14%] [32mBuilding C object CMakeFiles/my_robot_interfaces__rosidl_generator_c.dir/rosidl_generator_c/my_robot_interfaces/msg/detail/led_state__functions.c.o[0m
[1.818s] [ 16%] [32mBuilding C object CMakeFiles/my_robot_interfaces__rosidl_generator_c.dir/rosidl_generator_c/my_robot_interfaces/srv/detail/led_switch__functions.c.o[0m
[1.857s] [ 18%] [32m[1mLinking C shared library libmy_robot_interfaces__rosidl_generator_c.so[0m
[1.879s] [ 18%] Built target my_robot_interfaces__rosidl_generator_c
[1.885s] [ 23%] [34m[1mGenerating C introspection for ROS interfaces[0m
[1.885s] [ 23%] [34m[1mGenerating C type support dispatch for ROS interfaces[0m
[1.885s] [ 23%] [34m[1mGenerating C type support for eProsima Fast-RTPS[0m
[1.983s] [ 25%] [32mBuilding CXX object CMakeFiles/my_robot_interfaces__rosidl_typesupport_cpp.dir/rosidl_typesupport_cpp/my_robot_interfaces/srv/compute_rectangle_area__type_support.cpp.o[0m
[1.984s] [ 27%] [32mBuilding CXX object CMakeFiles/my_robot_interfaces__rosidl_typesupport_cpp.dir/rosidl_typesupport_cpp/my_robot_interfaces/msg/hardware_status__type_support.cpp.o[0m
[1.990s] [ 29%] [32mBuilding CXX object CMakeFiles/my_robot_interfaces__rosidl_typesupport_cpp.dir/rosidl_typesupport_cpp/my_robot_interfaces/msg/led_state__type_support.cpp.o[0m
[2.071s] [ 30%] [32mBuilding CXX object CMakeFiles/my_robot_interfaces__rosidl_typesupport_introspection_cpp.dir/rosidl_typesupport_introspection_cpp/my_robot_interfaces/msg/detail/hardware_status__type_support.cpp.o[0m
[2.084s] [ 32%] [32mBuilding CXX object CMakeFiles/my_robot_interfaces__rosidl_typesupport_fastrtps_cpp.dir/rosidl_typesupport_fastrtps_cpp/my_robot_interfaces/msg/detail/dds_fastrtps/hardware_status__type_support.cpp.o[0m
[2.186s] [ 34%] [32mBuilding CXX object CMakeFiles/my_robot_interfaces__rosidl_typesupport_c.dir/rosidl_typesupport_c/my_robot_interfaces/msg/hardware_status__type_support.cpp.o[0m
[2.200s] [ 36%] [32mBuilding CXX object CMakeFiles/my_robot_interfaces__rosidl_typesupport_fastrtps_c.dir/rosidl_typesupport_fastrtps_c/my_robot_interfaces/msg/detail/hardware_status__type_support_c.cpp.o[0m
[2.202s] [ 38%] [32mBuilding C object CMakeFiles/my_robot_interfaces__rosidl_typesupport_introspection_c.dir/rosidl_typesupport_introspection_c/my_robot_interfaces/msg/detail/hardware_status__type_support.c.o[0m
[2.214s] [ 40%] [32mBuilding CXX object CMakeFiles/my_robot_interfaces__rosidl_typesupport_cpp.dir/rosidl_typesupport_cpp/my_robot_interfaces/srv/led_switch__type_support.cpp.o[0m
[2.225s] [ 41%] [32mBuilding CXX object CMakeFiles/my_robot_interfaces__rosidl_typesupport_fastrtps_c.dir/rosidl_typesupport_fastrtps_c/my_robot_interfaces/srv/detail/compute_rectangle_area__type_support_c.cpp.o[0m
[2.229s] [ 43%] [32mBuilding CXX object CMakeFiles/my_robot_interfaces__rosidl_typesupport_c.dir/rosidl_typesupport_c/my_robot_interfaces/srv/compute_rectangle_area__type_support.cpp.o[0m
[2.234s] [ 45%] [32mBuilding CXX object CMakeFiles/my_robot_interfaces__rosidl_typesupport_fastrtps_c.dir/rosidl_typesupport_fastrtps_c/my_robot_interfaces/msg/detail/led_state__type_support_c.cpp.o[0m
[2.241s] [ 47%] [32mBuilding C object CMakeFiles/my_robot_interfaces__rosidl_typesupport_introspection_c.dir/rosidl_typesupport_introspection_c/my_robot_interfaces/srv/detail/compute_rectangle_area__type_support.c.o[0m
[2.275s] [ 49%] [32mBuilding CXX object CMakeFiles/my_robot_interfaces__rosidl_typesupport_c.dir/rosidl_typesupport_c/my_robot_interfaces/msg/led_state__type_support.cpp.o[0m
[2.287s] [ 50%] [32mBuilding C object CMakeFiles/my_robot_interfaces__rosidl_typesupport_introspection_c.dir/rosidl_typesupport_introspection_c/my_robot_interfaces/msg/detail/led_state__type_support.c.o[0m
[2.370s] [ 52%] [32mBuilding C object CMakeFiles/my_robot_interfaces__rosidl_typesupport_introspection_c.dir/rosidl_typesupport_introspection_c/my_robot_interfaces/srv/detail/led_switch__type_support.c.o[0m
[2.378s] [ 54%] [32mBuilding CXX object CMakeFiles/my_robot_interfaces__rosidl_typesupport_c.dir/rosidl_typesupport_c/my_robot_interfaces/srv/led_switch__type_support.cpp.o[0m
[2.435s] [ 56%] [32m[1mLinking CXX shared library libmy_robot_interfaces__rosidl_typesupport_c.so[0m
[2.437s] [ 58%] [32mBuilding CXX object CMakeFiles/my_robot_interfaces__rosidl_typesupport_introspection_cpp.dir/rosidl_typesupport_introspection_cpp/my_robot_interfaces/srv/detail/compute_rectangle_area__type_support.cpp.o[0m
[2.450s] [ 60%] [32m[1mLinking C shared library libmy_robot_interfaces__rosidl_typesupport_introspection_c.so[0m
[2.456s] [ 61%] [32m[1mLinking CXX shared library libmy_robot_interfaces__rosidl_typesupport_cpp.so[0m
[2.458s] [ 63%] [32mBuilding CXX object CMakeFiles/my_robot_interfaces__rosidl_typesupport_fastrtps_cpp.dir/rosidl_typesupport_fastrtps_cpp/my_robot_interfaces/srv/detail/dds_fastrtps/compute_rectangle_area__type_support.cpp.o[0m
[2.500s] [ 63%] Built target my_robot_interfaces__rosidl_typesupport_cpp
[2.501s] [ 63%] Built target my_robot_interfaces__rosidl_typesupport_c
[2.506s] [ 65%] [32mBuilding CXX object CMakeFiles/my_robot_interfaces__rosidl_typesupport_fastrtps_c.dir/rosidl_typesupport_fastrtps_c/my_robot_interfaces/srv/detail/led_switch__type_support_c.cpp.o[0m
[2.509s] [ 67%] [32mBuilding CXX object CMakeFiles/my_robot_interfaces__rosidl_typesupport_fastrtps_cpp.dir/rosidl_typesupport_fastrtps_cpp/my_robot_interfaces/msg/detail/dds_fastrtps/led_state__type_support.cpp.o[0m
[2.510s] [ 67%] Built target my_robot_interfaces__rosidl_typesupport_introspection_c
[2.516s] [ 69%] [32mBuilding CXX object CMakeFiles/my_robot_interfaces__rosidl_typesupport_introspection_cpp.dir/rosidl_typesupport_introspection_cpp/my_robot_interfaces/srv/detail/led_switch__type_support.cpp.o[0m
[2.518s] [ 72%] [32mBuilding CXX object CMakeFiles/my_robot_interfaces__rosidl_typesupport_introspection_cpp.dir/rosidl_typesupport_introspection_cpp/my_robot_interfaces/msg/detail/led_state__type_support.cpp.o[0m
[2.519s] [ 72%] [32mBuilding CXX object CMakeFiles/my_robot_interfaces__rosidl_typesupport_fastrtps_cpp.dir/rosidl_typesupport_fastrtps_cpp/my_robot_interfaces/srv/detail/dds_fastrtps/led_switch__type_support.cpp.o[0m
[2.805s] [ 74%] [32m[1mLinking CXX shared library libmy_robot_interfaces__rosidl_typesupport_fastrtps_c.so[0m
[2.853s] [ 74%] Built target my_robot_interfaces__rosidl_typesupport_fastrtps_c
[2.866s] [ 76%] [32m[1mLinking CXX shared library libmy_robot_interfaces__rosidl_typesupport_fastrtps_cpp.so[0m
[2.908s] [ 76%] Built target my_robot_interfaces__rosidl_typesupport_fastrtps_cpp
[2.918s] [ 78%] [32m[1mLinking CXX shared library libmy_robot_interfaces__rosidl_typesupport_introspection_cpp.so[0m
[2.956s] [ 78%] Built target my_robot_interfaces__rosidl_typesupport_introspection_cpp
[2.968s] [ 78%] Built target my_robot_interfaces
[2.980s] [ 80%] [34m[1mGenerating Python code for ROS interfaces[0m
[3.381s] [ 80%] Built target my_robot_interfaces__py
[3.396s] [ 83%] [32mBuilding C object CMakeFiles/my_robot_interfaces__rosidl_generator_py.dir/rosidl_generator_py/my_robot_interfaces/msg/_hardware_status_s.c.o[0m
[3.396s] [ 83%] [32mBuilding C object CMakeFiles/my_robot_interfaces__rosidl_generator_py.dir/rosidl_generator_py/my_robot_interfaces/srv/_compute_rectangle_area_s.c.o[0m
[3.396s] [ 87%] [32mBuilding C object CMakeFiles/my_robot_interfaces__rosidl_generator_py.dir/rosidl_generator_py/my_robot_interfaces/msg/_led_state_s.c.o[0m
[3.397s] [ 87%] [32mBuilding C object CMakeFiles/my_robot_interfaces__rosidl_generator_py.dir/rosidl_generator_py/my_robot_interfaces/srv/_led_switch_s.c.o[0m
[3.502s] [ 89%] [32m[1mLinking C shared library rosidl_generator_py/my_robot_interfaces/libmy_robot_interfaces__rosidl_generator_py.so[0m
[3.526s] [ 89%] Built target my_robot_interfaces__rosidl_generator_py
[3.538s] [ 90%] [32mBuilding C object CMakeFiles/my_robot_interfaces__rosidl_typesupport_introspection_c__pyext.dir/rosidl_generator_py/my_robot_interfaces/_my_robot_interfaces_s.ep.rosidl_typesupport_introspection_c.c.o[0m
[3.539s] [ 94%] [32mBuilding C object CMakeFiles/my_robot_interfaces__rosidl_typesupport_fastrtps_c__pyext.dir/rosidl_generator_py/my_robot_interfaces/_my_robot_interfaces_s.ep.rosidl_typesupport_fastrtps_c.c.o[0m
[3.539s] [ 94%] [32mBuilding C object CMakeFiles/my_robot_interfaces__rosidl_typesupport_c__pyext.dir/rosidl_generator_py/my_robot_interfaces/_my_robot_interfaces_s.ep.rosidl_typesupport_c.c.o[0m
[3.609s] [100%] [32m[1mLinking C shared library rosidl_generator_py/my_robot_interfaces/my_robot_interfaces_s__rosidl_typesupport_fastrtps_c.cpython-310-aarch64-linux-gnu.so[0m
[3.609s] [100%] [32m[1mLinking C shared library rosidl_generator_py/my_robot_interfaces/my_robot_interfaces_s__rosidl_typesupport_introspection_c.cpython-310-aarch64-linux-gnu.so[0m
[3.609s] [100%] [32m[1mLinking C shared library rosidl_generator_py/my_robot_interfaces/my_robot_interfaces_s__rosidl_typesupport_c.cpython-310-aarch64-linux-gnu.so[0m
[3.629s] [100%] Built target my_robot_interfaces__rosidl_typesupport_c__pyext
[3.629s] [100%] Built target my_robot_interfaces__rosidl_typesupport_fastrtps_c__pyext
[3.629s] [100%] Built target my_robot_interfaces__rosidl_typesupport_introspection_c__pyext
[3.640s] Invoked command in '/home/emkorogodsky/ros2_ws/src/build/my_robot_interfaces' returned '0': CMAKE_PREFIX_PATH=${CMAKE_PREFIX_PATH}:/home/emkorogodsky/ros2_ws/install/my_py_pkg:/opt/ros/humble /usr/bin/cmake --build /home/emkorogodsky/ros2_ws/src/build/my_robot_interfaces -- -j8 -l8
[3.718s] Invoking command in '/home/emkorogodsky/ros2_ws/src/build/my_robot_interfaces': CMAKE_PREFIX_PATH=${CMAKE_PREFIX_PATH}:/home/emkorogodsky/ros2_ws/install/my_py_pkg:/opt/ros/humble /usr/bin/cmake --install /home/emkorogodsky/ros2_ws/src/build/my_robot_interfaces
[3.722s] -- Install configuration: ""
[3.722s] -- Installing: /home/emkorogodsky/ros2_ws/src/install/my_robot_interfaces/share/ament_index/resource_index/rosidl_interfaces/my_robot_interfaces
[3.722s] -- Installing: /home/emkorogodsky/ros2_ws/src/install/my_robot_interfaces/include/my_robot_interfaces/my_robot_interfaces
[3.723s] -- Installing: /home/emkorogodsky/ros2_ws/src/install/my_robot_interfaces/include/my_robot_interfaces/my_robot_interfaces/srv
[3.723s] -- Installing: /home/emkorogodsky/ros2_ws/src/install/my_robot_interfaces/include/my_robot_interfaces/my_robot_interfaces/srv/detail
[3.723s] -- Installing: /home/emkorogodsky/ros2_ws/src/install/my_robot_interfaces/include/my_robot_interfaces/my_robot_interfaces/srv/detail/compute_rectangle_area__type_support.h
[3.723s] -- Installing: /home/emkorogodsky/ros2_ws/src/install/my_robot_interfaces/include/my_robot_interfaces/my_robot_interfaces/srv/detail/compute_rectangle_area__struct.h
[3.723s] -- Installing: /home/emkorogodsky/ros2_ws/src/install/my_robot_interfaces/include/my_robot_interfaces/my_robot_interfaces/srv/detail/led_switch__functions.h
[3.723s] -- Installing: /home/emkorogodsky/ros2_ws/src/install/my_robot_interfaces/include/my_robot_interfaces/my_robot_interfaces/srv/detail/compute_rectangle_area__functions.c
[3.723s] -- Installing: /home/emkorogodsky/ros2_ws/src/install/my_robot_interfaces/include/my_robot_interfaces/my_robot_interfaces/srv/detail/led_switch__type_support.h
[3.723s] -- Installing: /home/emkorogodsky/ros2_ws/src/install/my_robot_interfaces/include/my_robot_interfaces/my_robot_interfaces/srv/detail/compute_rectangle_area__functions.h
[3.724s] -- Installing: /home/emkorogodsky/ros2_ws/src/install/my_robot_interfaces/include/my_robot_interfaces/my_robot_interfaces/srv/detail/led_switch__functions.c
[3.724s] -- Installing: /home/emkorogodsky/ros2_ws/src/install/my_robot_interfaces/include/my_robot_interfaces/my_robot_interfaces/srv/detail/led_switch__struct.h
[3.724s] -- Installing: /home/emkorogodsky/ros2_ws/src/install/my_robot_interfaces/include/my_robot_interfaces/my_robot_interfaces/srv/compute_rectangle_area.h
[3.724s] -- Installing: /home/emkorogodsky/ros2_ws/src/install/my_robot_interfaces/include/my_robot_interfaces/my_robot_interfaces/srv/led_switch.h
[3.724s] -- Installing: /home/emkorogodsky/ros2_ws/src/install/my_robot_interfaces/include/my_robot_interfaces/my_robot_interfaces/msg
[3.724s] -- Installing: /home/emkorogodsky/ros2_ws/src/install/my_robot_interfaces/include/my_robot_interfaces/my_robot_interfaces/msg/hardware_status.h
[3.724s] -- Installing: /home/emkorogodsky/ros2_ws/src/install/my_robot_interfaces/include/my_robot_interfaces/my_robot_interfaces/msg/rosidl_generator_c__visibility_control.h
[3.724s] -- Installing: /home/emkorogodsky/ros2_ws/src/install/my_robot_interfaces/include/my_robot_interfaces/my_robot_interfaces/msg/detail
[3.724s] -- Installing: /home/emkorogodsky/ros2_ws/src/install/my_robot_interfaces/include/my_robot_interfaces/my_robot_interfaces/msg/detail/led_state__functions.h
[3.724s] -- Installing: /home/emkorogodsky/ros2_ws/src/install/my_robot_interfaces/include/my_robot_interfaces/my_robot_interfaces/msg/detail/led_state__functions.c
[3.724s] -- Installing: /home/emkorogodsky/ros2_ws/src/install/my_robot_interfaces/include/my_robot_interfaces/my_robot_interfaces/msg/detail/hardware_status__functions.h
[3.724s] -- Installing: /home/emkorogodsky/ros2_ws/src/install/my_robot_interfaces/include/my_robot_interfaces/my_robot_interfaces/msg/detail/hardware_status__functions.c
[3.724s] -- Installing: /home/emkorogodsky/ros2_ws/src/install/my_robot_interfaces/include/my_robot_interfaces/my_robot_interfaces/msg/detail/hardware_status__type_support.h
[3.724s] -- Installing: /home/emkorogodsky/ros2_ws/src/install/my_robot_interfaces/include/my_robot_interfaces/my_robot_interfaces/msg/detail/hardware_status__struct.h
[3.724s] -- Installing: /home/emkorogodsky/ros2_ws/src/install/my_robot_interfaces/include/my_robot_interfaces/my_robot_interfaces/msg/detail/led_state__type_support.h
[3.725s] -- Installing: /home/emkorogodsky/ros2_ws/src/install/my_robot_interfaces/include/my_robot_interfaces/my_robot_interfaces/msg/detail/led_state__struct.h
[3.725s] -- Installing: /home/emkorogodsky/ros2_ws/src/install/my_robot_interfaces/include/my_robot_interfaces/my_robot_interfaces/msg/led_state.h
[3.725s] -- Installing: /home/emkorogodsky/ros2_ws/src/install/my_robot_interfaces/share/my_robot_interfaces/environment/library_path.sh
[3.725s] -- Installing: /home/emkorogodsky/ros2_ws/src/install/my_robot_interfaces/share/my_robot_interfaces/environment/library_path.dsv
[3.725s] -- Installing: /home/emkorogodsky/ros2_ws/src/install/my_robot_interfaces/lib/libmy_robot_interfaces__rosidl_generator_c.so
[3.726s] -- Set runtime path of "/home/emkorogodsky/ros2_ws/src/install/my_robot_interfaces/lib/libmy_robot_interfaces__rosidl_generator_c.so" to ""
[3.726s] -- Up-to-date: /home/emkorogodsky/ros2_ws/src/install/my_robot_interfaces/include/my_robot_interfaces/my_robot_interfaces
[3.726s] -- Up-to-date: /home/emkorogodsky/ros2_ws/src/install/my_robot_interfaces/include/my_robot_interfaces/my_robot_interfaces/srv
[3.726s] -- Up-to-date: /home/emkorogodsky/ros2_ws/src/install/my_robot_interfaces/include/my_robot_interfaces/my_robot_interfaces/srv/detail
[3.726s] -- Installing: /home/emkorogodsky/ros2_ws/src/install/my_robot_interfaces/include/my_robot_interfaces/my_robot_interfaces/srv/detail/led_switch__rosidl_typesupport_fastrtps_c.h
[3.726s] -- Installing: /home/emkorogodsky/ros2_ws/src/install/my_robot_interfaces/include/my_robot_interfaces/my_robot_interfaces/srv/detail/compute_rectangle_area__rosidl_typesupport_fastrtps_c.h
[3.726s] -- Up-to-date: /home/emkorogodsky/ros2_ws/src/install/my_robot_interfaces/include/my_robot_interfaces/my_robot_interfaces/msg
[3.726s] -- Installing: /home/emkorogodsky/ros2_ws/src/install/my_robot_interfaces/include/my_robot_interfaces/my_robot_interfaces/msg/rosidl_typesupport_fastrtps_c__visibility_control.h
[3.726s] -- Up-to-date: /home/emkorogodsky/ros2_ws/src/install/my_robot_interfaces/include/my_robot_interfaces/my_robot_interfaces/msg/detail
[3.726s] -- Installing: /home/emkorogodsky/ros2_ws/src/install/my_robot_interfaces/include/my_robot_interfaces/my_robot_interfaces/msg/detail/led_state__rosidl_typesupport_fastrtps_c.h
[3.726s] -- Installing: /home/emkorogodsky/ros2_ws/src/install/my_robot_interfaces/include/my_robot_interfaces/my_robot_interfaces/msg/detail/hardware_status__rosidl_typesupport_fastrtps_c.h
[3.727s] -- Installing: /home/emkorogodsky/ros2_ws/src/install/my_robot_interfaces/lib/libmy_robot_interfaces__rosidl_typesupport_fastrtps_c.so
[3.727s] -- Set runtime path of "/home/emkorogodsky/ros2_ws/src/install/my_robot_interfaces/lib/libmy_robot_interfaces__rosidl_typesupport_fastrtps_c.so" to ""
[3.727s] -- Up-to-date: /home/emkorogodsky/ros2_ws/src/install/my_robot_interfaces/include/my_robot_interfaces/my_robot_interfaces
[3.727s] -- Up-to-date: /home/emkorogodsky/ros2_ws/src/install/my_robot_interfaces/include/my_robot_interfaces/my_robot_interfaces/srv
[3.727s] -- Up-to-date: /home/emkorogodsky/ros2_ws/src/install/my_robot_interfaces/include/my_robot_interfaces/my_robot_interfaces/srv/detail
[3.727s] -- Installing: /home/emkorogodsky/ros2_ws/src/install/my_robot_interfaces/include/my_robot_interfaces/my_robot_interfaces/srv/detail/compute_rectangle_area__rosidl_typesupport_introspection_c.h
[3.727s] -- Installing: /home/emkorogodsky/ros2_ws/src/install/my_robot_interfaces/include/my_robot_interfaces/my_robot_interfaces/srv/detail/compute_rectangle_area__type_support.c
[3.727s] -- Installing: /home/emkorogodsky/ros2_ws/src/install/my_robot_interfaces/include/my_robot_interfaces/my_robot_interfaces/srv/detail/led_switch__rosidl_typesupport_introspection_c.h
[3.727s] -- Installing: /home/emkorogodsky/ros2_ws/src/install/my_robot_interfaces/include/my_robot_interfaces/my_robot_interfaces/srv/detail/led_switch__type_support.c
[3.728s] -- Up-to-date: /home/emkorogodsky/ros2_ws/src/install/my_robot_interfaces/include/my_robot_interfaces/my_robot_interfaces/msg
[3.728s] -- Up-to-date: /home/emkorogodsky/ros2_ws/src/install/my_robot_interfaces/include/my_robot_interfaces/my_robot_interfaces/msg/detail
[3.728s] -- Installing: /home/emkorogodsky/ros2_ws/src/install/my_robot_interfaces/include/my_robot_interfaces/my_robot_interfaces/msg/detail/led_state__rosidl_typesupport_introspection_c.h
[3.728s] -- Installing: /home/emkorogodsky/ros2_ws/src/install/my_robot_interfaces/include/my_robot_interfaces/my_robot_interfaces/msg/detail/hardware_status__type_support.c
[3.728s] -- Installing: /home/emkorogodsky/ros2_ws/src/install/my_robot_interfaces/include/my_robot_interfaces/my_robot_interfaces/msg/detail/hardware_status__rosidl_typesupport_introspection_c.h
[3.728s] -- Installing: /home/emkorogodsky/ros2_ws/src/install/my_robot_interfaces/include/my_robot_interfaces/my_robot_interfaces/msg/detail/led_state__type_support.c
[3.728s] -- Installing: /home/emkorogodsky/ros2_ws/src/install/my_robot_interfaces/include/my_robot_interfaces/my_robot_interfaces/msg/rosidl_typesupport_introspection_c__visibility_control.h
[3.728s] -- Installing: /home/emkorogodsky/ros2_ws/src/install/my_robot_interfaces/lib/libmy_robot_interfaces__rosidl_typesupport_introspection_c.so
[3.728s] -- Set runtime path of "/home/emkorogodsky/ros2_ws/src/install/my_robot_interfaces/lib/libmy_robot_interfaces__rosidl_typesupport_introspection_c.so" to ""
[3.728s] -- Installing: /home/emkorogodsky/ros2_ws/src/install/my_robot_interfaces/lib/libmy_robot_interfaces__rosidl_typesupport_c.so
[3.728s] -- Set runtime path of "/home/emkorogodsky/ros2_ws/src/install/my_robot_interfaces/lib/libmy_robot_interfaces__rosidl_typesupport_c.so" to ""
[3.728s] -- Up-to-date: /home/emkorogodsky/ros2_ws/src/install/my_robot_interfaces/include/my_robot_interfaces/my_robot_interfaces
[3.728s] -- Up-to-date: /home/emkorogodsky/ros2_ws/src/install/my_robot_interfaces/include/my_robot_interfaces/my_robot_interfaces/srv
[3.728s] -- Up-to-date: /home/emkorogodsky/ros2_ws/src/install/my_robot_interfaces/include/my_robot_interfaces/my_robot_interfaces/srv/detail
[3.728s] -- Installing: /home/emkorogodsky/ros2_ws/src/install/my_robot_interfaces/include/my_robot_interfaces/my_robot_interfaces/srv/detail/led_switch__struct.hpp
[3.728s] -- Installing: /home/emkorogodsky/ros2_ws/src/install/my_robot_interfaces/include/my_robot_interfaces/my_robot_interfaces/srv/detail/led_switch__builder.hpp
[3.728s] -- Installing: /home/emkorogodsky/ros2_ws/src/install/my_robot_interfaces/include/my_robot_interfaces/my_robot_interfaces/srv/detail/compute_rectangle_area__struct.hpp
[3.728s] -- Installing: /home/emkorogodsky/ros2_ws/src/install/my_robot_interfaces/include/my_robot_interfaces/my_robot_interfaces/srv/detail/led_switch__traits.hpp
[3.729s] -- Installing: /home/emkorogodsky/ros2_ws/src/install/my_robot_interfaces/include/my_robot_interfaces/my_robot_interfaces/srv/detail/compute_rectangle_area__builder.hpp
[3.729s] -- Installing: /home/emkorogodsky/ros2_ws/src/install/my_robot_interfaces/include/my_robot_interfaces/my_robot_interfaces/srv/detail/compute_rectangle_area__traits.hpp
[3.729s] -- Installing: /home/emkorogodsky/ros2_ws/src/install/my_robot_interfaces/include/my_robot_interfaces/my_robot_interfaces/srv/compute_rectangle_area.hpp
[3.729s] -- Installing: /home/emkorogodsky/ros2_ws/src/install/my_robot_interfaces/include/my_robot_interfaces/my_robot_interfaces/srv/led_switch.hpp
[3.729s] -- Up-to-date: /home/emkorogodsky/ros2_ws/src/install/my_robot_interfaces/include/my_robot_interfaces/my_robot_interfaces/msg
[3.729s] -- Installing: /home/emkorogodsky/ros2_ws/src/install/my_robot_interfaces/include/my_robot_interfaces/my_robot_interfaces/msg/led_state.hpp
[3.729s] -- Up-to-date: /home/emkorogodsky/ros2_ws/src/install/my_robot_interfaces/include/my_robot_interfaces/my_robot_interfaces/msg/detail
[3.729s] -- Installing: /home/emkorogodsky/ros2_ws/src/install/my_robot_interfaces/include/my_robot_interfaces/my_robot_interfaces/msg/detail/hardware_status__builder.hpp
[3.729s] -- Installing: /home/emkorogodsky/ros2_ws/src/install/my_robot_interfaces/include/my_robot_interfaces/my_robot_interfaces/msg/detail/led_state__struct.hpp
[3.729s] -- Installing: /home/emkorogodsky/ros2_ws/src/install/my_robot_interfaces/include/my_robot_interfaces/my_robot_interfaces/msg/detail/hardware_status__traits.hpp
[3.729s] -- Installing: /home/emkorogodsky/ros2_ws/src/install/my_robot_interfaces/include/my_robot_interfaces/my_robot_interfaces/msg/detail/led_state__builder.hpp
[3.729s] -- Installing: /home/emkorogodsky/ros2_ws/src/install/my_robot_interfaces/include/my_robot_interfaces/my_robot_interfaces/msg/detail/hardware_status__struct.hpp
[3.729s] -- Installing: /home/emkorogodsky/ros2_ws/src/install/my_robot_interfaces/include/my_robot_interfaces/my_robot_interfaces/msg/detail/led_state__traits.hpp
[3.729s] -- Installing: /home/emkorogodsky/ros2_ws/src/install/my_robot_interfaces/include/my_robot_interfaces/my_robot_interfaces/msg/hardware_status.hpp
[3.729s] -- Up-to-date: /home/emkorogodsky/ros2_ws/src/install/my_robot_interfaces/include/my_robot_interfaces/my_robot_interfaces
[3.729s] -- Up-to-date: /home/emkorogodsky/ros2_ws/src/install/my_robot_interfaces/include/my_robot_interfaces/my_robot_interfaces/srv
[3.730s] -- Up-to-date: /home/emkorogodsky/ros2_ws/src/install/my_robot_interfaces/include/my_robot_interfaces/my_robot_interfaces/srv/detail
[3.730s] -- Installing: /home/emkorogodsky/ros2_ws/src/install/my_robot_interfaces/include/my_robot_interfaces/my_robot_interfaces/srv/detail/dds_fastrtps
[3.730s] -- Installing: /home/emkorogodsky/ros2_ws/src/install/my_robot_interfaces/include/my_robot_interfaces/my_robot_interfaces/srv/detail/led_switch__rosidl_typesupport_fastrtps_cpp.hpp
[3.730s] -- Installing: /home/emkorogodsky/ros2_ws/src/install/my_robot_interfaces/include/my_robot_interfaces/my_robot_interfaces/srv/detail/compute_rectangle_area__rosidl_typesupport_fastrtps_cpp.hpp
[3.730s] -- Up-to-date: /home/emkorogodsky/ros2_ws/src/install/my_robot_interfaces/include/my_robot_interfaces/my_robot_interfaces/msg
[3.730s] -- Up-to-date: /home/emkorogodsky/ros2_ws/src/install/my_robot_interfaces/include/my_robot_interfaces/my_robot_interfaces/msg/detail
[3.730s] -- Installing: /home/emkorogodsky/ros2_ws/src/install/my_robot_interfaces/include/my_robot_interfaces/my_robot_interfaces/msg/detail/dds_fastrtps
[3.730s] -- Installing: /home/emkorogodsky/ros2_ws/src/install/my_robot_interfaces/include/my_robot_interfaces/my_robot_interfaces/msg/detail/hardware_status__rosidl_typesupport_fastrtps_cpp.hpp
[3.730s] -- Installing: /home/emkorogodsky/ros2_ws/src/install/my_robot_interfaces/include/my_robot_interfaces/my_robot_interfaces/msg/detail/led_state__rosidl_typesupport_fastrtps_cpp.hpp
[3.730s] -- Installing: /home/emkorogodsky/ros2_ws/src/install/my_robot_interfaces/include/my_robot_interfaces/my_robot_interfaces/msg/rosidl_typesupport_fastrtps_cpp__visibility_control.h
[3.730s] -- Installing: /home/emkorogodsky/ros2_ws/src/install/my_robot_interfaces/lib/libmy_robot_interfaces__rosidl_typesupport_fastrtps_cpp.so
[3.730s] -- Set runtime path of "/home/emkorogodsky/ros2_ws/src/install/my_robot_interfaces/lib/libmy_robot_interfaces__rosidl_typesupport_fastrtps_cpp.so" to ""
[3.730s] -- Up-to-date: /home/emkorogodsky/ros2_ws/src/install/my_robot_interfaces/include/my_robot_interfaces/my_robot_interfaces
[3.730s] -- Up-to-date: /home/emkorogodsky/ros2_ws/src/install/my_robot_interfaces/include/my_robot_interfaces/my_robot_interfaces/srv
[3.730s] -- Up-to-date: /home/emkorogodsky/ros2_ws/src/install/my_robot_interfaces/include/my_robot_interfaces/my_robot_interfaces/srv/detail
[3.730s] -- Installing: /home/emkorogodsky/ros2_ws/src/install/my_robot_interfaces/include/my_robot_interfaces/my_robot_interfaces/srv/detail/led_switch__type_support.cpp
[3.731s] -- Installing: /home/emkorogodsky/ros2_ws/src/install/my_robot_interfaces/include/my_robot_interfaces/my_robot_interfaces/srv/detail/compute_rectangle_area__type_support.cpp
[3.731s] -- Installing: /home/emkorogodsky/ros2_ws/src/install/my_robot_interfaces/include/my_robot_interfaces/my_robot_interfaces/srv/detail/compute_rectangle_area__rosidl_typesupport_introspection_cpp.hpp
[3.731s] -- Installing: /home/emkorogodsky/ros2_ws/src/install/my_robot_interfaces/include/my_robot_interfaces/my_robot_interfaces/srv/detail/led_switch__rosidl_typesupport_introspection_cpp.hpp
[3.731s] -- Up-to-date: /home/emkorogodsky/ros2_ws/src/install/my_robot_interfaces/include/my_robot_interfaces/my_robot_interfaces/msg
[3.731s] -- Up-to-date: /home/emkorogodsky/ros2_ws/src/install/my_robot_interfaces/include/my_robot_interfaces/my_robot_interfaces/msg/detail
[3.731s] -- Installing: /home/emkorogodsky/ros2_ws/src/install/my_robot_interfaces/include/my_robot_interfaces/my_robot_interfaces/msg/detail/hardware_status__type_support.cpp
[3.731s] -- Installing: /home/emkorogodsky/ros2_ws/src/install/my_robot_interfaces/include/my_robot_interfaces/my_robot_interfaces/msg/detail/led_state__type_support.cpp
[3.731s] -- Installing: /home/emkorogodsky/ros2_ws/src/install/my_robot_interfaces/include/my_robot_interfaces/my_robot_interfaces/msg/detail/hardware_status__rosidl_typesupport_introspection_cpp.hpp
[3.731s] -- Installing: /home/emkorogodsky/ros2_ws/src/install/my_robot_interfaces/include/my_robot_interfaces/my_robot_interfaces/msg/detail/led_state__rosidl_typesupport_introspection_cpp.hpp
[3.731s] -- Installing: /home/emkorogodsky/ros2_ws/src/install/my_robot_interfaces/lib/libmy_robot_interfaces__rosidl_typesupport_introspection_cpp.so
[3.731s] -- Set runtime path of "/home/emkorogodsky/ros2_ws/src/install/my_robot_interfaces/lib/libmy_robot_interfaces__rosidl_typesupport_introspection_cpp.so" to ""
[3.731s] -- Installing: /home/emkorogodsky/ros2_ws/src/install/my_robot_interfaces/lib/libmy_robot_interfaces__rosidl_typesupport_cpp.so
[3.731s] -- Set runtime path of "/home/emkorogodsky/ros2_ws/src/install/my_robot_interfaces/lib/libmy_robot_interfaces__rosidl_typesupport_cpp.so" to ""
[3.731s] -- Installing: /home/emkorogodsky/ros2_ws/src/install/my_robot_interfaces/share/my_robot_interfaces/environment/pythonpath.sh
[3.731s] -- Installing: /home/emkorogodsky/ros2_ws/src/install/my_robot_interfaces/share/my_robot_interfaces/environment/pythonpath.dsv
[3.732s] -- Installing: /home/emkorogodsky/ros2_ws/src/install/my_robot_interfaces/local/lib/python3.10/dist-packages/my_robot_interfaces-0.0.0-py3.10.egg-info
[3.732s] -- Installing: /home/emkorogodsky/ros2_ws/src/install/my_robot_interfaces/local/lib/python3.10/dist-packages/my_robot_interfaces-0.0.0-py3.10.egg-info/PKG-INFO
[3.732s] -- Installing: /home/emkorogodsky/ros2_ws/src/install/my_robot_interfaces/local/lib/python3.10/dist-packages/my_robot_interfaces-0.0.0-py3.10.egg-info/SOURCES.txt
[3.732s] -- Installing: /home/emkorogodsky/ros2_ws/src/install/my_robot_interfaces/local/lib/python3.10/dist-packages/my_robot_interfaces-0.0.0-py3.10.egg-info/dependency_links.txt
[3.732s] -- Installing: /home/emkorogodsky/ros2_ws/src/install/my_robot_interfaces/local/lib/python3.10/dist-packages/my_robot_interfaces-0.0.0-py3.10.egg-info/top_level.txt
[3.732s] -- Installing: /home/emkorogodsky/ros2_ws/src/install/my_robot_interfaces/local/lib/python3.10/dist-packages/my_robot_interfaces
[3.732s] -- Installing: /home/emkorogodsky/ros2_ws/src/install/my_robot_interfaces/local/lib/python3.10/dist-packages/my_robot_interfaces/srv
[3.732s] -- Installing: /home/emkorogodsky/ros2_ws/src/install/my_robot_interfaces/local/lib/python3.10/dist-packages/my_robot_interfaces/srv/_compute_rectangle_area_s.c
[3.732s] -- Installing: /home/emkorogodsky/ros2_ws/src/install/my_robot_interfaces/local/lib/python3.10/dist-packages/my_robot_interfaces/srv/__init__.py
[3.732s] -- Installing: /home/emkorogodsky/ros2_ws/src/install/my_robot_interfaces/local/lib/python3.10/dist-packages/my_robot_interfaces/srv/_led_switch.py
[3.732s] -- Installing: /home/emkorogodsky/ros2_ws/src/install/my_robot_interfaces/local/lib/python3.10/dist-packages/my_robot_interfaces/srv/_compute_rectangle_area.py
[3.733s] -- Installing: /home/emkorogodsky/ros2_ws/src/install/my_robot_interfaces/local/lib/python3.10/dist-packages/my_robot_interfaces/srv/_led_switch_s.c
[3.733s] -- Installing: /home/emkorogodsky/ros2_ws/src/install/my_robot_interfaces/local/lib/python3.10/dist-packages/my_robot_interfaces/__init__.py
[3.733s] -- Installing: /home/emkorogodsky/ros2_ws/src/install/my_robot_interfaces/local/lib/python3.10/dist-packages/my_robot_interfaces/my_robot_interfaces_s__rosidl_typesupport_fastrtps_c.cpython-310-aarch64-linux-gnu.so
[3.733s] -- Installing: /home/emkorogodsky/ros2_ws/src/install/my_robot_interfaces/local/lib/python3.10/dist-packages/my_robot_interfaces/msg
[3.733s] -- Installing: /home/emkorogodsky/ros2_ws/src/install/my_robot_interfaces/local/lib/python3.10/dist-packages/my_robot_interfaces/msg/__init__.py
[3.733s] -- Installing: /home/emkorogodsky/ros2_ws/src/install/my_robot_interfaces/local/lib/python3.10/dist-packages/my_robot_interfaces/msg/_led_state.py
[3.733s] -- Installing: /home/emkorogodsky/ros2_ws/src/install/my_robot_interfaces/local/lib/python3.10/dist-packages/my_robot_interfaces/msg/_hardware_status_s.c
[3.733s] -- Installing: /home/emkorogodsky/ros2_ws/src/install/my_robot_interfaces/local/lib/python3.10/dist-packages/my_robot_interfaces/msg/_led_state_s.c
[3.733s] -- Installing: /home/emkorogodsky/ros2_ws/src/install/my_robot_interfaces/local/lib/python3.10/dist-packages/my_robot_interfaces/msg/_hardware_status.py
[3.733s] -- Installing: /home/emkorogodsky/ros2_ws/src/install/my_robot_interfaces/local/lib/python3.10/dist-packages/my_robot_interfaces/libmy_robot_interfaces__rosidl_generator_py.so
[3.733s] -- Installing: /home/emkorogodsky/ros2_ws/src/install/my_robot_interfaces/local/lib/python3.10/dist-packages/my_robot_interfaces/my_robot_interfaces_s__rosidl_typesupport_introspection_c.cpython-310-aarch64-linux-gnu.so
[3.734s] -- Installing: /home/emkorogodsky/ros2_ws/src/install/my_robot_interfaces/local/lib/python3.10/dist-packages/my_robot_interfaces/_my_robot_interfaces_s.ep.rosidl_typesupport_c.c
[3.734s] -- Installing: /home/emkorogodsky/ros2_ws/src/install/my_robot_interfaces/local/lib/python3.10/dist-packages/my_robot_interfaces/_my_robot_interfaces_s.ep.rosidl_typesupport_introspection_c.c
[3.734s] -- Installing: /home/emkorogodsky/ros2_ws/src/install/my_robot_interfaces/local/lib/python3.10/dist-packages/my_robot_interfaces/my_robot_interfaces_s__rosidl_typesupport_c.cpython-310-aarch64-linux-gnu.so
[3.734s] -- Installing: /home/emkorogodsky/ros2_ws/src/install/my_robot_interfaces/local/lib/python3.10/dist-packages/my_robot_interfaces/_my_robot_interfaces_s.ep.rosidl_typesupport_fastrtps_c.c
[3.758s] Listing '/home/emkorogodsky/ros2_ws/src/install/my_robot_interfaces/local/lib/python3.10/dist-packages/my_robot_interfaces'...
[3.758s] Compiling '/home/emkorogodsky/ros2_ws/src/install/my_robot_interfaces/local/lib/python3.10/dist-packages/my_robot_interfaces/__init__.py'...
[3.758s] Listing '/home/emkorogodsky/ros2_ws/src/install/my_robot_interfaces/local/lib/python3.10/dist-packages/my_robot_interfaces/msg'...
[3.758s] Compiling '/home/emkorogodsky/ros2_ws/src/install/my_robot_interfaces/local/lib/python3.10/dist-packages/my_robot_interfaces/msg/__init__.py'...
[3.758s] Compiling '/home/emkorogodsky/ros2_ws/src/install/my_robot_interfaces/local/lib/python3.10/dist-packages/my_robot_interfaces/msg/_hardware_status.py'...
[3.758s] Compiling '/home/emkorogodsky/ros2_ws/src/install/my_robot_interfaces/local/lib/python3.10/dist-packages/my_robot_interfaces/msg/_led_state.py'...
[3.758s] Listing '/home/emkorogodsky/ros2_ws/src/install/my_robot_interfaces/local/lib/python3.10/dist-packages/my_robot_interfaces/srv'...
[3.758s] Compiling '/home/emkorogodsky/ros2_ws/src/install/my_robot_interfaces/local/lib/python3.10/dist-packages/my_robot_interfaces/srv/__init__.py'...
[3.758s] Compiling '/home/emkorogodsky/ros2_ws/src/install/my_robot_interfaces/local/lib/python3.10/dist-packages/my_robot_interfaces/srv/_compute_rectangle_area.py'...
[3.758s] Compiling '/home/emkorogodsky/ros2_ws/src/install/my_robot_interfaces/local/lib/python3.10/dist-packages/my_robot_interfaces/srv/_led_switch.py'...
[3.761s] -- Installing: /home/emkorogodsky/ros2_ws/src/install/my_robot_interfaces/local/lib/python3.10/dist-packages/my_robot_interfaces/my_robot_interfaces_s__rosidl_typesupport_fastrtps_c.cpython-310-aarch64-linux-gnu.so
[3.762s] -- Set runtime path of "/home/emkorogodsky/ros2_ws/src/install/my_robot_interfaces/local/lib/python3.10/dist-packages/my_robot_interfaces/my_robot_interfaces_s__rosidl_typesupport_fastrtps_c.cpython-310-aarch64-linux-gnu.so" to ""
[3.762s] -- Installing: /home/emkorogodsky/ros2_ws/src/install/my_robot_interfaces/local/lib/python3.10/dist-packages/my_robot_interfaces/my_robot_interfaces_s__rosidl_typesupport_introspection_c.cpython-310-aarch64-linux-gnu.so
[3.762s] -- Set runtime path of "/home/emkorogodsky/ros2_ws/src/install/my_robot_interfaces/local/lib/python3.10/dist-packages/my_robot_interfaces/my_robot_interfaces_s__rosidl_typesupport_introspection_c.cpython-310-aarch64-linux-gnu.so" to ""
[3.762s] -- Installing: /home/emkorogodsky/ros2_ws/src/install/my_robot_interfaces/local/lib/python3.10/dist-packages/my_robot_interfaces/my_robot_interfaces_s__rosidl_typesupport_c.cpython-310-aarch64-linux-gnu.so
[3.762s] -- Set runtime path of "/home/emkorogodsky/ros2_ws/src/install/my_robot_interfaces/local/lib/python3.10/dist-packages/my_robot_interfaces/my_robot_interfaces_s__rosidl_typesupport_c.cpython-310-aarch64-linux-gnu.so" to ""
[3.762s] -- Installing: /home/emkorogodsky/ros2_ws/src/install/my_robot_interfaces/lib/libmy_robot_interfaces__rosidl_generator_py.so
[3.763s] -- Set runtime path of "/home/emkorogodsky/ros2_ws/src/install/my_robot_interfaces/lib/libmy_robot_interfaces__rosidl_generator_py.so" to ""
[3.763s] -- Installing: /home/emkorogodsky/ros2_ws/src/install/my_robot_interfaces/share/my_robot_interfaces/msg/HardwareStatus.idl
[3.763s] -- Installing: /home/emkorogodsky/ros2_ws/src/install/my_robot_interfaces/share/my_robot_interfaces/srv/ComputeRectangleArea.idl
[3.763s] -- Installing: /home/emkorogodsky/ros2_ws/src/install/my_robot_interfaces/share/my_robot_interfaces/msg/LedState.idl
[3.764s] -- Installing: /home/emkorogodsky/ros2_ws/src/install/my_robot_interfaces/share/my_robot_interfaces/srv/LedSwitch.idl
[3.764s] -- Installing: /home/emkorogodsky/ros2_ws/src/install/my_robot_interfaces/share/my_robot_interfaces/msg/HardwareStatus.msg
[3.764s] -- Installing: /home/emkorogodsky/ros2_ws/src/install/my_robot_interfaces/share/my_robot_interfaces/srv/ComputeRectangleArea.srv
[3.764s] -- Installing: /home/emkorogodsky/ros2_ws/src/install/my_robot_interfaces/share/my_robot_interfaces/srv/ComputeRectangleArea_Request.msg
[3.764s] -- Installing: /home/emkorogodsky/ros2_ws/src/install/my_robot_interfaces/share/my_robot_interfaces/srv/ComputeRectangleArea_Response.msg
[3.764s] -- Installing: /home/emkorogodsky/ros2_ws/src/install/my_robot_interfaces/share/my_robot_interfaces/msg/LedState.msg
[3.764s] -- Installing: /home/emkorogodsky/ros2_ws/src/install/my_robot_interfaces/share/my_robot_interfaces/srv/LedSwitch.srv
[3.764s] -- Installing: /home/emkorogodsky/ros2_ws/src/install/my_robot_interfaces/share/my_robot_interfaces/srv/LedSwitch_Request.msg
[3.764s] -- Installing: /home/emkorogodsky/ros2_ws/src/install/my_robot_interfaces/share/my_robot_interfaces/srv/LedSwitch_Response.msg
[3.764s] -- Installing: /home/emkorogodsky/ros2_ws/src/install/my_robot_interfaces/share/ament_index/resource_index/package_run_dependencies/my_robot_interfaces
[3.764s] -- Installing: /home/emkorogodsky/ros2_ws/src/install/my_robot_interfaces/share/ament_index/resource_index/parent_prefix_path/my_robot_interfaces
[3.764s] -- Installing: /home/emkorogodsky/ros2_ws/src/install/my_robot_interfaces/share/my_robot_interfaces/environment/ament_prefix_path.sh
[3.764s] -- Installing: /home/emkorogodsky/ros2_ws/src/install/my_robot_interfaces/share/my_robot_interfaces/environment/ament_prefix_path.dsv
[3.765s] -- Installing: /home/emkorogodsky/ros2_ws/src/install/my_robot_interfaces/share/my_robot_interfaces/environment/path.sh
[3.765s] -- Installing: /home/emkorogodsky/ros2_ws/src/install/my_robot_interfaces/share/my_robot_interfaces/environment/path.dsv
[3.765s] -- Installing: /home/emkorogodsky/ros2_ws/src/install/my_robot_interfaces/share/my_robot_interfaces/local_setup.bash
[3.765s] -- Installing: /home/emkorogodsky/ros2_ws/src/install/my_robot_interfaces/share/my_robot_interfaces/local_setup.sh
[3.765s] -- Installing: /home/emkorogodsky/ros2_ws/src/install/my_robot_interfaces/share/my_robot_interfaces/local_setup.zsh
[3.765s] -- Installing: /home/emkorogodsky/ros2_ws/src/install/my_robot_interfaces/share/my_robot_interfaces/local_setup.dsv
[3.765s] -- Installing: /home/emkorogodsky/ros2_ws/src/install/my_robot_interfaces/share/my_robot_interfaces/package.dsv
[3.766s] -- Installing: /home/emkorogodsky/ros2_ws/src/install/my_robot_interfaces/share/ament_index/resource_index/packages/my_robot_interfaces
[3.766s] -- Installing: /home/emkorogodsky/ros2_ws/src/install/my_robot_interfaces/share/my_robot_interfaces/cmake/export_my_robot_interfaces__rosidl_generator_cExport.cmake
[3.766s] -- Installing: /home/emkorogodsky/ros2_ws/src/install/my_robot_interfaces/share/my_robot_interfaces/cmake/export_my_robot_interfaces__rosidl_generator_cExport-noconfig.cmake
[3.766s] -- Installing: /home/emkorogodsky/ros2_ws/src/install/my_robot_interfaces/share/my_robot_interfaces/cmake/export_my_robot_interfaces__rosidl_typesupport_fastrtps_cExport.cmake
[3.766s] -- Installing: /home/emkorogodsky/ros2_ws/src/install/my_robot_interfaces/share/my_robot_interfaces/cmake/export_my_robot_interfaces__rosidl_typesupport_fastrtps_cExport-noconfig.cmake
[3.766s] -- Installing: /home/emkorogodsky/ros2_ws/src/install/my_robot_interfaces/share/my_robot_interfaces/cmake/my_robot_interfaces__rosidl_typesupport_introspection_cExport.cmake
[3.766s] -- Installing: /home/emkorogodsky/ros2_ws/src/install/my_robot_interfaces/share/my_robot_interfaces/cmake/my_robot_interfaces__rosidl_typesupport_introspection_cExport-noconfig.cmake
[3.766s] -- Installing: /home/emkorogodsky/ros2_ws/src/install/my_robot_interfaces/share/my_robot_interfaces/cmake/my_robot_interfaces__rosidl_typesupport_cExport.cmake
[3.766s] -- Installing: /home/emkorogodsky/ros2_ws/src/install/my_robot_interfaces/share/my_robot_interfaces/cmake/my_robot_interfaces__rosidl_typesupport_cExport-noconfig.cmake
[3.766s] -- Installing: /home/emkorogodsky/ros2_ws/src/install/my_robot_interfaces/share/my_robot_interfaces/cmake/export_my_robot_interfaces__rosidl_generator_cppExport.cmake
[3.766s] -- Installing: /home/emkorogodsky/ros2_ws/src/install/my_robot_interfaces/share/my_robot_interfaces/cmake/export_my_robot_interfaces__rosidl_typesupport_fastrtps_cppExport.cmake
[3.766s] -- Installing: /home/emkorogodsky/ros2_ws/src/install/my_robot_interfaces/share/my_robot_interfaces/cmake/export_my_robot_interfaces__rosidl_typesupport_fastrtps_cppExport-noconfig.cmake
[3.766s] -- Installing: /home/emkorogodsky/ros2_ws/src/install/my_robot_interfaces/share/my_robot_interfaces/cmake/my_robot_interfaces__rosidl_typesupport_introspection_cppExport.cmake
[3.767s] -- Installing: /home/emkorogodsky/ros2_ws/src/install/my_robot_interfaces/share/my_robot_interfaces/cmake/my_robot_interfaces__rosidl_typesupport_introspection_cppExport-noconfig.cmake
[3.767s] -- Installing: /home/emkorogodsky/ros2_ws/src/install/my_robot_interfaces/share/my_robot_interfaces/cmake/my_robot_interfaces__rosidl_typesupport_cppExport.cmake
[3.767s] -- Installing: /home/emkorogodsky/ros2_ws/src/install/my_robot_interfaces/share/my_robot_interfaces/cmake/my_robot_interfaces__rosidl_typesupport_cppExport-noconfig.cmake
[3.767s] -- Installing: /home/emkorogodsky/ros2_ws/src/install/my_robot_interfaces/share/my_robot_interfaces/cmake/export_my_robot_interfaces__rosidl_generator_pyExport.cmake
[3.767s] -- Installing: /home/emkorogodsky/ros2_ws/src/install/my_robot_interfaces/share/my_robot_interfaces/cmake/export_my_robot_interfaces__rosidl_generator_pyExport-noconfig.cmake
[3.767s] -- Installing: /home/emkorogodsky/ros2_ws/src/install/my_robot_interfaces/share/my_robot_interfaces/cmake/rosidl_cmake-extras.cmake
[3.767s] -- Installing: /home/emkorogodsky/ros2_ws/src/install/my_robot_interfaces/share/my_robot_interfaces/cmake/ament_cmake_export_include_directories-extras.cmake
[3.767s] -- Installing: /home/emkorogodsky/ros2_ws/src/install/my_robot_interfaces/share/my_robot_interfaces/cmake/ament_cmake_export_libraries-extras.cmake
[3.767s] -- Installing: /home/emkorogodsky/ros2_ws/src/install/my_robot_interfaces/share/my_robot_interfaces/cmake/ament_cmake_export_targets-extras.cmake
[3.767s] -- Installing: /home/emkorogodsky/ros2_ws/src/install/my_robot_interfaces/share/my_robot_interfaces/cmake/rosidl_cmake_export_typesupport_targets-extras.cmake
[3.767s] -- Installing: /home/emkorogodsky/ros2_ws/src/install/my_robot_interfaces/share/my_robot_interfaces/cmake/ament_cmake_export_dependencies-extras.cmake
[3.767s] -- Installing: /home/emkorogodsky/ros2_ws/src/install/my_robot_interfaces/share/my_robot_interfaces/cmake/rosidl_cmake_export_typesupport_libraries-extras.cmake
[3.767s] -- Installing: /home/emkorogodsky/ros2_ws/src/install/my_robot_interfaces/share/my_robot_interfaces/cmake/my_robot_interfacesConfig.cmake
[3.768s] -- Installing: /home/emkorogodsky/ros2_ws/src/install/my_robot_interfaces/share/my_robot_interfaces/cmake/my_robot_interfacesConfig-version.cmake
[3.768s] -- Installing: /home/emkorogodsky/ros2_ws/src/install/my_robot_interfaces/share/my_robot_interfaces/package.xml
[3.769s] Invoked command in '/home/emkorogodsky/ros2_ws/src/build/my_robot_interfaces' returned '0': CMAKE_PREFIX_PATH=${CMAKE_PREFIX_PATH}:/home/emkorogodsky/ros2_ws/install/my_py_pkg:/opt/ros/humble /usr/bin/cmake --install /home/emkorogodsky/ros2_ws/src/build/my_robot_interfaces
