running egg_info
creating ../build/my_py_pkg/my_py_pkg.egg-info
writing ../build/my_py_pkg/my_py_pkg.egg-info/PKG-INFO
writing dependency_links to ../build/my_py_pkg/my_py_pkg.egg-info/dependency_links.txt
writing entry points to ../build/my_py_pkg/my_py_pkg.egg-info/entry_points.txt
writing requirements to ../build/my_py_pkg/my_py_pkg.egg-info/requires.txt
writing top-level names to ../build/my_py_pkg/my_py_pkg.egg-info/top_level.txt
writing manifest file '../build/my_py_pkg/my_py_pkg.egg-info/SOURCES.txt'
reading manifest file '../build/my_py_pkg/my_py_pkg.egg-info/SOURCES.txt'
writing manifest file '../build/my_py_pkg/my_py_pkg.egg-info/SOURCES.txt'
running build
running build_py
creating /home/emkorogodsky/ros2_ws/src/build/my_py_pkg/build
creating /home/emkorogodsky/ros2_ws/src/build/my_py_pkg/build/lib
creating /home/emkorogodsky/ros2_ws/src/build/my_py_pkg/build/lib/my_py_pkg
copying my_py_pkg/add_two_ints_server.py -> /home/emkorogodsky/ros2_ws/src/build/my_py_pkg/build/lib/my_py_pkg
copying my_py_pkg/add_two_ints_client.py -> /home/emkorogodsky/ros2_ws/src/build/my_py_pkg/build/lib/my_py_pkg
copying my_py_pkg/my_first_node.py -> /home/emkorogodsky/ros2_ws/src/build/my_py_pkg/build/lib/my_py_pkg
copying my_py_pkg/__init__.py -> /home/emkorogodsky/ros2_ws/src/build/my_py_pkg/build/lib/my_py_pkg
copying my_py_pkg/battery_node.py -> /home/emkorogodsky/ros2_ws/src/build/my_py_pkg/build/lib/my_py_pkg
copying my_py_pkg/smartphone.py -> /home/emkorogodsky/ros2_ws/src/build/my_py_pkg/build/lib/my_py_pkg
copying my_py_pkg/number_counter.py -> /home/emkorogodsky/ros2_ws/src/build/my_py_pkg/build/lib/my_py_pkg
copying my_py_pkg/robot_news_station.py -> /home/emkorogodsky/ros2_ws/src/build/my_py_pkg/build/lib/my_py_pkg
copying my_py_pkg/number_publisher.py -> /home/emkorogodsky/ros2_ws/src/build/my_py_pkg/build/lib/my_py_pkg
copying my_py_pkg/led_node.py -> /home/emkorogodsky/ros2_ws/src/build/my_py_pkg/build/lib/my_py_pkg
copying my_py_pkg/turtle_controller_node.py -> /home/emkorogodsky/ros2_ws/src/build/my_py_pkg/build/lib/my_py_pkg
running install
running install_lib
creating /home/emkorogodsky/ros2_ws/src/install/my_py_pkg/lib/python3.10/site-packages/my_py_pkg
copying /home/emkorogodsky/ros2_ws/src/build/my_py_pkg/build/lib/my_py_pkg/add_two_ints_server.py -> /home/emkorogodsky/ros2_ws/src/install/my_py_pkg/lib/python3.10/site-packages/my_py_pkg
copying /home/emkorogodsky/ros2_ws/src/build/my_py_pkg/build/lib/my_py_pkg/add_two_ints_client.py -> /home/emkorogodsky/ros2_ws/src/install/my_py_pkg/lib/python3.10/site-packages/my_py_pkg
copying /home/emkorogodsky/ros2_ws/src/build/my_py_pkg/build/lib/my_py_pkg/my_first_node.py -> /home/emkorogodsky/ros2_ws/src/install/my_py_pkg/lib/python3.10/site-packages/my_py_pkg
copying /home/emkorogodsky/ros2_ws/src/build/my_py_pkg/build/lib/my_py_pkg/__init__.py -> /home/emkorogodsky/ros2_ws/src/install/my_py_pkg/lib/python3.10/site-packages/my_py_pkg
copying /home/emkorogodsky/ros2_ws/src/build/my_py_pkg/build/lib/my_py_pkg/battery_node.py -> /home/emkorogodsky/ros2_ws/src/install/my_py_pkg/lib/python3.10/site-packages/my_py_pkg
copying /home/emkorogodsky/ros2_ws/src/build/my_py_pkg/build/lib/my_py_pkg/smartphone.py -> /home/emkorogodsky/ros2_ws/src/install/my_py_pkg/lib/python3.10/site-packages/my_py_pkg
copying /home/emkorogodsky/ros2_ws/src/build/my_py_pkg/build/lib/my_py_pkg/number_counter.py -> /home/emkorogodsky/ros2_ws/src/install/my_py_pkg/lib/python3.10/site-packages/my_py_pkg
copying /home/emkorogodsky/ros2_ws/src/build/my_py_pkg/build/lib/my_py_pkg/robot_news_station.py -> /home/emkorogodsky/ros2_ws/src/install/my_py_pkg/lib/python3.10/site-packages/my_py_pkg
copying /home/emkorogodsky/ros2_ws/src/build/my_py_pkg/build/lib/my_py_pkg/number_publisher.py -> /home/emkorogodsky/ros2_ws/src/install/my_py_pkg/lib/python3.10/site-packages/my_py_pkg
copying /home/emkorogodsky/ros2_ws/src/build/my_py_pkg/build/lib/my_py_pkg/led_node.py -> /home/emkorogodsky/ros2_ws/src/install/my_py_pkg/lib/python3.10/site-packages/my_py_pkg
copying /home/emkorogodsky/ros2_ws/src/build/my_py_pkg/build/lib/my_py_pkg/turtle_controller_node.py -> /home/emkorogodsky/ros2_ws/src/install/my_py_pkg/lib/python3.10/site-packages/my_py_pkg
byte-compiling /home/emkorogodsky/ros2_ws/src/install/my_py_pkg/lib/python3.10/site-packages/my_py_pkg/add_two_ints_server.py to add_two_ints_server.cpython-310.pyc
byte-compiling /home/emkorogodsky/ros2_ws/src/install/my_py_pkg/lib/python3.10/site-packages/my_py_pkg/add_two_ints_client.py to add_two_ints_client.cpython-310.pyc
byte-compiling /home/emkorogodsky/ros2_ws/src/install/my_py_pkg/lib/python3.10/site-packages/my_py_pkg/my_first_node.py to my_first_node.cpython-310.pyc
byte-compiling /home/emkorogodsky/ros2_ws/src/install/my_py_pkg/lib/python3.10/site-packages/my_py_pkg/__init__.py to __init__.cpython-310.pyc
byte-compiling /home/emkorogodsky/ros2_ws/src/install/my_py_pkg/lib/python3.10/site-packages/my_py_pkg/battery_node.py to battery_node.cpython-310.pyc
byte-compiling /home/emkorogodsky/ros2_ws/src/install/my_py_pkg/lib/python3.10/site-packages/my_py_pkg/smartphone.py to smartphone.cpython-310.pyc
byte-compiling /home/emkorogodsky/ros2_ws/src/install/my_py_pkg/lib/python3.10/site-packages/my_py_pkg/number_counter.py to number_counter.cpython-310.pyc
byte-compiling /home/emkorogodsky/ros2_ws/src/install/my_py_pkg/lib/python3.10/site-packages/my_py_pkg/robot_news_station.py to robot_news_station.cpython-310.pyc
byte-compiling /home/emkorogodsky/ros2_ws/src/install/my_py_pkg/lib/python3.10/site-packages/my_py_pkg/number_publisher.py to number_publisher.cpython-310.pyc
byte-compiling /home/emkorogodsky/ros2_ws/src/install/my_py_pkg/lib/python3.10/site-packages/my_py_pkg/led_node.py to led_node.cpython-310.pyc
byte-compiling /home/emkorogodsky/ros2_ws/src/install/my_py_pkg/lib/python3.10/site-packages/my_py_pkg/turtle_controller_node.py to turtle_controller_node.cpython-310.pyc
running install_data
creating /home/emkorogodsky/ros2_ws/src/install/my_py_pkg/share/ament_index
creating /home/emkorogodsky/ros2_ws/src/install/my_py_pkg/share/ament_index/resource_index
creating /home/emkorogodsky/ros2_ws/src/install/my_py_pkg/share/ament_index/resource_index/packages
copying resource/my_py_pkg -> /home/emkorogodsky/ros2_ws/src/install/my_py_pkg/share/ament_index/resource_index/packages
copying package.xml -> /home/emkorogodsky/ros2_ws/src/install/my_py_pkg/share/my_py_pkg
running install_egg_info
Copying ../build/my_py_pkg/my_py_pkg.egg-info to /home/emkorogodsky/ros2_ws/src/install/my_py_pkg/lib/python3.10/site-packages/my_py_pkg-0.0.0-py3.10.egg-info
running install_scripts
Installing add_two_ints_client script to /home/emkorogodsky/ros2_ws/src/install/my_py_pkg/lib/my_py_pkg
Installing add_two_ints_server script to /home/emkorogodsky/ros2_ws/src/install/my_py_pkg/lib/my_py_pkg
Installing battery_node script to /home/emkorogodsky/ros2_ws/src/install/my_py_pkg/lib/my_py_pkg
Installing led_node script to /home/emkorogodsky/ros2_ws/src/install/my_py_pkg/lib/my_py_pkg
Installing number_counter script to /home/emkorogodsky/ros2_ws/src/install/my_py_pkg/lib/my_py_pkg
Installing number_publisher script to /home/emkorogodsky/ros2_ws/src/install/my_py_pkg/lib/my_py_pkg
Installing py_node script to /home/emkorogodsky/ros2_ws/src/install/my_py_pkg/lib/my_py_pkg
Installing robot_news_station script to /home/emkorogodsky/ros2_ws/src/install/my_py_pkg/lib/my_py_pkg
Installing smartphone script to /home/emkorogodsky/ros2_ws/src/install/my_py_pkg/lib/my_py_pkg
Installing turtle_controller script to /home/emkorogodsky/ros2_ws/src/install/my_py_pkg/lib/my_py_pkg
writing list of installed files to '/home/emkorogodsky/ros2_ws/src/build/my_py_pkg/install.log'
