[0.526s] Invoking command in '/home/emkorogodsky/ros2_ws/src/my_py_pkg': PYTHONPATH=/home/emkorogodsky/ros2_ws/src/build/my_py_pkg/prefix_override:/home/emkorogodsky/ros2_ws/src/install/my_py_pkg/lib/python3.10/site-packages:${PYTHONPATH} /usr/bin/python3 -W ignore:setup.py install is deprecated setup.py egg_info --egg-base ../build/my_py_pkg build --build-base /home/emkorogodsky/ros2_ws/src/build/my_py_pkg/build install --record /home/emkorogodsky/ros2_ws/src/build/my_py_pkg/install.log --single-version-externally-managed install_data
[0.671s] running egg_info
[0.671s] creating ../build/my_py_pkg/my_py_pkg.egg-info
[0.678s] writing ../build/my_py_pkg/my_py_pkg.egg-info/PKG-INFO
[0.678s] writing dependency_links to ../build/my_py_pkg/my_py_pkg.egg-info/dependency_links.txt
[0.678s] writing entry points to ../build/my_py_pkg/my_py_pkg.egg-info/entry_points.txt
[0.679s] writing requirements to ../build/my_py_pkg/my_py_pkg.egg-info/requires.txt
[0.679s] writing top-level names to ../build/my_py_pkg/my_py_pkg.egg-info/top_level.txt
[0.679s] writing manifest file '../build/my_py_pkg/my_py_pkg.egg-info/SOURCES.txt'
[0.694s] reading manifest file '../build/my_py_pkg/my_py_pkg.egg-info/SOURCES.txt'
[0.695s] writing manifest file '../build/my_py_pkg/my_py_pkg.egg-info/SOURCES.txt'
[0.696s] running build
[0.696s] running build_py
[0.696s] creating /home/emkorogodsky/ros2_ws/src/build/my_py_pkg/build
[0.696s] creating /home/emkorogodsky/ros2_ws/src/build/my_py_pkg/build/lib
[0.696s] creating /home/emkorogodsky/ros2_ws/src/build/my_py_pkg/build/lib/my_py_pkg
[0.696s] copying my_py_pkg/add_two_ints_server.py -> /home/emkorogodsky/ros2_ws/src/build/my_py_pkg/build/lib/my_py_pkg
[0.696s] copying my_py_pkg/add_two_ints_client.py -> /home/emkorogodsky/ros2_ws/src/build/my_py_pkg/build/lib/my_py_pkg
[0.696s] copying my_py_pkg/my_first_node.py -> /home/emkorogodsky/ros2_ws/src/build/my_py_pkg/build/lib/my_py_pkg
[0.696s] copying my_py_pkg/__init__.py -> /home/emkorogodsky/ros2_ws/src/build/my_py_pkg/build/lib/my_py_pkg
[0.696s] copying my_py_pkg/battery_node.py -> /home/emkorogodsky/ros2_ws/src/build/my_py_pkg/build/lib/my_py_pkg
[0.696s] copying my_py_pkg/smartphone.py -> /home/emkorogodsky/ros2_ws/src/build/my_py_pkg/build/lib/my_py_pkg
[0.696s] copying my_py_pkg/number_counter.py -> /home/emkorogodsky/ros2_ws/src/build/my_py_pkg/build/lib/my_py_pkg
[0.697s] copying my_py_pkg/robot_news_station.py -> /home/emkorogodsky/ros2_ws/src/build/my_py_pkg/build/lib/my_py_pkg
[0.697s] copying my_py_pkg/number_publisher.py -> /home/emkorogodsky/ros2_ws/src/build/my_py_pkg/build/lib/my_py_pkg
[0.697s] copying my_py_pkg/led_node.py -> /home/emkorogodsky/ros2_ws/src/build/my_py_pkg/build/lib/my_py_pkg
[0.697s] copying my_py_pkg/turtle_controller_node.py -> /home/emkorogodsky/ros2_ws/src/build/my_py_pkg/build/lib/my_py_pkg
[0.697s] running install
[0.700s] running install_lib
[0.708s] creating /home/emkorogodsky/ros2_ws/src/install/my_py_pkg/lib/python3.10/site-packages/my_py_pkg
[0.708s] copying /home/emkorogodsky/ros2_ws/src/build/my_py_pkg/build/lib/my_py_pkg/add_two_ints_server.py -> /home/emkorogodsky/ros2_ws/src/install/my_py_pkg/lib/python3.10/site-packages/my_py_pkg
[0.708s] copying /home/emkorogodsky/ros2_ws/src/build/my_py_pkg/build/lib/my_py_pkg/add_two_ints_client.py -> /home/emkorogodsky/ros2_ws/src/install/my_py_pkg/lib/python3.10/site-packages/my_py_pkg
[0.709s] copying /home/emkorogodsky/ros2_ws/src/build/my_py_pkg/build/lib/my_py_pkg/my_first_node.py -> /home/emkorogodsky/ros2_ws/src/install/my_py_pkg/lib/python3.10/site-packages/my_py_pkg
[0.709s] copying /home/emkorogodsky/ros2_ws/src/build/my_py_pkg/build/lib/my_py_pkg/__init__.py -> /home/emkorogodsky/ros2_ws/src/install/my_py_pkg/lib/python3.10/site-packages/my_py_pkg
[0.709s] copying /home/emkorogodsky/ros2_ws/src/build/my_py_pkg/build/lib/my_py_pkg/battery_node.py -> /home/emkorogodsky/ros2_ws/src/install/my_py_pkg/lib/python3.10/site-packages/my_py_pkg
[0.709s] copying /home/emkorogodsky/ros2_ws/src/build/my_py_pkg/build/lib/my_py_pkg/smartphone.py -> /home/emkorogodsky/ros2_ws/src/install/my_py_pkg/lib/python3.10/site-packages/my_py_pkg
[0.709s] copying /home/emkorogodsky/ros2_ws/src/build/my_py_pkg/build/lib/my_py_pkg/number_counter.py -> /home/emkorogodsky/ros2_ws/src/install/my_py_pkg/lib/python3.10/site-packages/my_py_pkg
[0.709s] copying /home/emkorogodsky/ros2_ws/src/build/my_py_pkg/build/lib/my_py_pkg/robot_news_station.py -> /home/emkorogodsky/ros2_ws/src/install/my_py_pkg/lib/python3.10/site-packages/my_py_pkg
[0.709s] copying /home/emkorogodsky/ros2_ws/src/build/my_py_pkg/build/lib/my_py_pkg/number_publisher.py -> /home/emkorogodsky/ros2_ws/src/install/my_py_pkg/lib/python3.10/site-packages/my_py_pkg
[0.709s] copying /home/emkorogodsky/ros2_ws/src/build/my_py_pkg/build/lib/my_py_pkg/led_node.py -> /home/emkorogodsky/ros2_ws/src/install/my_py_pkg/lib/python3.10/site-packages/my_py_pkg
[0.709s] copying /home/emkorogodsky/ros2_ws/src/build/my_py_pkg/build/lib/my_py_pkg/turtle_controller_node.py -> /home/emkorogodsky/ros2_ws/src/install/my_py_pkg/lib/python3.10/site-packages/my_py_pkg
[0.709s] byte-compiling /home/emkorogodsky/ros2_ws/src/install/my_py_pkg/lib/python3.10/site-packages/my_py_pkg/add_two_ints_server.py to add_two_ints_server.cpython-310.pyc
[0.710s] byte-compiling /home/emkorogodsky/ros2_ws/src/install/my_py_pkg/lib/python3.10/site-packages/my_py_pkg/add_two_ints_client.py to add_two_ints_client.cpython-310.pyc
[0.710s] byte-compiling /home/emkorogodsky/ros2_ws/src/install/my_py_pkg/lib/python3.10/site-packages/my_py_pkg/my_first_node.py to my_first_node.cpython-310.pyc
[0.710s] byte-compiling /home/emkorogodsky/ros2_ws/src/install/my_py_pkg/lib/python3.10/site-packages/my_py_pkg/__init__.py to __init__.cpython-310.pyc
[0.710s] byte-compiling /home/emkorogodsky/ros2_ws/src/install/my_py_pkg/lib/python3.10/site-packages/my_py_pkg/battery_node.py to battery_node.cpython-310.pyc
[0.711s] byte-compiling /home/emkorogodsky/ros2_ws/src/install/my_py_pkg/lib/python3.10/site-packages/my_py_pkg/smartphone.py to smartphone.cpython-310.pyc
[0.711s] byte-compiling /home/emkorogodsky/ros2_ws/src/install/my_py_pkg/lib/python3.10/site-packages/my_py_pkg/number_counter.py to number_counter.cpython-310.pyc
[0.711s] byte-compiling /home/emkorogodsky/ros2_ws/src/install/my_py_pkg/lib/python3.10/site-packages/my_py_pkg/robot_news_station.py to robot_news_station.cpython-310.pyc
[0.712s] byte-compiling /home/emkorogodsky/ros2_ws/src/install/my_py_pkg/lib/python3.10/site-packages/my_py_pkg/number_publisher.py to number_publisher.cpython-310.pyc
[0.712s] byte-compiling /home/emkorogodsky/ros2_ws/src/install/my_py_pkg/lib/python3.10/site-packages/my_py_pkg/led_node.py to led_node.cpython-310.pyc
[0.712s] byte-compiling /home/emkorogodsky/ros2_ws/src/install/my_py_pkg/lib/python3.10/site-packages/my_py_pkg/turtle_controller_node.py to turtle_controller_node.cpython-310.pyc
[0.713s] running install_data
[0.713s] creating /home/emkorogodsky/ros2_ws/src/install/my_py_pkg/share/ament_index
[0.713s] creating /home/emkorogodsky/ros2_ws/src/install/my_py_pkg/share/ament_index/resource_index
[0.713s] creating /home/emkorogodsky/ros2_ws/src/install/my_py_pkg/share/ament_index/resource_index/packages
[0.713s] copying resource/my_py_pkg -> /home/emkorogodsky/ros2_ws/src/install/my_py_pkg/share/ament_index/resource_index/packages
[0.713s] copying package.xml -> /home/emkorogodsky/ros2_ws/src/install/my_py_pkg/share/my_py_pkg
[0.713s] running install_egg_info
[0.721s] Copying ../build/my_py_pkg/my_py_pkg.egg-info to /home/emkorogodsky/ros2_ws/src/install/my_py_pkg/lib/python3.10/site-packages/my_py_pkg-0.0.0-py3.10.egg-info
[0.721s] running install_scripts
[0.793s] Installing add_two_ints_client script to /home/emkorogodsky/ros2_ws/src/install/my_py_pkg/lib/my_py_pkg
[0.794s] Installing add_two_ints_server script to /home/emkorogodsky/ros2_ws/src/install/my_py_pkg/lib/my_py_pkg
[0.794s] Installing battery_node script to /home/emkorogodsky/ros2_ws/src/install/my_py_pkg/lib/my_py_pkg
[0.794s] Installing led_node script to /home/emkorogodsky/ros2_ws/src/install/my_py_pkg/lib/my_py_pkg
[0.794s] Installing number_counter script to /home/emkorogodsky/ros2_ws/src/install/my_py_pkg/lib/my_py_pkg
[0.794s] Installing number_publisher script to /home/emkorogodsky/ros2_ws/src/install/my_py_pkg/lib/my_py_pkg
[0.794s] Installing py_node script to /home/emkorogodsky/ros2_ws/src/install/my_py_pkg/lib/my_py_pkg
[0.794s] Installing robot_news_station script to /home/emkorogodsky/ros2_ws/src/install/my_py_pkg/lib/my_py_pkg
[0.794s] Installing smartphone script to /home/emkorogodsky/ros2_ws/src/install/my_py_pkg/lib/my_py_pkg
[0.794s] Installing turtle_controller script to /home/emkorogodsky/ros2_ws/src/install/my_py_pkg/lib/my_py_pkg
[0.795s] writing list of installed files to '/home/emkorogodsky/ros2_ws/src/build/my_py_pkg/install.log'
[0.812s] Invoked command in '/home/emkorogodsky/ros2_ws/src/my_py_pkg' returned '0': PYTHONPATH=/home/emkorogodsky/ros2_ws/src/build/my_py_pkg/prefix_override:/home/emkorogodsky/ros2_ws/src/install/my_py_pkg/lib/python3.10/site-packages:${PYTHONPATH} /usr/bin/python3 -W ignore:setup.py install is deprecated setup.py egg_info --egg-base ../build/my_py_pkg build --build-base /home/emkorogodsky/ros2_ws/src/build/my_py_pkg/build install --record /home/emkorogodsky/ros2_ws/src/build/my_py_pkg/install.log --single-version-externally-managed install_data
