[0.068s] DEBUG:colcon:Command line arguments: ['/usr/bin/colcon', 'build']
[0.068s] DEBUG:colcon:Parsed command line arguments: Namespace(log_base=None, log_level=None, verb_name='build', build_base='build', install_base='install', merge_install=False, symlink_install=False, test_result_base=None, continue_on_error=False, executor='parallel', parallel_workers=8, event_handlers=None, ignore_user_meta=False, metas=['./colcon.meta'], base_paths=['.'], packages_ignore=None, packages_ignore_regex=None, paths=None, packages_up_to=None, packages_up_to_regex=None, packages_above=None, packages_above_and_dependencies=None, packages_above_depth=None, packages_select_by_dep=None, packages_skip_by_dep=None, packages_skip_up_to=None, packages_select_build_failed=False, packages_skip_build_finished=False, packages_select_test_failures=False, packages_skip_test_passed=False, packages_select=None, packages_skip=None, packages_select_regex=None, packages_skip_regex=None, packages_start=None, packages_end=None, allow_overriding=[], cmake_args=None, cmake_target=None, cmake_target_skip_unavailable=False, cmake_clean_cache=False, cmake_clean_first=False, cmake_force_configure=False, ament_cmake_args=None, catkin_cmake_args=None, catkin_skip_building_tests=False, mixin_files=None, mixin=None, verb_parser=<colcon_mixin.mixin.mixin_argument.MixinArgumentDecorator object at 0xffa66de87190>, verb_extension=<colcon_core.verb.build.BuildVerb object at 0xffa66de86bc0>, main=<bound method BuildVerb.main of <colcon_core.verb.build.BuildVerb object at 0xffa66de86bc0>>, mixin_verb=('build',))
[0.093s] Level 1:colcon.colcon_core.package_discovery:discover_packages(colcon_meta) check parameters
[0.094s] Level 1:colcon.colcon_core.package_discovery:discover_packages(recursive) check parameters
[0.094s] Level 1:colcon.colcon_core.package_discovery:discover_packages(ignore) check parameters
[0.094s] Level 1:colcon.colcon_core.package_discovery:discover_packages(path) check parameters
[0.094s] Level 1:colcon.colcon_core.package_discovery:discover_packages(colcon_meta) discover
[0.094s] Level 1:colcon.colcon_core.package_discovery:discover_packages(recursive) discover
[0.094s] INFO:colcon.colcon_core.package_discovery:Crawling recursively for packages in '/home/emkorogodsky/ros2_ws/src'
[0.094s] Level 1:colcon.colcon_core.package_identification:_identify(.) by extensions ['ignore', 'ignore_ament_install']
[0.094s] Level 1:colcon.colcon_core.package_identification:_identify(.) by extension 'ignore'
[0.094s] Level 1:colcon.colcon_core.package_identification:_identify(.) by extension 'ignore_ament_install'
[0.094s] Level 1:colcon.colcon_core.package_identification:_identify(.) by extensions ['colcon_pkg']
[0.094s] Level 1:colcon.colcon_core.package_identification:_identify(.) by extension 'colcon_pkg'
[0.094s] Level 1:colcon.colcon_core.package_identification:_identify(.) by extensions ['colcon_meta']
[0.094s] Level 1:colcon.colcon_core.package_identification:_identify(.) by extension 'colcon_meta'
[0.094s] Level 1:colcon.colcon_core.package_identification:_identify(.) by extensions ['ros']
[0.094s] Level 1:colcon.colcon_core.package_identification:_identify(.) by extension 'ros'
[0.103s] Level 1:colcon.colcon_core.package_identification:_identify(.) by extensions ['cmake', 'python']
[0.103s] Level 1:colcon.colcon_core.package_identification:_identify(.) by extension 'cmake'
[0.103s] Level 1:colcon.colcon_core.package_identification:_identify(.) by extension 'python'
[0.103s] Level 1:colcon.colcon_core.package_identification:_identify(.) by extensions ['python_setup_py']
[0.103s] Level 1:colcon.colcon_core.package_identification:_identify(.) by extension 'python_setup_py'
[0.103s] Level 1:colcon.colcon_core.package_identification:_identify(build) by extensions ['ignore', 'ignore_ament_install']
[0.103s] Level 1:colcon.colcon_core.package_identification:_identify(build) by extension 'ignore'
[0.103s] Level 1:colcon.colcon_core.package_identification:_identify(build) ignored
[0.103s] Level 1:colcon.colcon_core.package_identification:_identify(bumperbot_controller) by extensions ['ignore', 'ignore_ament_install']
[0.103s] Level 1:colcon.colcon_core.package_identification:_identify(bumperbot_controller) by extension 'ignore'
[0.103s] Level 1:colcon.colcon_core.package_identification:_identify(bumperbot_controller) by extension 'ignore_ament_install'
[0.103s] Level 1:colcon.colcon_core.package_identification:_identify(bumperbot_controller) by extensions ['colcon_pkg']
[0.103s] Level 1:colcon.colcon_core.package_identification:_identify(bumperbot_controller) by extension 'colcon_pkg'
[0.103s] Level 1:colcon.colcon_core.package_identification:_identify(bumperbot_controller) by extensions ['colcon_meta']
[0.103s] Level 1:colcon.colcon_core.package_identification:_identify(bumperbot_controller) by extension 'colcon_meta'
[0.103s] Level 1:colcon.colcon_core.package_identification:_identify(bumperbot_controller) by extensions ['ros']
[0.103s] Level 1:colcon.colcon_core.package_identification:_identify(bumperbot_controller) by extension 'ros'
[0.104s] DEBUG:colcon.colcon_core.package_identification:Package 'bumperbot_controller' with type 'ros.ament_cmake' and name 'bumperbot_controller'
[0.104s] Level 1:colcon.colcon_core.package_identification:_identify(bumperbot_description) by extensions ['ignore', 'ignore_ament_install']
[0.104s] Level 1:colcon.colcon_core.package_identification:_identify(bumperbot_description) by extension 'ignore'
[0.104s] Level 1:colcon.colcon_core.package_identification:_identify(bumperbot_description) by extension 'ignore_ament_install'
[0.104s] Level 1:colcon.colcon_core.package_identification:_identify(bumperbot_description) by extensions ['colcon_pkg']
[0.104s] Level 1:colcon.colcon_core.package_identification:_identify(bumperbot_description) by extension 'colcon_pkg'
[0.105s] Level 1:colcon.colcon_core.package_identification:_identify(bumperbot_description) by extensions ['colcon_meta']
[0.105s] Level 1:colcon.colcon_core.package_identification:_identify(bumperbot_description) by extension 'colcon_meta'
[0.105s] Level 1:colcon.colcon_core.package_identification:_identify(bumperbot_description) by extensions ['ros']
[0.105s] Level 1:colcon.colcon_core.package_identification:_identify(bumperbot_description) by extension 'ros'
[0.105s] DEBUG:colcon.colcon_core.package_identification:Package 'bumperbot_description' with type 'ros.ament_cmake' and name 'bumperbot_description'
[0.105s] Level 1:colcon.colcon_core.package_identification:_identify(bumperbot_py_examples) by extensions ['ignore', 'ignore_ament_install']
[0.105s] Level 1:colcon.colcon_core.package_identification:_identify(bumperbot_py_examples) by extension 'ignore'
[0.105s] Level 1:colcon.colcon_core.package_identification:_identify(bumperbot_py_examples) by extension 'ignore_ament_install'
[0.105s] Level 1:colcon.colcon_core.package_identification:_identify(bumperbot_py_examples) by extensions ['colcon_pkg']
[0.105s] Level 1:colcon.colcon_core.package_identification:_identify(bumperbot_py_examples) by extension 'colcon_pkg'
[0.105s] Level 1:colcon.colcon_core.package_identification:_identify(bumperbot_py_examples) by extensions ['colcon_meta']
[0.105s] Level 1:colcon.colcon_core.package_identification:_identify(bumperbot_py_examples) by extension 'colcon_meta'
[0.105s] Level 1:colcon.colcon_core.package_identification:_identify(bumperbot_py_examples) by extensions ['ros']
[0.105s] Level 1:colcon.colcon_core.package_identification:_identify(bumperbot_py_examples) by extension 'ros'
[0.105s] DEBUG:colcon.colcon_core.package_identification:Package 'bumperbot_py_examples' with type 'ros.ament_python' and name 'bumperbot_py_examples'
[0.105s] Level 1:colcon.colcon_core.package_identification:_identify(install) by extensions ['ignore', 'ignore_ament_install']
[0.105s] Level 1:colcon.colcon_core.package_identification:_identify(install) by extension 'ignore'
[0.105s] Level 1:colcon.colcon_core.package_identification:_identify(install) ignored
[0.106s] Level 1:colcon.colcon_core.package_identification:_identify(log) by extensions ['ignore', 'ignore_ament_install']
[0.106s] Level 1:colcon.colcon_core.package_identification:_identify(log) by extension 'ignore'
[0.106s] Level 1:colcon.colcon_core.package_identification:_identify(log) ignored
[0.106s] Level 1:colcon.colcon_core.package_discovery:discover_packages(recursive) using defaults
[0.106s] Level 1:colcon.colcon_core.package_discovery:discover_packages(ignore) discover
[0.106s] Level 1:colcon.colcon_core.package_discovery:discover_packages(ignore) using defaults
[0.106s] Level 1:colcon.colcon_core.package_discovery:discover_packages(path) discover
[0.106s] Level 1:colcon.colcon_core.package_discovery:discover_packages(path) using defaults
[0.117s] Level 1:colcon.colcon_core.package_discovery:discover_packages(prefix_path) check parameters
[0.118s] Level 1:colcon.colcon_core.package_discovery:discover_packages(prefix_path) discover
[0.120s] DEBUG:colcon.colcon_installed_package_information.package_discovery:Found 8 installed packages in /home/emkorogodsky/ros2_ws/install
[0.121s] DEBUG:colcon.colcon_installed_package_information.package_discovery:Found 289 installed packages in /opt/ros/humble
[0.122s] Level 1:colcon.colcon_core.package_discovery:discover_packages(prefix_path) using defaults
[0.143s] Level 5:colcon.colcon_core.verb:set package 'bumperbot_controller' build argument 'cmake_args' from command line to 'None'
[0.143s] Level 5:colcon.colcon_core.verb:set package 'bumperbot_controller' build argument 'cmake_target' from command line to 'None'
[0.143s] Level 5:colcon.colcon_core.verb:set package 'bumperbot_controller' build argument 'cmake_target_skip_unavailable' from command line to 'False'
[0.143s] Level 5:colcon.colcon_core.verb:set package 'bumperbot_controller' build argument 'cmake_clean_cache' from command line to 'False'
[0.143s] Level 5:colcon.colcon_core.verb:set package 'bumperbot_controller' build argument 'cmake_clean_first' from command line to 'False'
[0.143s] Level 5:colcon.colcon_core.verb:set package 'bumperbot_controller' build argument 'cmake_force_configure' from command line to 'False'
[0.143s] Level 5:colcon.colcon_core.verb:set package 'bumperbot_controller' build argument 'ament_cmake_args' from command line to 'None'
[0.143s] Level 5:colcon.colcon_core.verb:set package 'bumperbot_controller' build argument 'catkin_cmake_args' from command line to 'None'
[0.143s] Level 5:colcon.colcon_core.verb:set package 'bumperbot_controller' build argument 'catkin_skip_building_tests' from command line to 'False'
[0.143s] DEBUG:colcon.colcon_core.verb:Building package 'bumperbot_controller' with the following arguments: {'ament_cmake_args': None, 'build_base': '/home/emkorogodsky/ros2_ws/src/build/bumperbot_controller', 'catkin_cmake_args': None, 'catkin_skip_building_tests': False, 'cmake_args': None, 'cmake_clean_cache': False, 'cmake_clean_first': False, 'cmake_force_configure': False, 'cmake_target': None, 'cmake_target_skip_unavailable': False, 'install_base': '/home/emkorogodsky/ros2_ws/src/install/bumperbot_controller', 'merge_install': False, 'path': '/home/emkorogodsky/ros2_ws/src/bumperbot_controller', 'symlink_install': False, 'test_result_base': None}
[0.143s] Level 5:colcon.colcon_core.verb:set package 'bumperbot_description' build argument 'cmake_args' from command line to 'None'
[0.143s] Level 5:colcon.colcon_core.verb:set package 'bumperbot_description' build argument 'cmake_target' from command line to 'None'
[0.143s] Level 5:colcon.colcon_core.verb:set package 'bumperbot_description' build argument 'cmake_target_skip_unavailable' from command line to 'False'
[0.143s] Level 5:colcon.colcon_core.verb:set package 'bumperbot_description' build argument 'cmake_clean_cache' from command line to 'False'
[0.143s] Level 5:colcon.colcon_core.verb:set package 'bumperbot_description' build argument 'cmake_clean_first' from command line to 'False'
[0.143s] Level 5:colcon.colcon_core.verb:set package 'bumperbot_description' build argument 'cmake_force_configure' from command line to 'False'
[0.143s] Level 5:colcon.colcon_core.verb:set package 'bumperbot_description' build argument 'ament_cmake_args' from command line to 'None'
[0.143s] Level 5:colcon.colcon_core.verb:set package 'bumperbot_description' build argument 'catkin_cmake_args' from command line to 'None'
[0.143s] Level 5:colcon.colcon_core.verb:set package 'bumperbot_description' build argument 'catkin_skip_building_tests' from command line to 'False'
[0.143s] DEBUG:colcon.colcon_core.verb:Building package 'bumperbot_description' with the following arguments: {'ament_cmake_args': None, 'build_base': '/home/emkorogodsky/ros2_ws/src/build/bumperbot_description', 'catkin_cmake_args': None, 'catkin_skip_building_tests': False, 'cmake_args': None, 'cmake_clean_cache': False, 'cmake_clean_first': False, 'cmake_force_configure': False, 'cmake_target': None, 'cmake_target_skip_unavailable': False, 'install_base': '/home/emkorogodsky/ros2_ws/src/install/bumperbot_description', 'merge_install': False, 'path': '/home/emkorogodsky/ros2_ws/src/bumperbot_description', 'symlink_install': False, 'test_result_base': None}
[0.143s] Level 5:colcon.colcon_core.verb:set package 'bumperbot_py_examples' build argument 'cmake_args' from command line to 'None'
[0.143s] Level 5:colcon.colcon_core.verb:set package 'bumperbot_py_examples' build argument 'cmake_target' from command line to 'None'
[0.143s] Level 5:colcon.colcon_core.verb:set package 'bumperbot_py_examples' build argument 'cmake_target_skip_unavailable' from command line to 'False'
[0.143s] Level 5:colcon.colcon_core.verb:set package 'bumperbot_py_examples' build argument 'cmake_clean_cache' from command line to 'False'
[0.143s] Level 5:colcon.colcon_core.verb:set package 'bumperbot_py_examples' build argument 'cmake_clean_first' from command line to 'False'
[0.143s] Level 5:colcon.colcon_core.verb:set package 'bumperbot_py_examples' build argument 'cmake_force_configure' from command line to 'False'
[0.143s] Level 5:colcon.colcon_core.verb:set package 'bumperbot_py_examples' build argument 'ament_cmake_args' from command line to 'None'
[0.143s] Level 5:colcon.colcon_core.verb:set package 'bumperbot_py_examples' build argument 'catkin_cmake_args' from command line to 'None'
[0.143s] Level 5:colcon.colcon_core.verb:set package 'bumperbot_py_examples' build argument 'catkin_skip_building_tests' from command line to 'False'
[0.143s] DEBUG:colcon.colcon_core.verb:Building package 'bumperbot_py_examples' with the following arguments: {'ament_cmake_args': None, 'build_base': '/home/emkorogodsky/ros2_ws/src/build/bumperbot_py_examples', 'catkin_cmake_args': None, 'catkin_skip_building_tests': False, 'cmake_args': None, 'cmake_clean_cache': False, 'cmake_clean_first': False, 'cmake_force_configure': False, 'cmake_target': None, 'cmake_target_skip_unavailable': False, 'install_base': '/home/emkorogodsky/ros2_ws/src/install/bumperbot_py_examples', 'merge_install': False, 'path': '/home/emkorogodsky/ros2_ws/src/bumperbot_py_examples', 'symlink_install': False, 'test_result_base': None}
[0.143s] INFO:colcon.colcon_core.executor:Executing jobs using 'parallel' executor
[0.145s] DEBUG:colcon.colcon_parallel_executor.executor.parallel:run_until_complete
[0.145s] INFO:colcon.colcon_ros.task.ament_cmake.build:Building ROS package in '/home/emkorogodsky/ros2_ws/src/bumperbot_controller' with build type 'ament_cmake'
[0.145s] INFO:colcon.colcon_cmake.task.cmake.build:Building CMake package in '/home/emkorogodsky/ros2_ws/src/bumperbot_controller'
[0.147s] INFO:colcon.colcon_core.plugin_system:Skipping extension 'colcon_core.shell.bat': Not used on non-Windows systems
[0.147s] INFO:colcon.colcon_core.shell:Skip shell extension 'powershell' for command environment: Not usable outside of PowerShell
[0.147s] DEBUG:colcon.colcon_core.shell:Skip shell extension 'dsv' for command environment
[0.153s] INFO:colcon.colcon_ros.task.ament_cmake.build:Building ROS package in '/home/emkorogodsky/ros2_ws/src/bumperbot_description' with build type 'ament_cmake'
[0.153s] INFO:colcon.colcon_cmake.task.cmake.build:Building CMake package in '/home/emkorogodsky/ros2_ws/src/bumperbot_description'
[0.154s] INFO:colcon.colcon_core.shell:Skip shell extension 'powershell' for command environment: Not usable outside of PowerShell
[0.154s] DEBUG:colcon.colcon_core.shell:Skip shell extension 'dsv' for command environment
[0.158s] INFO:colcon.colcon_ros.task.ament_python.build:Building ROS package in '/home/emkorogodsky/ros2_ws/src/bumperbot_py_examples' with build type 'ament_python'
[0.158s] Level 1:colcon.colcon_core.shell:create_environment_hook('bumperbot_py_examples', 'ament_prefix_path')
[0.158s] INFO:colcon.colcon_core.shell:Creating environment hook '/home/emkorogodsky/ros2_ws/src/install/bumperbot_py_examples/share/bumperbot_py_examples/hook/ament_prefix_path.ps1'
[0.159s] INFO:colcon.colcon_core.shell:Creating environment descriptor '/home/emkorogodsky/ros2_ws/src/install/bumperbot_py_examples/share/bumperbot_py_examples/hook/ament_prefix_path.dsv'
[0.160s] INFO:colcon.colcon_core.shell:Creating environment hook '/home/emkorogodsky/ros2_ws/src/install/bumperbot_py_examples/share/bumperbot_py_examples/hook/ament_prefix_path.sh'
[0.161s] INFO:colcon.colcon_core.shell:Skip shell extension 'powershell' for command environment: Not usable outside of PowerShell
[0.161s] DEBUG:colcon.colcon_core.shell:Skip shell extension 'dsv' for command environment
[0.175s] DEBUG:colcon.colcon_core.event_handler.log_command:Invoking command in '/home/emkorogodsky/ros2_ws/src/build/bumperbot_controller': CMAKE_PREFIX_PATH=${CMAKE_PREFIX_PATH}:/home/emkorogodsky/ros2_ws/install/my_py_pkg:/home/emkorogodsky/ros2_ws/install/bumperbot_py_examples:/opt/ros/humble /usr/bin/cmake --build /home/emkorogodsky/ros2_ws/src/build/bumperbot_controller -- -j8 -l8
[0.181s] DEBUG:colcon.colcon_core.event_handler.log_command:Invoking command in '/home/emkorogodsky/ros2_ws/src/build/bumperbot_description': CMAKE_PREFIX_PATH=${CMAKE_PREFIX_PATH}:/home/emkorogodsky/ros2_ws/install/my_py_pkg:/home/emkorogodsky/ros2_ws/install/bumperbot_py_examples:/opt/ros/humble /usr/bin/cmake --build /home/emkorogodsky/ros2_ws/src/build/bumperbot_description -- -j8 -l8
[0.328s] INFO:colcon.colcon_core.task.python.build:Building Python package in '/home/emkorogodsky/ros2_ws/src/bumperbot_py_examples'
[0.328s] INFO:colcon.colcon_core.shell:Skip shell extension 'powershell' for command environment: Not usable outside of PowerShell
[0.329s] DEBUG:colcon.colcon_core.shell:Skip shell extension 'dsv' for command environment
[0.335s] DEBUG:colcon.colcon_core.event_handler.log_command:Invoked command in '/home/emkorogodsky/ros2_ws/src/build/bumperbot_controller' returned '0': CMAKE_PREFIX_PATH=${CMAKE_PREFIX_PATH}:/home/emkorogodsky/ros2_ws/install/my_py_pkg:/home/emkorogodsky/ros2_ws/install/bumperbot_py_examples:/opt/ros/humble /usr/bin/cmake --build /home/emkorogodsky/ros2_ws/src/build/bumperbot_controller -- -j8 -l8
[0.339s] DEBUG:colcon.colcon_core.event_handler.log_command:Invoked command in '/home/emkorogodsky/ros2_ws/src/build/bumperbot_description' returned '0': CMAKE_PREFIX_PATH=${CMAKE_PREFIX_PATH}:/home/emkorogodsky/ros2_ws/install/my_py_pkg:/home/emkorogodsky/ros2_ws/install/bumperbot_py_examples:/opt/ros/humble /usr/bin/cmake --build /home/emkorogodsky/ros2_ws/src/build/bumperbot_description -- -j8 -l8
[0.376s] DEBUG:colcon.colcon_core.event_handler.log_command:Invoking command in '/home/emkorogodsky/ros2_ws/src/build/bumperbot_controller': CMAKE_PREFIX_PATH=${CMAKE_PREFIX_PATH}:/home/emkorogodsky/ros2_ws/install/my_py_pkg:/home/emkorogodsky/ros2_ws/install/bumperbot_py_examples:/opt/ros/humble /usr/bin/cmake --install /home/emkorogodsky/ros2_ws/src/build/bumperbot_controller
[0.376s] DEBUG:colcon.colcon_core.event_handler.log_command:Invoking command in '/home/emkorogodsky/ros2_ws/src/build/bumperbot_description': CMAKE_PREFIX_PATH=${CMAKE_PREFIX_PATH}:/home/emkorogodsky/ros2_ws/install/my_py_pkg:/home/emkorogodsky/ros2_ws/install/bumperbot_py_examples:/opt/ros/humble /usr/bin/cmake --install /home/emkorogodsky/ros2_ws/src/build/bumperbot_description
[0.390s] Level 1:colcon.colcon_core.environment:create_environment_scripts_only(bumperbot_controller)
[0.392s] DEBUG:colcon.colcon_core.event_handler.log_command:Invoked command in '/home/emkorogodsky/ros2_ws/src/build/bumperbot_controller' returned '0': CMAKE_PREFIX_PATH=${CMAKE_PREFIX_PATH}:/home/emkorogodsky/ros2_ws/install/my_py_pkg:/home/emkorogodsky/ros2_ws/install/bumperbot_py_examples:/opt/ros/humble /usr/bin/cmake --install /home/emkorogodsky/ros2_ws/src/build/bumperbot_controller
[0.393s] Level 1:colcon.colcon_core.environment:checking '/home/emkorogodsky/ros2_ws/src/install/bumperbot_controller' for CMake module files
[0.393s] Level 1:colcon.colcon_core.environment:checking '/home/emkorogodsky/ros2_ws/src/install/bumperbot_controller' for CMake config files
[0.393s] Level 1:colcon.colcon_core.shell:create_environment_hook('bumperbot_controller', 'cmake_prefix_path')
[0.393s] INFO:colcon.colcon_core.shell:Creating environment hook '/home/emkorogodsky/ros2_ws/src/install/bumperbot_controller/share/bumperbot_controller/hook/cmake_prefix_path.ps1'
[0.394s] INFO:colcon.colcon_core.shell:Creating environment descriptor '/home/emkorogodsky/ros2_ws/src/install/bumperbot_controller/share/bumperbot_controller/hook/cmake_prefix_path.dsv'
[0.394s] INFO:colcon.colcon_core.shell:Creating environment hook '/home/emkorogodsky/ros2_ws/src/install/bumperbot_controller/share/bumperbot_controller/hook/cmake_prefix_path.sh'
[0.394s] Level 1:colcon.colcon_core.environment:checking '/home/emkorogodsky/ros2_ws/src/install/bumperbot_controller/bin'
[0.394s] Level 1:colcon.colcon_core.environment:checking '/home/emkorogodsky/ros2_ws/src/install/bumperbot_controller/lib/pkgconfig/bumperbot_controller.pc'
[0.395s] Level 1:colcon.colcon_core.environment:checking '/home/emkorogodsky/ros2_ws/src/install/bumperbot_controller/lib/python3.10/site-packages'
[0.395s] Level 1:colcon.colcon_core.environment:checking '/home/emkorogodsky/ros2_ws/src/install/bumperbot_controller/bin'
[0.395s] INFO:colcon.colcon_core.shell:Creating package script '/home/emkorogodsky/ros2_ws/src/install/bumperbot_controller/share/bumperbot_controller/package.ps1'
[0.396s] INFO:colcon.colcon_core.shell:Creating package descriptor '/home/emkorogodsky/ros2_ws/src/install/bumperbot_controller/share/bumperbot_controller/package.dsv'
[0.397s] INFO:colcon.colcon_core.shell:Creating package script '/home/emkorogodsky/ros2_ws/src/install/bumperbot_controller/share/bumperbot_controller/package.sh'
[0.397s] INFO:colcon.colcon_core.shell:Creating package script '/home/emkorogodsky/ros2_ws/src/install/bumperbot_controller/share/bumperbot_controller/package.bash'
[0.397s] INFO:colcon.colcon_core.shell:Creating package script '/home/emkorogodsky/ros2_ws/src/install/bumperbot_controller/share/bumperbot_controller/package.zsh'
[0.398s] Level 1:colcon.colcon_core.environment:create_file_with_runtime_dependencies(/home/emkorogodsky/ros2_ws/src/install/bumperbot_controller/share/colcon-core/packages/bumperbot_controller)
[0.399s] Level 1:colcon.colcon_core.environment:create_environment_scripts_only(bumperbot_description)
[0.399s] Level 1:colcon.colcon_core.environment:checking '/home/emkorogodsky/ros2_ws/src/install/bumperbot_description' for CMake module files
[0.400s] DEBUG:colcon.colcon_core.event_handler.log_command:Invoked command in '/home/emkorogodsky/ros2_ws/src/build/bumperbot_description' returned '0': CMAKE_PREFIX_PATH=${CMAKE_PREFIX_PATH}:/home/emkorogodsky/ros2_ws/install/my_py_pkg:/home/emkorogodsky/ros2_ws/install/bumperbot_py_examples:/opt/ros/humble /usr/bin/cmake --install /home/emkorogodsky/ros2_ws/src/build/bumperbot_description
[0.400s] Level 1:colcon.colcon_core.environment:checking '/home/emkorogodsky/ros2_ws/src/install/bumperbot_description' for CMake config files
[0.400s] Level 1:colcon.colcon_core.shell:create_environment_hook('bumperbot_description', 'cmake_prefix_path')
[0.401s] INFO:colcon.colcon_core.shell:Creating environment hook '/home/emkorogodsky/ros2_ws/src/install/bumperbot_description/share/bumperbot_description/hook/cmake_prefix_path.ps1'
[0.401s] INFO:colcon.colcon_core.shell:Creating environment descriptor '/home/emkorogodsky/ros2_ws/src/install/bumperbot_description/share/bumperbot_description/hook/cmake_prefix_path.dsv'
[0.401s] INFO:colcon.colcon_core.shell:Creating environment hook '/home/emkorogodsky/ros2_ws/src/install/bumperbot_description/share/bumperbot_description/hook/cmake_prefix_path.sh'
[0.402s] Level 1:colcon.colcon_core.environment:checking '/home/emkorogodsky/ros2_ws/src/install/bumperbot_description/bin'
[0.402s] Level 1:colcon.colcon_core.environment:checking '/home/emkorogodsky/ros2_ws/src/install/bumperbot_description/lib/pkgconfig/bumperbot_description.pc'
[0.402s] Level 1:colcon.colcon_core.environment:checking '/home/emkorogodsky/ros2_ws/src/install/bumperbot_description/lib/python3.10/site-packages'
[0.403s] Level 1:colcon.colcon_core.environment:checking '/home/emkorogodsky/ros2_ws/src/install/bumperbot_description/bin'
[0.403s] INFO:colcon.colcon_core.shell:Creating package script '/home/emkorogodsky/ros2_ws/src/install/bumperbot_description/share/bumperbot_description/package.ps1'
[0.403s] INFO:colcon.colcon_core.shell:Creating package descriptor '/home/emkorogodsky/ros2_ws/src/install/bumperbot_description/share/bumperbot_description/package.dsv'
[0.404s] INFO:colcon.colcon_core.shell:Creating package script '/home/emkorogodsky/ros2_ws/src/install/bumperbot_description/share/bumperbot_description/package.sh'
[0.405s] INFO:colcon.colcon_core.shell:Creating package script '/home/emkorogodsky/ros2_ws/src/install/bumperbot_description/share/bumperbot_description/package.bash'
[0.408s] INFO:colcon.colcon_core.shell:Creating package script '/home/emkorogodsky/ros2_ws/src/install/bumperbot_description/share/bumperbot_description/package.zsh'
[0.408s] Level 1:colcon.colcon_core.environment:create_file_with_runtime_dependencies(/home/emkorogodsky/ros2_ws/src/install/bumperbot_description/share/colcon-core/packages/bumperbot_description)
[0.423s] Level 1:colcon.colcon_core.environment:create_environment_scripts_only(bumperbot_controller)
[0.423s] Level 1:colcon.colcon_core.environment:checking '/home/emkorogodsky/ros2_ws/src/install/bumperbot_controller' for CMake module files
[0.423s] Level 1:colcon.colcon_core.environment:checking '/home/emkorogodsky/ros2_ws/src/install/bumperbot_controller' for CMake config files
[0.423s] Level 1:colcon.colcon_core.shell:create_environment_hook('bumperbot_controller', 'cmake_prefix_path')
[0.424s] INFO:colcon.colcon_core.shell:Creating environment hook '/home/emkorogodsky/ros2_ws/src/install/bumperbot_controller/share/bumperbot_controller/hook/cmake_prefix_path.ps1'
[0.424s] INFO:colcon.colcon_core.shell:Creating environment descriptor '/home/emkorogodsky/ros2_ws/src/install/bumperbot_controller/share/bumperbot_controller/hook/cmake_prefix_path.dsv'
[0.425s] INFO:colcon.colcon_core.shell:Creating environment hook '/home/emkorogodsky/ros2_ws/src/install/bumperbot_controller/share/bumperbot_controller/hook/cmake_prefix_path.sh'
[0.426s] Level 1:colcon.colcon_core.environment:checking '/home/emkorogodsky/ros2_ws/src/install/bumperbot_controller/bin'
[0.426s] Level 1:colcon.colcon_core.environment:checking '/home/emkorogodsky/ros2_ws/src/install/bumperbot_controller/lib/pkgconfig/bumperbot_controller.pc'
[0.426s] Level 1:colcon.colcon_core.environment:checking '/home/emkorogodsky/ros2_ws/src/install/bumperbot_controller/lib/python3.10/site-packages'
[0.427s] Level 1:colcon.colcon_core.environment:checking '/home/emkorogodsky/ros2_ws/src/install/bumperbot_controller/bin'
[0.427s] INFO:colcon.colcon_core.shell:Creating package script '/home/emkorogodsky/ros2_ws/src/install/bumperbot_controller/share/bumperbot_controller/package.ps1'
[0.427s] INFO:colcon.colcon_core.shell:Creating package descriptor '/home/emkorogodsky/ros2_ws/src/install/bumperbot_controller/share/bumperbot_controller/package.dsv'
[0.428s] INFO:colcon.colcon_core.shell:Creating package script '/home/emkorogodsky/ros2_ws/src/install/bumperbot_controller/share/bumperbot_controller/package.sh'
[0.429s] INFO:colcon.colcon_core.shell:Creating package script '/home/emkorogodsky/ros2_ws/src/install/bumperbot_controller/share/bumperbot_controller/package.bash'
[0.429s] INFO:colcon.colcon_core.shell:Creating package script '/home/emkorogodsky/ros2_ws/src/install/bumperbot_controller/share/bumperbot_controller/package.zsh'
[0.430s] Level 1:colcon.colcon_core.environment:create_file_with_runtime_dependencies(/home/emkorogodsky/ros2_ws/src/install/bumperbot_controller/share/colcon-core/packages/bumperbot_controller)
[0.432s] Level 1:colcon.colcon_core.environment:create_environment_scripts_only(bumperbot_description)
[0.432s] Level 1:colcon.colcon_core.environment:checking '/home/emkorogodsky/ros2_ws/src/install/bumperbot_description' for CMake module files
[0.432s] Level 1:colcon.colcon_core.environment:checking '/home/emkorogodsky/ros2_ws/src/install/bumperbot_description' for CMake config files
[0.432s] Level 1:colcon.colcon_core.shell:create_environment_hook('bumperbot_description', 'cmake_prefix_path')
[0.432s] INFO:colcon.colcon_core.shell:Creating environment hook '/home/emkorogodsky/ros2_ws/src/install/bumperbot_description/share/bumperbot_description/hook/cmake_prefix_path.ps1'
[0.433s] INFO:colcon.colcon_core.shell:Creating environment descriptor '/home/emkorogodsky/ros2_ws/src/install/bumperbot_description/share/bumperbot_description/hook/cmake_prefix_path.dsv'
[0.433s] INFO:colcon.colcon_core.shell:Creating environment hook '/home/emkorogodsky/ros2_ws/src/install/bumperbot_description/share/bumperbot_description/hook/cmake_prefix_path.sh'
[0.434s] Level 1:colcon.colcon_core.environment:checking '/home/emkorogodsky/ros2_ws/src/install/bumperbot_description/bin'
[0.435s] Level 1:colcon.colcon_core.environment:checking '/home/emkorogodsky/ros2_ws/src/install/bumperbot_description/lib/pkgconfig/bumperbot_description.pc'
[0.435s] Level 1:colcon.colcon_core.environment:checking '/home/emkorogodsky/ros2_ws/src/install/bumperbot_description/lib/python3.10/site-packages'
[0.435s] Level 1:colcon.colcon_core.environment:checking '/home/emkorogodsky/ros2_ws/src/install/bumperbot_description/bin'
[0.435s] INFO:colcon.colcon_core.shell:Creating package script '/home/emkorogodsky/ros2_ws/src/install/bumperbot_description/share/bumperbot_description/package.ps1'
[0.436s] INFO:colcon.colcon_core.shell:Creating package descriptor '/home/emkorogodsky/ros2_ws/src/install/bumperbot_description/share/bumperbot_description/package.dsv'
[0.437s] INFO:colcon.colcon_core.shell:Creating package script '/home/emkorogodsky/ros2_ws/src/install/bumperbot_description/share/bumperbot_description/package.sh'
[0.437s] INFO:colcon.colcon_core.shell:Creating package script '/home/emkorogodsky/ros2_ws/src/install/bumperbot_description/share/bumperbot_description/package.bash'
[0.440s] INFO:colcon.colcon_core.shell:Creating package script '/home/emkorogodsky/ros2_ws/src/install/bumperbot_description/share/bumperbot_description/package.zsh'
[0.441s] Level 1:colcon.colcon_core.environment:create_file_with_runtime_dependencies(/home/emkorogodsky/ros2_ws/src/install/bumperbot_description/share/colcon-core/packages/bumperbot_description)
[0.718s] DEBUG:colcon.colcon_core.event_handler.log_command:Invoking command in '/home/emkorogodsky/ros2_ws/src/bumperbot_py_examples': PYTHONPATH=/home/emkorogodsky/ros2_ws/src/build/bumperbot_py_examples/prefix_override:/usr/lib/python3/dist-packages/colcon_core/task/python/colcon_distutils_commands:/home/emkorogodsky/ros2_ws/src/install/bumperbot_py_examples/lib/python3.10/site-packages:${PYTHONPATH} /usr/bin/python3 -W ignore:setup.py install is deprecated setup.py egg_info --egg-base ../build/bumperbot_py_examples build --build-base /home/emkorogodsky/ros2_ws/src/build/bumperbot_py_examples/build install --record /home/emkorogodsky/ros2_ws/src/build/bumperbot_py_examples/install.log --single-version-externally-managed install_data
[1.019s] Level 1:colcon.colcon_core.environment:checking '/home/emkorogodsky/ros2_ws/src/install/bumperbot_py_examples' for CMake module files
[1.020s] Level 1:colcon.colcon_core.environment:checking '/home/emkorogodsky/ros2_ws/src/install/bumperbot_py_examples' for CMake config files
[1.021s] DEBUG:colcon.colcon_core.event_handler.log_command:Invoked command in '/home/emkorogodsky/ros2_ws/src/bumperbot_py_examples' returned '0': PYTHONPATH=/home/emkorogodsky/ros2_ws/src/build/bumperbot_py_examples/prefix_override:/usr/lib/python3/dist-packages/colcon_core/task/python/colcon_distutils_commands:/home/emkorogodsky/ros2_ws/src/install/bumperbot_py_examples/lib/python3.10/site-packages:${PYTHONPATH} /usr/bin/python3 -W ignore:setup.py install is deprecated setup.py egg_info --egg-base ../build/bumperbot_py_examples build --build-base /home/emkorogodsky/ros2_ws/src/build/bumperbot_py_examples/build install --record /home/emkorogodsky/ros2_ws/src/build/bumperbot_py_examples/install.log --single-version-externally-managed install_data
[1.021s] Level 1:colcon.colcon_core.environment:checking '/home/emkorogodsky/ros2_ws/src/install/bumperbot_py_examples/lib'
[1.022s] Level 1:colcon.colcon_core.environment:checking '/home/emkorogodsky/ros2_ws/src/install/bumperbot_py_examples/bin'
[1.022s] Level 1:colcon.colcon_core.environment:checking '/home/emkorogodsky/ros2_ws/src/install/bumperbot_py_examples/lib/pkgconfig/bumperbot_py_examples.pc'
[1.022s] Level 1:colcon.colcon_core.environment:checking '/home/emkorogodsky/ros2_ws/src/install/bumperbot_py_examples/lib/python3.10/site-packages'
[1.022s] Level 1:colcon.colcon_core.shell:create_environment_hook('bumperbot_py_examples', 'pythonpath')
[1.022s] INFO:colcon.colcon_core.shell:Creating environment hook '/home/emkorogodsky/ros2_ws/src/install/bumperbot_py_examples/share/bumperbot_py_examples/hook/pythonpath.ps1'
[1.023s] INFO:colcon.colcon_core.shell:Creating environment descriptor '/home/emkorogodsky/ros2_ws/src/install/bumperbot_py_examples/share/bumperbot_py_examples/hook/pythonpath.dsv'
[1.023s] INFO:colcon.colcon_core.shell:Creating environment hook '/home/emkorogodsky/ros2_ws/src/install/bumperbot_py_examples/share/bumperbot_py_examples/hook/pythonpath.sh'
[1.024s] Level 1:colcon.colcon_core.environment:checking '/home/emkorogodsky/ros2_ws/src/install/bumperbot_py_examples/bin'
[1.024s] Level 1:colcon.colcon_core.environment:create_environment_scripts_only(bumperbot_py_examples)
[1.024s] INFO:colcon.colcon_core.shell:Creating package script '/home/emkorogodsky/ros2_ws/src/install/bumperbot_py_examples/share/bumperbot_py_examples/package.ps1'
[1.024s] INFO:colcon.colcon_core.shell:Creating package descriptor '/home/emkorogodsky/ros2_ws/src/install/bumperbot_py_examples/share/bumperbot_py_examples/package.dsv'
[1.025s] INFO:colcon.colcon_core.shell:Creating package script '/home/emkorogodsky/ros2_ws/src/install/bumperbot_py_examples/share/bumperbot_py_examples/package.sh'
[1.025s] INFO:colcon.colcon_core.shell:Creating package script '/home/emkorogodsky/ros2_ws/src/install/bumperbot_py_examples/share/bumperbot_py_examples/package.bash'
[1.025s] INFO:colcon.colcon_core.shell:Creating package script '/home/emkorogodsky/ros2_ws/src/install/bumperbot_py_examples/share/bumperbot_py_examples/package.zsh'
[1.026s] Level 1:colcon.colcon_core.environment:create_file_with_runtime_dependencies(/home/emkorogodsky/ros2_ws/src/install/bumperbot_py_examples/share/colcon-core/packages/bumperbot_py_examples)
[1.026s] DEBUG:colcon.colcon_parallel_executor.executor.parallel:closing loop
[1.027s] DEBUG:colcon.colcon_parallel_executor.executor.parallel:loop closed
[1.027s] DEBUG:colcon.colcon_parallel_executor.executor.parallel:run_until_complete finished with '0'
[1.027s] DEBUG:colcon.colcon_core.event_reactor:joining thread
[1.031s] INFO:colcon.colcon_core.plugin_system:Skipping extension 'colcon_notification.desktop_notification.terminal_notifier': Not used on non-Darwin systems
[1.032s] INFO:colcon.colcon_core.plugin_system:Skipping extension 'colcon_notification.desktop_notification.win32': Not used on non-Windows systems
[1.032s] INFO:colcon.colcon_notification.desktop_notification:Sending desktop notification using 'notify2'
[1.047s] DEBUG:colcon.colcon_core.event_reactor:joined thread
[1.047s] INFO:colcon.colcon_core.shell:Creating prefix script '/home/emkorogodsky/ros2_ws/src/install/local_setup.ps1'
[1.050s] INFO:colcon.colcon_core.shell:Creating prefix util module '/home/emkorogodsky/ros2_ws/src/install/_local_setup_util_ps1.py'
[1.052s] INFO:colcon.colcon_core.shell:Creating prefix chain script '/home/emkorogodsky/ros2_ws/src/install/setup.ps1'
[1.055s] INFO:colcon.colcon_core.shell:Creating prefix script '/home/emkorogodsky/ros2_ws/src/install/local_setup.sh'
[1.057s] INFO:colcon.colcon_core.shell:Creating prefix util module '/home/emkorogodsky/ros2_ws/src/install/_local_setup_util_sh.py'
[1.057s] INFO:colcon.colcon_core.shell:Creating prefix chain script '/home/emkorogodsky/ros2_ws/src/install/setup.sh'
[1.058s] INFO:colcon.colcon_core.shell:Creating prefix script '/home/emkorogodsky/ros2_ws/src/install/local_setup.bash'
[1.059s] INFO:colcon.colcon_core.shell:Creating prefix chain script '/home/emkorogodsky/ros2_ws/src/install/setup.bash'
[1.060s] INFO:colcon.colcon_core.shell:Creating prefix script '/home/emkorogodsky/ros2_ws/src/install/local_setup.zsh'
[1.061s] INFO:colcon.colcon_core.shell:Creating prefix chain script '/home/emkorogodsky/ros2_ws/src/install/setup.zsh'
