[0.610s] Invoking command in '/home/emkorogodsky/ros2_ws/src/bumperbot_py_examples': PYTHONPATH=/home/emkorogodsky/ros2_ws/src/build/bumperbot_py_examples/prefix_override:/usr/lib/python3/dist-packages/colcon_core/task/python/colcon_distutils_commands:/home/emkorogodsky/ros2_ws/src/install/bumperbot_py_examples/lib/python3.10/site-packages:${PYTHONPATH} /usr/bin/python3 -W ignore:setup.py install is deprecated setup.py egg_info --egg-base ../build/bumperbot_py_examples build --build-base /home/emkorogodsky/ros2_ws/src/build/bumperbot_py_examples/build install --record /home/emkorogodsky/ros2_ws/src/build/bumperbot_py_examples/install.log --single-version-externally-managed install_data
[0.775s] running egg_info
[0.784s] writing ../build/bumperbot_py_examples/bumperbot_py_examples.egg-info/PKG-INFO
[0.785s] writing dependency_links to ../build/bumperbot_py_examples/bumperbot_py_examples.egg-info/dependency_links.txt
[0.785s] writing entry points to ../build/bumperbot_py_examples/bumperbot_py_examples.egg-info/entry_points.txt
[0.785s] writing requirements to ../build/bumperbot_py_examples/bumperbot_py_examples.egg-info/requires.txt
[0.785s] writing top-level names to ../build/bumperbot_py_examples/bumperbot_py_examples.egg-info/top_level.txt
[0.809s] reading manifest file '../build/bumperbot_py_examples/bumperbot_py_examples.egg-info/SOURCES.txt'
[0.809s] writing manifest file '../build/bumperbot_py_examples/bumperbot_py_examples.egg-info/SOURCES.txt'
[0.810s] running build
[0.810s] running build_py
[0.811s] copying bumperbot_py_examples/__init__.py -> /home/emkorogodsky/ros2_ws/src/build/bumperbot_py_examples/build/lib/bumperbot_py_examples
[0.811s] copying bumperbot_py_examples/simple_publisher.py -> /home/emkorogodsky/ros2_ws/src/build/bumperbot_py_examples/build/lib/bumperbot_py_examples
[0.811s] copying bumperbot_py_examples/simple_subscriber.py -> /home/emkorogodsky/ros2_ws/src/build/bumperbot_py_examples/build/lib/bumperbot_py_examples
[0.811s] running install
[0.815s] running install_lib
[0.825s] running install_data
[0.825s] running install_egg_info
[0.839s] removing '/home/emkorogodsky/ros2_ws/src/install/bumperbot_py_examples/lib/python3.10/site-packages/bumperbot_py_examples-0.0.0-py3.10.egg-info' (and everything under it)
[0.840s] Copying ../build/bumperbot_py_examples/bumperbot_py_examples.egg-info to /home/emkorogodsky/ros2_ws/src/install/bumperbot_py_examples/lib/python3.10/site-packages/bumperbot_py_examples-0.0.0-py3.10.egg-info
[0.841s] running install_scripts
[0.939s] Installing simple_publisher script to /home/emkorogodsky/ros2_ws/src/install/bumperbot_py_examples/lib/bumperbot_py_examples
[0.939s] Installing simple_subscriber script to /home/emkorogodsky/ros2_ws/src/install/bumperbot_py_examples/lib/bumperbot_py_examples
[0.940s] writing list of installed files to '/home/emkorogodsky/ros2_ws/src/build/bumperbot_py_examples/install.log'
[0.962s] Invoked command in '/home/emkorogodsky/ros2_ws/src/bumperbot_py_examples' returned '0': PYTHONPATH=/home/emkorogodsky/ros2_ws/src/build/bumperbot_py_examples/prefix_override:/usr/lib/python3/dist-packages/colcon_core/task/python/colcon_distutils_commands:/home/emkorogodsky/ros2_ws/src/install/bumperbot_py_examples/lib/python3.10/site-packages:${PYTHONPATH} /usr/bin/python3 -W ignore:setup.py install is deprecated setup.py egg_info --egg-base ../build/bumperbot_py_examples build --build-base /home/emkorogodsky/ros2_ws/src/build/bumperbot_py_examples/build install --record /home/emkorogodsky/ros2_ws/src/build/bumperbot_py_examples/install.log --single-version-externally-managed install_data
