[0.317s] Invoking command in '/home/emkorogodsky/ros2_ws/src/build/my_cpp_pkg': CMAKE_PREFIX_PATH=${CMAKE_PREFIX_PATH}:/home/emkorogodsky/ros2_ws/install/my_py_pkg:/home/emkorogodsky/ros2_ws/install/bumperbot_py_examples:/opt/ros/humble /usr/bin/cmake --build /home/emkorogodsky/ros2_ws/src/build/my_cpp_pkg -- -j8 -l8
[0.341s] -- Found ament_cmake: 1.3.10 (/opt/ros/humble/share/ament_cmake/cmake)
[0.454s] -- Found rclcpp: 16.0.10 (/opt/ros/humble/share/rclcpp/cmake)
[0.482s] -- Found rosidl_generator_c: 3.1.5 (/opt/ros/humble/share/rosidl_generator_c/cmake)
[0.485s] -- Found rosidl_adapter: 3.1.5 (/opt/ros/humble/share/rosidl_adapter/cmake)
[0.488s] -- Found rosidl_generator_cpp: 3.1.5 (/opt/ros/humble/share/rosidl_generator_cpp/cmake)
[0.497s] -- Using all available rosidl_typesupport_c: rosidl_typesupport_fastrtps_c;rosidl_typesupport_introspection_c
[0.510s] -- Using all available rosidl_typesupport_cpp: rosidl_typesupport_fastrtps_cpp;rosidl_typesupport_introspection_cpp
[0.542s] -- Found rmw_implementation_cmake: 6.1.2 (/opt/ros/humble/share/rmw_implementation_cmake/cmake)
[0.543s] -- Found rmw_fastrtps_cpp: 6.2.7 (/opt/ros/humble/share/rmw_fastrtps_cpp/cmake)
[0.642s] -- Using RMW implementation 'rmw_fastrtps_cpp' as default
[0.751s] -- Configuring done
[0.766s] -- Generating done
[0.766s] -- Build files have been written to: /home/emkorogodsky/ros2_ws/src/build/my_cpp_pkg
[0.791s] [35m[1mConsolidate compiler generated dependencies of target cpp_node[0m
[0.806s] [ 50%] [32mBuilding CXX object CMakeFiles/cpp_node.dir/src/my_first_node.cpp.o[0m
[4.106s] [100%] [32m[1mLinking CXX executable cpp_node[0m
[4.200s] [100%] Built target cpp_node
[4.211s] Invoked command in '/home/emkorogodsky/ros2_ws/src/build/my_cpp_pkg' returned '0': CMAKE_PREFIX_PATH=${CMAKE_PREFIX_PATH}:/home/emkorogodsky/ros2_ws/install/my_py_pkg:/home/emkorogodsky/ros2_ws/install/bumperbot_py_examples:/opt/ros/humble /usr/bin/cmake --build /home/emkorogodsky/ros2_ws/src/build/my_cpp_pkg -- -j8 -l8
[4.241s] Invoking command in '/home/emkorogodsky/ros2_ws/src/build/my_cpp_pkg': CMAKE_PREFIX_PATH=${CMAKE_PREFIX_PATH}:/home/emkorogodsky/ros2_ws/install/my_py_pkg:/home/emkorogodsky/ros2_ws/install/bumperbot_py_examples:/opt/ros/humble /usr/bin/cmake --install /home/emkorogodsky/ros2_ws/src/build/my_cpp_pkg
[4.246s] -- Install configuration: ""
[4.248s] -- Installing: /home/emkorogodsky/ros2_ws/src/install/my_cpp_pkg/lib/my_cpp_pkg/cpp_node
[4.249s] -- Set runtime path of "/home/emkorogodsky/ros2_ws/src/install/my_cpp_pkg/lib/my_cpp_pkg/cpp_node" to ""
[4.249s] -- Up-to-date: /home/emkorogodsky/ros2_ws/src/install/my_cpp_pkg/share/ament_index/resource_index/package_run_dependencies/my_cpp_pkg
[4.249s] -- Installing: /home/emkorogodsky/ros2_ws/src/install/my_cpp_pkg/share/ament_index/resource_index/parent_prefix_path/my_cpp_pkg
[4.249s] -- Installing: /home/emkorogodsky/ros2_ws/src/install/my_cpp_pkg/share/my_cpp_pkg/environment/ament_prefix_path.sh
[4.249s] -- Installing: /home/emkorogodsky/ros2_ws/src/install/my_cpp_pkg/share/my_cpp_pkg/environment/ament_prefix_path.dsv
[4.249s] -- Installing: /home/emkorogodsky/ros2_ws/src/install/my_cpp_pkg/share/my_cpp_pkg/environment/path.sh
[4.250s] -- Installing: /home/emkorogodsky/ros2_ws/src/install/my_cpp_pkg/share/my_cpp_pkg/environment/path.dsv
[4.250s] -- Up-to-date: /home/emkorogodsky/ros2_ws/src/install/my_cpp_pkg/share/my_cpp_pkg/local_setup.bash
[4.250s] -- Up-to-date: /home/emkorogodsky/ros2_ws/src/install/my_cpp_pkg/share/my_cpp_pkg/local_setup.sh
[4.250s] -- Up-to-date: /home/emkorogodsky/ros2_ws/src/install/my_cpp_pkg/share/my_cpp_pkg/local_setup.zsh
[4.250s] -- Installing: /home/emkorogodsky/ros2_ws/src/install/my_cpp_pkg/share/my_cpp_pkg/local_setup.dsv
[4.250s] -- Installing: /home/emkorogodsky/ros2_ws/src/install/my_cpp_pkg/share/my_cpp_pkg/package.dsv
[4.250s] -- Up-to-date: /home/emkorogodsky/ros2_ws/src/install/my_cpp_pkg/share/ament_index/resource_index/packages/my_cpp_pkg
[4.250s] -- Up-to-date: /home/emkorogodsky/ros2_ws/src/install/my_cpp_pkg/share/my_cpp_pkg/cmake/my_cpp_pkgConfig.cmake
[4.250s] -- Up-to-date: /home/emkorogodsky/ros2_ws/src/install/my_cpp_pkg/share/my_cpp_pkg/cmake/my_cpp_pkgConfig-version.cmake
[4.250s] -- Up-to-date: /home/emkorogodsky/ros2_ws/src/install/my_cpp_pkg/share/my_cpp_pkg/package.xml
[4.251s] Invoked command in '/home/emkorogodsky/ros2_ws/src/build/my_cpp_pkg' returned '0': CMAKE_PREFIX_PATH=${CMAKE_PREFIX_PATH}:/home/emkorogodsky/ros2_ws/install/my_py_pkg:/home/emkorogodsky/ros2_ws/install/bumperbot_py_examples:/opt/ros/humble /usr/bin/cmake --install /home/emkorogodsky/ros2_ws/src/build/my_cpp_pkg
