[0.067s] DEBUG:colcon:Command line arguments: ['/usr/bin/colcon', 'build']
[0.067s] DEBUG:colcon:Parsed command line arguments: Namespace(log_base=None, log_level=None, verb_name='build', build_base='build', install_base='install', merge_install=False, symlink_install=False, test_result_base=None, continue_on_error=False, executor='parallel', parallel_workers=8, event_handlers=None, ignore_user_meta=False, metas=['./colcon.meta'], base_paths=['.'], packages_ignore=None, packages_ignore_regex=None, paths=None, packages_up_to=None, packages_up_to_regex=None, packages_above=None, packages_above_and_dependencies=None, packages_above_depth=None, packages_select_by_dep=None, packages_skip_by_dep=None, packages_skip_up_to=None, packages_select_build_failed=False, packages_skip_build_finished=False, packages_select_test_failures=False, packages_skip_test_passed=False, packages_select=None, packages_skip=None, packages_select_regex=None, packages_skip_regex=None, packages_start=None, packages_end=None, allow_overriding=[], cmake_args=None, cmake_target=None, cmake_target_skip_unavailable=False, cmake_clean_cache=False, cmake_clean_first=False, cmake_force_configure=False, ament_cmake_args=None, catkin_cmake_args=None, catkin_skip_building_tests=False, mixin_files=None, mixin=None, verb_parser=<colcon_mixin.mixin.mixin_argument.MixinArgumentDecorator object at 0xffb422c83190>, verb_extension=<colcon_core.verb.build.BuildVerb object at 0xffb422c82bc0>, main=<bound method BuildVerb.main of <colcon_core.verb.build.BuildVerb object at 0xffb422c82bc0>>, mixin_verb=('build',))
[0.088s] Level 1:colcon.colcon_core.package_discovery:discover_packages(colcon_meta) check parameters
[0.088s] Level 1:colcon.colcon_core.package_discovery:discover_packages(recursive) check parameters
[0.088s] Level 1:colcon.colcon_core.package_discovery:discover_packages(ignore) check parameters
[0.088s] Level 1:colcon.colcon_core.package_discovery:discover_packages(path) check parameters
[0.088s] Level 1:colcon.colcon_core.package_discovery:discover_packages(colcon_meta) discover
[0.088s] Level 1:colcon.colcon_core.package_discovery:discover_packages(recursive) discover
[0.088s] INFO:colcon.colcon_core.package_discovery:Crawling recursively for packages in '/home/emkorogodsky/ros2_ws/src'
[0.089s] Level 1:colcon.colcon_core.package_identification:_identify(.) by extensions ['ignore', 'ignore_ament_install']
[0.089s] Level 1:colcon.colcon_core.package_identification:_identify(.) by extension 'ignore'
[0.089s] Level 1:colcon.colcon_core.package_identification:_identify(.) by extension 'ignore_ament_install'
[0.089s] Level 1:colcon.colcon_core.package_identification:_identify(.) by extensions ['colcon_pkg']
[0.089s] Level 1:colcon.colcon_core.package_identification:_identify(.) by extension 'colcon_pkg'
[0.089s] Level 1:colcon.colcon_core.package_identification:_identify(.) by extensions ['colcon_meta']
[0.089s] Level 1:colcon.colcon_core.package_identification:_identify(.) by extension 'colcon_meta'
[0.089s] Level 1:colcon.colcon_core.package_identification:_identify(.) by extensions ['ros']
[0.089s] Level 1:colcon.colcon_core.package_identification:_identify(.) by extension 'ros'
[0.098s] Level 1:colcon.colcon_core.package_identification:_identify(.) by extensions ['cmake', 'python']
[0.098s] Level 1:colcon.colcon_core.package_identification:_identify(.) by extension 'cmake'
[0.098s] Level 1:colcon.colcon_core.package_identification:_identify(.) by extension 'python'
[0.098s] Level 1:colcon.colcon_core.package_identification:_identify(.) by extensions ['python_setup_py']
[0.098s] Level 1:colcon.colcon_core.package_identification:_identify(.) by extension 'python_setup_py'
[0.099s] Level 1:colcon.colcon_core.package_identification:_identify(build) by extensions ['ignore', 'ignore_ament_install']
[0.099s] Level 1:colcon.colcon_core.package_identification:_identify(build) by extension 'ignore'
[0.099s] Level 1:colcon.colcon_core.package_identification:_identify(build) ignored
[0.099s] Level 1:colcon.colcon_core.package_identification:_identify(bumperbot_controller) by extensions ['ignore', 'ignore_ament_install']
[0.099s] Level 1:colcon.colcon_core.package_identification:_identify(bumperbot_controller) by extension 'ignore'
[0.099s] Level 1:colcon.colcon_core.package_identification:_identify(bumperbot_controller) by extension 'ignore_ament_install'
[0.099s] Level 1:colcon.colcon_core.package_identification:_identify(bumperbot_controller) by extensions ['colcon_pkg']
[0.099s] Level 1:colcon.colcon_core.package_identification:_identify(bumperbot_controller) by extension 'colcon_pkg'
[0.099s] Level 1:colcon.colcon_core.package_identification:_identify(bumperbot_controller) by extensions ['colcon_meta']
[0.099s] Level 1:colcon.colcon_core.package_identification:_identify(bumperbot_controller) by extension 'colcon_meta'
[0.099s] Level 1:colcon.colcon_core.package_identification:_identify(bumperbot_controller) by extensions ['ros']
[0.099s] Level 1:colcon.colcon_core.package_identification:_identify(bumperbot_controller) by extension 'ros'
[0.100s] DEBUG:colcon.colcon_core.package_identification:Package 'bumperbot_controller' with type 'ros.ament_cmake' and name 'bumperbot_controller'
[0.100s] Level 1:colcon.colcon_core.package_identification:_identify(bumperbot_cpp_examples) by extensions ['ignore', 'ignore_ament_install']
[0.100s] Level 1:colcon.colcon_core.package_identification:_identify(bumperbot_cpp_examples) by extension 'ignore'
[0.100s] Level 1:colcon.colcon_core.package_identification:_identify(bumperbot_cpp_examples) by extension 'ignore_ament_install'
[0.100s] Level 1:colcon.colcon_core.package_identification:_identify(bumperbot_cpp_examples) by extensions ['colcon_pkg']
[0.100s] Level 1:colcon.colcon_core.package_identification:_identify(bumperbot_cpp_examples) by extension 'colcon_pkg'
[0.100s] Level 1:colcon.colcon_core.package_identification:_identify(bumperbot_cpp_examples) by extensions ['colcon_meta']
[0.100s] Level 1:colcon.colcon_core.package_identification:_identify(bumperbot_cpp_examples) by extension 'colcon_meta'
[0.100s] Level 1:colcon.colcon_core.package_identification:_identify(bumperbot_cpp_examples) by extensions ['ros']
[0.100s] Level 1:colcon.colcon_core.package_identification:_identify(bumperbot_cpp_examples) by extension 'ros'
[0.101s] DEBUG:colcon.colcon_core.package_identification:Package 'bumperbot_cpp_examples' with type 'ros.ament_cmake' and name 'bumperbot_cpp_examples'
[0.101s] Level 1:colcon.colcon_core.package_identification:_identify(bumperbot_py_examples) by extensions ['ignore', 'ignore_ament_install']
[0.101s] Level 1:colcon.colcon_core.package_identification:_identify(bumperbot_py_examples) by extension 'ignore'
[0.101s] Level 1:colcon.colcon_core.package_identification:_identify(bumperbot_py_examples) by extension 'ignore_ament_install'
[0.101s] Level 1:colcon.colcon_core.package_identification:_identify(bumperbot_py_examples) by extensions ['colcon_pkg']
[0.101s] Level 1:colcon.colcon_core.package_identification:_identify(bumperbot_py_examples) by extension 'colcon_pkg'
[0.101s] Level 1:colcon.colcon_core.package_identification:_identify(bumperbot_py_examples) by extensions ['colcon_meta']
[0.101s] Level 1:colcon.colcon_core.package_identification:_identify(bumperbot_py_examples) by extension 'colcon_meta'
[0.101s] Level 1:colcon.colcon_core.package_identification:_identify(bumperbot_py_examples) by extensions ['ros']
[0.101s] Level 1:colcon.colcon_core.package_identification:_identify(bumperbot_py_examples) by extension 'ros'
[0.101s] DEBUG:colcon.colcon_core.package_identification:Package 'bumperbot_py_examples' with type 'ros.ament_python' and name 'bumperbot_py_examples'
[0.101s] Level 1:colcon.colcon_core.package_identification:_identify(install) by extensions ['ignore', 'ignore_ament_install']
[0.101s] Level 1:colcon.colcon_core.package_identification:_identify(install) by extension 'ignore'
[0.101s] Level 1:colcon.colcon_core.package_identification:_identify(install) ignored
[0.101s] Level 1:colcon.colcon_core.package_identification:_identify(log) by extensions ['ignore', 'ignore_ament_install']
[0.101s] Level 1:colcon.colcon_core.package_identification:_identify(log) by extension 'ignore'
[0.101s] Level 1:colcon.colcon_core.package_identification:_identify(log) ignored
[0.101s] Level 1:colcon.colcon_core.package_identification:_identify(my_cpp_pkg) by extensions ['ignore', 'ignore_ament_install']
[0.101s] Level 1:colcon.colcon_core.package_identification:_identify(my_cpp_pkg) by extension 'ignore'
[0.102s] Level 1:colcon.colcon_core.package_identification:_identify(my_cpp_pkg) by extension 'ignore_ament_install'
[0.102s] Level 1:colcon.colcon_core.package_identification:_identify(my_cpp_pkg) by extensions ['colcon_pkg']
[0.102s] Level 1:colcon.colcon_core.package_identification:_identify(my_cpp_pkg) by extension 'colcon_pkg'
[0.102s] Level 1:colcon.colcon_core.package_identification:_identify(my_cpp_pkg) by extensions ['colcon_meta']
[0.102s] Level 1:colcon.colcon_core.package_identification:_identify(my_cpp_pkg) by extension 'colcon_meta'
[0.102s] Level 1:colcon.colcon_core.package_identification:_identify(my_cpp_pkg) by extensions ['ros']
[0.102s] Level 1:colcon.colcon_core.package_identification:_identify(my_cpp_pkg) by extension 'ros'
[0.102s] DEBUG:colcon.colcon_core.package_identification:Package 'my_cpp_pkg' with type 'ros.ament_cmake' and name 'my_cpp_pkg'
[0.102s] Level 1:colcon.colcon_core.package_identification:_identify(my_py_pkg) by extensions ['ignore', 'ignore_ament_install']
[0.102s] Level 1:colcon.colcon_core.package_identification:_identify(my_py_pkg) by extension 'ignore'
[0.102s] Level 1:colcon.colcon_core.package_identification:_identify(my_py_pkg) by extension 'ignore_ament_install'
[0.102s] Level 1:colcon.colcon_core.package_identification:_identify(my_py_pkg) by extensions ['colcon_pkg']
[0.102s] Level 1:colcon.colcon_core.package_identification:_identify(my_py_pkg) by extension 'colcon_pkg'
[0.102s] Level 1:colcon.colcon_core.package_identification:_identify(my_py_pkg) by extensions ['colcon_meta']
[0.102s] Level 1:colcon.colcon_core.package_identification:_identify(my_py_pkg) by extension 'colcon_meta'
[0.102s] Level 1:colcon.colcon_core.package_identification:_identify(my_py_pkg) by extensions ['ros']
[0.102s] Level 1:colcon.colcon_core.package_identification:_identify(my_py_pkg) by extension 'ros'
[0.103s] DEBUG:colcon.colcon_core.package_identification:Package 'my_py_pkg' with type 'ros.ament_python' and name 'my_py_pkg'
[0.103s] Level 1:colcon.colcon_core.package_identification:_identify(my_robot_bringup) by extensions ['ignore', 'ignore_ament_install']
[0.103s] Level 1:colcon.colcon_core.package_identification:_identify(my_robot_bringup) by extension 'ignore'
[0.103s] Level 1:colcon.colcon_core.package_identification:_identify(my_robot_bringup) by extension 'ignore_ament_install'
[0.103s] Level 1:colcon.colcon_core.package_identification:_identify(my_robot_bringup) by extensions ['colcon_pkg']
[0.103s] Level 1:colcon.colcon_core.package_identification:_identify(my_robot_bringup) by extension 'colcon_pkg'
[0.103s] Level 1:colcon.colcon_core.package_identification:_identify(my_robot_bringup) by extensions ['colcon_meta']
[0.103s] Level 1:colcon.colcon_core.package_identification:_identify(my_robot_bringup) by extension 'colcon_meta'
[0.103s] Level 1:colcon.colcon_core.package_identification:_identify(my_robot_bringup) by extensions ['ros']
[0.103s] Level 1:colcon.colcon_core.package_identification:_identify(my_robot_bringup) by extension 'ros'
[0.103s] DEBUG:colcon.colcon_core.package_identification:Package 'my_robot_bringup' with type 'ros.ament_cmake' and name 'my_robot_bringup'
[0.103s] Level 1:colcon.colcon_core.package_identification:_identify(my_robot_interfaces) by extensions ['ignore', 'ignore_ament_install']
[0.103s] Level 1:colcon.colcon_core.package_identification:_identify(my_robot_interfaces) by extension 'ignore'
[0.103s] Level 1:colcon.colcon_core.package_identification:_identify(my_robot_interfaces) by extension 'ignore_ament_install'
[0.103s] Level 1:colcon.colcon_core.package_identification:_identify(my_robot_interfaces) by extensions ['colcon_pkg']
[0.103s] Level 1:colcon.colcon_core.package_identification:_identify(my_robot_interfaces) by extension 'colcon_pkg'
[0.103s] Level 1:colcon.colcon_core.package_identification:_identify(my_robot_interfaces) by extensions ['colcon_meta']
[0.103s] Level 1:colcon.colcon_core.package_identification:_identify(my_robot_interfaces) by extension 'colcon_meta'
[0.103s] Level 1:colcon.colcon_core.package_identification:_identify(my_robot_interfaces) by extensions ['ros']
[0.103s] Level 1:colcon.colcon_core.package_identification:_identify(my_robot_interfaces) by extension 'ros'
[0.104s] DEBUG:colcon.colcon_core.package_identification:Package 'my_robot_interfaces' with type 'ros.ament_cmake' and name 'my_robot_interfaces'
[0.104s] Level 1:colcon.colcon_core.package_discovery:discover_packages(recursive) using defaults
[0.104s] Level 1:colcon.colcon_core.package_discovery:discover_packages(ignore) discover
[0.104s] Level 1:colcon.colcon_core.package_discovery:discover_packages(ignore) using defaults
[0.104s] Level 1:colcon.colcon_core.package_discovery:discover_packages(path) discover
[0.104s] Level 1:colcon.colcon_core.package_discovery:discover_packages(path) using defaults
[0.115s] Level 1:colcon.colcon_core.package_discovery:discover_packages(prefix_path) check parameters
[0.115s] Level 1:colcon.colcon_core.package_discovery:discover_packages(prefix_path) discover
[0.117s] DEBUG:colcon.colcon_installed_package_information.package_discovery:Found 6 installed packages in /home/emkorogodsky/ros2_ws/install
[0.118s] DEBUG:colcon.colcon_installed_package_information.package_discovery:Found 289 installed packages in /opt/ros/humble
[0.119s] Level 1:colcon.colcon_core.package_discovery:discover_packages(prefix_path) using defaults
[0.146s] Level 5:colcon.colcon_core.verb:set package 'bumperbot_controller' build argument 'cmake_args' from command line to 'None'
[0.146s] Level 5:colcon.colcon_core.verb:set package 'bumperbot_controller' build argument 'cmake_target' from command line to 'None'
[0.146s] Level 5:colcon.colcon_core.verb:set package 'bumperbot_controller' build argument 'cmake_target_skip_unavailable' from command line to 'False'
[0.146s] Level 5:colcon.colcon_core.verb:set package 'bumperbot_controller' build argument 'cmake_clean_cache' from command line to 'False'
[0.146s] Level 5:colcon.colcon_core.verb:set package 'bumperbot_controller' build argument 'cmake_clean_first' from command line to 'False'
[0.146s] Level 5:colcon.colcon_core.verb:set package 'bumperbot_controller' build argument 'cmake_force_configure' from command line to 'False'
[0.146s] Level 5:colcon.colcon_core.verb:set package 'bumperbot_controller' build argument 'ament_cmake_args' from command line to 'None'
[0.146s] Level 5:colcon.colcon_core.verb:set package 'bumperbot_controller' build argument 'catkin_cmake_args' from command line to 'None'
[0.146s] Level 5:colcon.colcon_core.verb:set package 'bumperbot_controller' build argument 'catkin_skip_building_tests' from command line to 'False'
[0.146s] DEBUG:colcon.colcon_core.verb:Building package 'bumperbot_controller' with the following arguments: {'ament_cmake_args': None, 'build_base': '/home/emkorogodsky/ros2_ws/src/build/bumperbot_controller', 'catkin_cmake_args': None, 'catkin_skip_building_tests': False, 'cmake_args': None, 'cmake_clean_cache': False, 'cmake_clean_first': False, 'cmake_force_configure': False, 'cmake_target': None, 'cmake_target_skip_unavailable': False, 'install_base': '/home/emkorogodsky/ros2_ws/src/install/bumperbot_controller', 'merge_install': False, 'path': '/home/emkorogodsky/ros2_ws/src/bumperbot_controller', 'symlink_install': False, 'test_result_base': None}
[0.146s] Level 5:colcon.colcon_core.verb:set package 'bumperbot_cpp_examples' build argument 'cmake_args' from command line to 'None'
[0.147s] Level 5:colcon.colcon_core.verb:set package 'bumperbot_cpp_examples' build argument 'cmake_target' from command line to 'None'
[0.147s] Level 5:colcon.colcon_core.verb:set package 'bumperbot_cpp_examples' build argument 'cmake_target_skip_unavailable' from command line to 'False'
[0.147s] Level 5:colcon.colcon_core.verb:set package 'bumperbot_cpp_examples' build argument 'cmake_clean_cache' from command line to 'False'
[0.147s] Level 5:colcon.colcon_core.verb:set package 'bumperbot_cpp_examples' build argument 'cmake_clean_first' from command line to 'False'
[0.147s] Level 5:colcon.colcon_core.verb:set package 'bumperbot_cpp_examples' build argument 'cmake_force_configure' from command line to 'False'
[0.147s] Level 5:colcon.colcon_core.verb:set package 'bumperbot_cpp_examples' build argument 'ament_cmake_args' from command line to 'None'
[0.147s] Level 5:colcon.colcon_core.verb:set package 'bumperbot_cpp_examples' build argument 'catkin_cmake_args' from command line to 'None'
[0.147s] Level 5:colcon.colcon_core.verb:set package 'bumperbot_cpp_examples' build argument 'catkin_skip_building_tests' from command line to 'False'
[0.147s] DEBUG:colcon.colcon_core.verb:Building package 'bumperbot_cpp_examples' with the following arguments: {'ament_cmake_args': None, 'build_base': '/home/emkorogodsky/ros2_ws/src/build/bumperbot_cpp_examples', 'catkin_cmake_args': None, 'catkin_skip_building_tests': False, 'cmake_args': None, 'cmake_clean_cache': False, 'cmake_clean_first': False, 'cmake_force_configure': False, 'cmake_target': None, 'cmake_target_skip_unavailable': False, 'install_base': '/home/emkorogodsky/ros2_ws/src/install/bumperbot_cpp_examples', 'merge_install': False, 'path': '/home/emkorogodsky/ros2_ws/src/bumperbot_cpp_examples', 'symlink_install': False, 'test_result_base': None}
[0.147s] Level 5:colcon.colcon_core.verb:set package 'bumperbot_py_examples' build argument 'cmake_args' from command line to 'None'
[0.148s] Level 5:colcon.colcon_core.verb:set package 'bumperbot_py_examples' build argument 'cmake_target' from command line to 'None'
[0.148s] Level 5:colcon.colcon_core.verb:set package 'bumperbot_py_examples' build argument 'cmake_target_skip_unavailable' from command line to 'False'
[0.148s] Level 5:colcon.colcon_core.verb:set package 'bumperbot_py_examples' build argument 'cmake_clean_cache' from command line to 'False'
[0.148s] Level 5:colcon.colcon_core.verb:set package 'bumperbot_py_examples' build argument 'cmake_clean_first' from command line to 'False'
[0.148s] Level 5:colcon.colcon_core.verb:set package 'bumperbot_py_examples' build argument 'cmake_force_configure' from command line to 'False'
[0.148s] Level 5:colcon.colcon_core.verb:set package 'bumperbot_py_examples' build argument 'ament_cmake_args' from command line to 'None'
[0.148s] Level 5:colcon.colcon_core.verb:set package 'bumperbot_py_examples' build argument 'catkin_cmake_args' from command line to 'None'
[0.148s] Level 5:colcon.colcon_core.verb:set package 'bumperbot_py_examples' build argument 'catkin_skip_building_tests' from command line to 'False'
[0.148s] DEBUG:colcon.colcon_core.verb:Building package 'bumperbot_py_examples' with the following arguments: {'ament_cmake_args': None, 'build_base': '/home/emkorogodsky/ros2_ws/src/build/bumperbot_py_examples', 'catkin_cmake_args': None, 'catkin_skip_building_tests': False, 'cmake_args': None, 'cmake_clean_cache': False, 'cmake_clean_first': False, 'cmake_force_configure': False, 'cmake_target': None, 'cmake_target_skip_unavailable': False, 'install_base': '/home/emkorogodsky/ros2_ws/src/install/bumperbot_py_examples', 'merge_install': False, 'path': '/home/emkorogodsky/ros2_ws/src/bumperbot_py_examples', 'symlink_install': False, 'test_result_base': None}
[0.149s] Level 5:colcon.colcon_core.verb:set package 'my_cpp_pkg' build argument 'cmake_args' from command line to 'None'
[0.149s] Level 5:colcon.colcon_core.verb:set package 'my_cpp_pkg' build argument 'cmake_target' from command line to 'None'
[0.149s] Level 5:colcon.colcon_core.verb:set package 'my_cpp_pkg' build argument 'cmake_target_skip_unavailable' from command line to 'False'
[0.149s] Level 5:colcon.colcon_core.verb:set package 'my_cpp_pkg' build argument 'cmake_clean_cache' from command line to 'False'
[0.149s] Level 5:colcon.colcon_core.verb:set package 'my_cpp_pkg' build argument 'cmake_clean_first' from command line to 'False'
[0.149s] Level 5:colcon.colcon_core.verb:set package 'my_cpp_pkg' build argument 'cmake_force_configure' from command line to 'False'
[0.149s] Level 5:colcon.colcon_core.verb:set package 'my_cpp_pkg' build argument 'ament_cmake_args' from command line to 'None'
[0.149s] Level 5:colcon.colcon_core.verb:set package 'my_cpp_pkg' build argument 'catkin_cmake_args' from command line to 'None'
[0.149s] Level 5:colcon.colcon_core.verb:set package 'my_cpp_pkg' build argument 'catkin_skip_building_tests' from command line to 'False'
[0.149s] DEBUG:colcon.colcon_core.verb:Building package 'my_cpp_pkg' with the following arguments: {'ament_cmake_args': None, 'build_base': '/home/emkorogodsky/ros2_ws/src/build/my_cpp_pkg', 'catkin_cmake_args': None, 'catkin_skip_building_tests': False, 'cmake_args': None, 'cmake_clean_cache': False, 'cmake_clean_first': False, 'cmake_force_configure': False, 'cmake_target': None, 'cmake_target_skip_unavailable': False, 'install_base': '/home/emkorogodsky/ros2_ws/src/install/my_cpp_pkg', 'merge_install': False, 'path': '/home/emkorogodsky/ros2_ws/src/my_cpp_pkg', 'symlink_install': False, 'test_result_base': None}
[0.149s] Level 5:colcon.colcon_core.verb:set package 'my_py_pkg' build argument 'cmake_args' from command line to 'None'
[0.149s] Level 5:colcon.colcon_core.verb:set package 'my_py_pkg' build argument 'cmake_target' from command line to 'None'
[0.149s] Level 5:colcon.colcon_core.verb:set package 'my_py_pkg' build argument 'cmake_target_skip_unavailable' from command line to 'False'
[0.149s] Level 5:colcon.colcon_core.verb:set package 'my_py_pkg' build argument 'cmake_clean_cache' from command line to 'False'
[0.149s] Level 5:colcon.colcon_core.verb:set package 'my_py_pkg' build argument 'cmake_clean_first' from command line to 'False'
[0.149s] Level 5:colcon.colcon_core.verb:set package 'my_py_pkg' build argument 'cmake_force_configure' from command line to 'False'
[0.149s] Level 5:colcon.colcon_core.verb:set package 'my_py_pkg' build argument 'ament_cmake_args' from command line to 'None'
[0.149s] Level 5:colcon.colcon_core.verb:set package 'my_py_pkg' build argument 'catkin_cmake_args' from command line to 'None'
[0.149s] Level 5:colcon.colcon_core.verb:set package 'my_py_pkg' build argument 'catkin_skip_building_tests' from command line to 'False'
[0.149s] DEBUG:colcon.colcon_core.verb:Building package 'my_py_pkg' with the following arguments: {'ament_cmake_args': None, 'build_base': '/home/emkorogodsky/ros2_ws/src/build/my_py_pkg', 'catkin_cmake_args': None, 'catkin_skip_building_tests': False, 'cmake_args': None, 'cmake_clean_cache': False, 'cmake_clean_first': False, 'cmake_force_configure': False, 'cmake_target': None, 'cmake_target_skip_unavailable': False, 'install_base': '/home/emkorogodsky/ros2_ws/src/install/my_py_pkg', 'merge_install': False, 'path': '/home/emkorogodsky/ros2_ws/src/my_py_pkg', 'symlink_install': False, 'test_result_base': None}
[0.149s] Level 5:colcon.colcon_core.verb:set package 'my_robot_interfaces' build argument 'cmake_args' from command line to 'None'
[0.149s] Level 5:colcon.colcon_core.verb:set package 'my_robot_interfaces' build argument 'cmake_target' from command line to 'None'
[0.149s] Level 5:colcon.colcon_core.verb:set package 'my_robot_interfaces' build argument 'cmake_target_skip_unavailable' from command line to 'False'
[0.149s] Level 5:colcon.colcon_core.verb:set package 'my_robot_interfaces' build argument 'cmake_clean_cache' from command line to 'False'
[0.149s] Level 5:colcon.colcon_core.verb:set package 'my_robot_interfaces' build argument 'cmake_clean_first' from command line to 'False'
[0.149s] Level 5:colcon.colcon_core.verb:set package 'my_robot_interfaces' build argument 'cmake_force_configure' from command line to 'False'
[0.149s] Level 5:colcon.colcon_core.verb:set package 'my_robot_interfaces' build argument 'ament_cmake_args' from command line to 'None'
[0.149s] Level 5:colcon.colcon_core.verb:set package 'my_robot_interfaces' build argument 'catkin_cmake_args' from command line to 'None'
[0.149s] Level 5:colcon.colcon_core.verb:set package 'my_robot_interfaces' build argument 'catkin_skip_building_tests' from command line to 'False'
[0.149s] DEBUG:colcon.colcon_core.verb:Building package 'my_robot_interfaces' with the following arguments: {'ament_cmake_args': None, 'build_base': '/home/emkorogodsky/ros2_ws/src/build/my_robot_interfaces', 'catkin_cmake_args': None, 'catkin_skip_building_tests': False, 'cmake_args': None, 'cmake_clean_cache': False, 'cmake_clean_first': False, 'cmake_force_configure': False, 'cmake_target': None, 'cmake_target_skip_unavailable': False, 'install_base': '/home/emkorogodsky/ros2_ws/src/install/my_robot_interfaces', 'merge_install': False, 'path': '/home/emkorogodsky/ros2_ws/src/my_robot_interfaces', 'symlink_install': False, 'test_result_base': None}
[0.149s] Level 5:colcon.colcon_core.verb:set package 'my_robot_bringup' build argument 'cmake_args' from command line to 'None'
[0.149s] Level 5:colcon.colcon_core.verb:set package 'my_robot_bringup' build argument 'cmake_target' from command line to 'None'
[0.149s] Level 5:colcon.colcon_core.verb:set package 'my_robot_bringup' build argument 'cmake_target_skip_unavailable' from command line to 'False'
[0.149s] Level 5:colcon.colcon_core.verb:set package 'my_robot_bringup' build argument 'cmake_clean_cache' from command line to 'False'
[0.149s] Level 5:colcon.colcon_core.verb:set package 'my_robot_bringup' build argument 'cmake_clean_first' from command line to 'False'
[0.149s] Level 5:colcon.colcon_core.verb:set package 'my_robot_bringup' build argument 'cmake_force_configure' from command line to 'False'
[0.149s] Level 5:colcon.colcon_core.verb:set package 'my_robot_bringup' build argument 'ament_cmake_args' from command line to 'None'
[0.149s] Level 5:colcon.colcon_core.verb:set package 'my_robot_bringup' build argument 'catkin_cmake_args' from command line to 'None'
[0.150s] Level 5:colcon.colcon_core.verb:set package 'my_robot_bringup' build argument 'catkin_skip_building_tests' from command line to 'False'
[0.150s] DEBUG:colcon.colcon_core.verb:Building package 'my_robot_bringup' with the following arguments: {'ament_cmake_args': None, 'build_base': '/home/emkorogodsky/ros2_ws/src/build/my_robot_bringup', 'catkin_cmake_args': None, 'catkin_skip_building_tests': False, 'cmake_args': None, 'cmake_clean_cache': False, 'cmake_clean_first': False, 'cmake_force_configure': False, 'cmake_target': None, 'cmake_target_skip_unavailable': False, 'install_base': '/home/emkorogodsky/ros2_ws/src/install/my_robot_bringup', 'merge_install': False, 'path': '/home/emkorogodsky/ros2_ws/src/my_robot_bringup', 'symlink_install': False, 'test_result_base': None}
[0.150s] INFO:colcon.colcon_core.executor:Executing jobs using 'parallel' executor
[0.150s] DEBUG:colcon.colcon_parallel_executor.executor.parallel:run_until_complete
[0.151s] INFO:colcon.colcon_ros.task.ament_python.build:Building ROS package in '/home/emkorogodsky/ros2_ws/src/my_py_pkg' with build type 'ament_python'
[0.151s] Level 1:colcon.colcon_core.shell:create_environment_hook('my_py_pkg', 'ament_prefix_path')
[0.155s] INFO:colcon.colcon_core.plugin_system:Skipping extension 'colcon_core.shell.bat': Not used on non-Windows systems
[0.155s] INFO:colcon.colcon_core.shell:Creating environment hook '/home/emkorogodsky/ros2_ws/src/install/my_py_pkg/share/my_py_pkg/hook/ament_prefix_path.ps1'
[0.156s] INFO:colcon.colcon_core.shell:Creating environment descriptor '/home/emkorogodsky/ros2_ws/src/install/my_py_pkg/share/my_py_pkg/hook/ament_prefix_path.dsv'
[0.156s] INFO:colcon.colcon_core.shell:Creating environment hook '/home/emkorogodsky/ros2_ws/src/install/my_py_pkg/share/my_py_pkg/hook/ament_prefix_path.sh'
[0.157s] INFO:colcon.colcon_core.shell:Skip shell extension 'powershell' for command environment: Not usable outside of PowerShell
[0.157s] DEBUG:colcon.colcon_core.shell:Skip shell extension 'dsv' for command environment
[0.160s] INFO:colcon.colcon_ros.task.ament_cmake.build:Building ROS package in '/home/emkorogodsky/ros2_ws/src/bumperbot_controller' with build type 'ament_cmake'
[0.160s] INFO:colcon.colcon_cmake.task.cmake.build:Building CMake package in '/home/emkorogodsky/ros2_ws/src/bumperbot_controller'
[0.160s] INFO:colcon.colcon_core.shell:Skip shell extension 'powershell' for command environment: Not usable outside of PowerShell
[0.160s] DEBUG:colcon.colcon_core.shell:Skip shell extension 'dsv' for command environment
[0.164s] INFO:colcon.colcon_ros.task.ament_cmake.build:Building ROS package in '/home/emkorogodsky/ros2_ws/src/bumperbot_cpp_examples' with build type 'ament_cmake'
[0.164s] INFO:colcon.colcon_cmake.task.cmake.build:Building CMake package in '/home/emkorogodsky/ros2_ws/src/bumperbot_cpp_examples'
[0.165s] INFO:colcon.colcon_core.shell:Skip shell extension 'powershell' for command environment: Not usable outside of PowerShell
[0.165s] DEBUG:colcon.colcon_core.shell:Skip shell extension 'dsv' for command environment
[0.170s] INFO:colcon.colcon_ros.task.ament_python.build:Building ROS package in '/home/emkorogodsky/ros2_ws/src/bumperbot_py_examples' with build type 'ament_python'
[0.170s] Level 1:colcon.colcon_core.shell:create_environment_hook('bumperbot_py_examples', 'ament_prefix_path')
[0.170s] INFO:colcon.colcon_core.shell:Creating environment hook '/home/emkorogodsky/ros2_ws/src/install/bumperbot_py_examples/share/bumperbot_py_examples/hook/ament_prefix_path.ps1'
[0.172s] INFO:colcon.colcon_core.shell:Creating environment descriptor '/home/emkorogodsky/ros2_ws/src/install/bumperbot_py_examples/share/bumperbot_py_examples/hook/ament_prefix_path.dsv'
[0.172s] INFO:colcon.colcon_core.shell:Creating environment hook '/home/emkorogodsky/ros2_ws/src/install/bumperbot_py_examples/share/bumperbot_py_examples/hook/ament_prefix_path.sh'
[0.173s] INFO:colcon.colcon_core.shell:Skip shell extension 'powershell' for command environment: Not usable outside of PowerShell
[0.173s] DEBUG:colcon.colcon_core.shell:Skip shell extension 'dsv' for command environment
[0.176s] INFO:colcon.colcon_ros.task.ament_cmake.build:Building ROS package in '/home/emkorogodsky/ros2_ws/src/my_cpp_pkg' with build type 'ament_cmake'
[0.176s] INFO:colcon.colcon_cmake.task.cmake.build:Building CMake package in '/home/emkorogodsky/ros2_ws/src/my_cpp_pkg'
[0.176s] INFO:colcon.colcon_core.shell:Skip shell extension 'powershell' for command environment: Not usable outside of PowerShell
[0.176s] DEBUG:colcon.colcon_core.shell:Skip shell extension 'dsv' for command environment
[0.182s] INFO:colcon.colcon_ros.task.ament_cmake.build:Building ROS package in '/home/emkorogodsky/ros2_ws/src/my_robot_interfaces' with build type 'ament_cmake'
[0.182s] INFO:colcon.colcon_cmake.task.cmake.build:Building CMake package in '/home/emkorogodsky/ros2_ws/src/my_robot_interfaces'
[0.182s] INFO:colcon.colcon_core.shell:Skip shell extension 'powershell' for command environment: Not usable outside of PowerShell
[0.183s] DEBUG:colcon.colcon_core.shell:Skip shell extension 'dsv' for command environment
[0.323s] INFO:colcon.colcon_core.task.python.build:Building Python package in '/home/emkorogodsky/ros2_ws/src/my_py_pkg'
[0.323s] INFO:colcon.colcon_core.shell:Skip shell extension 'powershell' for command environment: Not usable outside of PowerShell
[0.323s] DEBUG:colcon.colcon_core.shell:Skip shell extension 'dsv' for command environment
[0.328s] DEBUG:colcon.colcon_core.event_handler.log_command:Invoking command in '/home/emkorogodsky/ros2_ws/src/build/bumperbot_controller': CMAKE_PREFIX_PATH=${CMAKE_PREFIX_PATH}:/home/emkorogodsky/ros2_ws/install/my_py_pkg:/home/emkorogodsky/ros2_ws/install/bumperbot_py_examples:/opt/ros/humble /usr/bin/cmake /home/emkorogodsky/ros2_ws/src/bumperbot_controller -DCMAKE_INSTALL_PREFIX=/home/emkorogodsky/ros2_ws/src/install/bumperbot_controller
[0.333s] DEBUG:colcon.colcon_core.event_handler.log_command:Invoking command in '/home/emkorogodsky/ros2_ws/src/build/bumperbot_cpp_examples': CMAKE_PREFIX_PATH=${CMAKE_PREFIX_PATH}:/home/emkorogodsky/ros2_ws/install/my_py_pkg:/home/emkorogodsky/ros2_ws/install/bumperbot_py_examples:/opt/ros/humble /usr/bin/cmake /home/emkorogodsky/ros2_ws/src/bumperbot_cpp_examples -DCMAKE_INSTALL_PREFIX=/home/emkorogodsky/ros2_ws/src/install/bumperbot_cpp_examples
[0.485s] INFO:colcon.colcon_core.task.python.build:Building Python package in '/home/emkorogodsky/ros2_ws/src/bumperbot_py_examples'
[0.486s] INFO:colcon.colcon_core.shell:Skip shell extension 'powershell' for command environment: Not usable outside of PowerShell
[0.486s] DEBUG:colcon.colcon_core.shell:Skip shell extension 'dsv' for command environment
[0.494s] DEBUG:colcon.colcon_core.event_handler.log_command:Invoking command in '/home/emkorogodsky/ros2_ws/src/build/my_cpp_pkg': CMAKE_PREFIX_PATH=${CMAKE_PREFIX_PATH}:/home/emkorogodsky/ros2_ws/install/my_py_pkg:/home/emkorogodsky/ros2_ws/install/bumperbot_py_examples:/opt/ros/humble /usr/bin/cmake --build /home/emkorogodsky/ros2_ws/src/build/my_cpp_pkg -- -j8 -l8
[0.503s] DEBUG:colcon.colcon_core.event_handler.log_command:Invoking command in '/home/emkorogodsky/ros2_ws/src/build/my_robot_interfaces': CMAKE_PREFIX_PATH=${CMAKE_PREFIX_PATH}:/home/emkorogodsky/ros2_ws/install/my_py_pkg:/home/emkorogodsky/ros2_ws/install/bumperbot_py_examples:/opt/ros/humble /usr/bin/cmake --build /home/emkorogodsky/ros2_ws/src/build/my_robot_interfaces -- -j8 -l8
[1.116s] DEBUG:colcon.colcon_core.event_handler.log_command:Invoking command in '/home/emkorogodsky/ros2_ws/src/bumperbot_py_examples': PYTHONPATH=/home/emkorogodsky/ros2_ws/src/build/bumperbot_py_examples/prefix_override:/usr/lib/python3/dist-packages/colcon_core/task/python/colcon_distutils_commands:/home/emkorogodsky/ros2_ws/src/install/bumperbot_py_examples/lib/python3.10/site-packages:${PYTHONPATH} /usr/bin/python3 -W ignore:setup.py install is deprecated setup.py egg_info --egg-base ../build/bumperbot_py_examples build --build-base /home/emkorogodsky/ros2_ws/src/build/bumperbot_py_examples/build install --record /home/emkorogodsky/ros2_ws/src/build/bumperbot_py_examples/install.log --single-version-externally-managed install_data
[1.121s] DEBUG:colcon.colcon_core.event_handler.log_command:Invoking command in '/home/emkorogodsky/ros2_ws/src/my_py_pkg': PYTHONPATH=/home/emkorogodsky/ros2_ws/src/build/my_py_pkg/prefix_override:/usr/lib/python3/dist-packages/colcon_core/task/python/colcon_distutils_commands:/home/emkorogodsky/ros2_ws/src/install/my_py_pkg/lib/python3.10/site-packages:${PYTHONPATH} /usr/bin/python3 -W ignore:setup.py install is deprecated setup.py egg_info --egg-base ../build/my_py_pkg build --build-base /home/emkorogodsky/ros2_ws/src/build/my_py_pkg/build install --record /home/emkorogodsky/ros2_ws/src/build/my_py_pkg/install.log --single-version-externally-managed install_data
[1.215s] DEBUG:colcon.colcon_core.event_handler.log_command:Invoked command in '/home/emkorogodsky/ros2_ws/src/build/bumperbot_controller' returned '0': CMAKE_PREFIX_PATH=${CMAKE_PREFIX_PATH}:/home/emkorogodsky/ros2_ws/install/my_py_pkg:/home/emkorogodsky/ros2_ws/install/bumperbot_py_examples:/opt/ros/humble /usr/bin/cmake /home/emkorogodsky/ros2_ws/src/bumperbot_controller -DCMAKE_INSTALL_PREFIX=/home/emkorogodsky/ros2_ws/src/install/bumperbot_controller
[1.215s] DEBUG:colcon.colcon_core.event_handler.log_command:Invoking command in '/home/emkorogodsky/ros2_ws/src/build/bumperbot_controller': CMAKE_PREFIX_PATH=${CMAKE_PREFIX_PATH}:/home/emkorogodsky/ros2_ws/install/my_py_pkg:/home/emkorogodsky/ros2_ws/install/bumperbot_py_examples:/opt/ros/humble /usr/bin/cmake --build /home/emkorogodsky/ros2_ws/src/build/bumperbot_controller -- -j8 -l8
[1.218s] DEBUG:colcon.colcon_core.event_handler.log_command:Invoked command in '/home/emkorogodsky/ros2_ws/src/build/bumperbot_cpp_examples' returned '0': CMAKE_PREFIX_PATH=${CMAKE_PREFIX_PATH}:/home/emkorogodsky/ros2_ws/install/my_py_pkg:/home/emkorogodsky/ros2_ws/install/bumperbot_py_examples:/opt/ros/humble /usr/bin/cmake /home/emkorogodsky/ros2_ws/src/bumperbot_cpp_examples -DCMAKE_INSTALL_PREFIX=/home/emkorogodsky/ros2_ws/src/install/bumperbot_cpp_examples
[1.218s] DEBUG:colcon.colcon_core.event_handler.log_command:Invoking command in '/home/emkorogodsky/ros2_ws/src/build/bumperbot_cpp_examples': CMAKE_PREFIX_PATH=${CMAKE_PREFIX_PATH}:/home/emkorogodsky/ros2_ws/install/my_py_pkg:/home/emkorogodsky/ros2_ws/install/bumperbot_py_examples:/opt/ros/humble /usr/bin/cmake --build /home/emkorogodsky/ros2_ws/src/build/bumperbot_cpp_examples -- -j8 -l8
[1.247s] DEBUG:colcon.colcon_core.event_handler.log_command:Invoked command in '/home/emkorogodsky/ros2_ws/src/build/bumperbot_controller' returned '0': CMAKE_PREFIX_PATH=${CMAKE_PREFIX_PATH}:/home/emkorogodsky/ros2_ws/install/my_py_pkg:/home/emkorogodsky/ros2_ws/install/bumperbot_py_examples:/opt/ros/humble /usr/bin/cmake --build /home/emkorogodsky/ros2_ws/src/build/bumperbot_controller -- -j8 -l8
[1.249s] DEBUG:colcon.colcon_core.event_handler.log_command:Invoked command in '/home/emkorogodsky/ros2_ws/src/build/bumperbot_cpp_examples' returned '0': CMAKE_PREFIX_PATH=${CMAKE_PREFIX_PATH}:/home/emkorogodsky/ros2_ws/install/my_py_pkg:/home/emkorogodsky/ros2_ws/install/bumperbot_py_examples:/opt/ros/humble /usr/bin/cmake --build /home/emkorogodsky/ros2_ws/src/build/bumperbot_cpp_examples -- -j8 -l8
[1.267s] DEBUG:colcon.colcon_core.event_handler.log_command:Invoking command in '/home/emkorogodsky/ros2_ws/src/build/bumperbot_controller': CMAKE_PREFIX_PATH=${CMAKE_PREFIX_PATH}:/home/emkorogodsky/ros2_ws/install/my_py_pkg:/home/emkorogodsky/ros2_ws/install/bumperbot_py_examples:/opt/ros/humble /usr/bin/cmake --install /home/emkorogodsky/ros2_ws/src/build/bumperbot_controller
[1.276s] DEBUG:colcon.colcon_core.event_handler.log_command:Invoking command in '/home/emkorogodsky/ros2_ws/src/build/bumperbot_cpp_examples': CMAKE_PREFIX_PATH=${CMAKE_PREFIX_PATH}:/home/emkorogodsky/ros2_ws/install/my_py_pkg:/home/emkorogodsky/ros2_ws/install/bumperbot_py_examples:/opt/ros/humble /usr/bin/cmake --install /home/emkorogodsky/ros2_ws/src/build/bumperbot_cpp_examples
[1.281s] Level 1:colcon.colcon_core.environment:create_environment_scripts_only(bumperbot_controller)
[1.281s] DEBUG:colcon.colcon_core.event_handler.log_command:Invoked command in '/home/emkorogodsky/ros2_ws/src/build/bumperbot_controller' returned '0': CMAKE_PREFIX_PATH=${CMAKE_PREFIX_PATH}:/home/emkorogodsky/ros2_ws/install/my_py_pkg:/home/emkorogodsky/ros2_ws/install/bumperbot_py_examples:/opt/ros/humble /usr/bin/cmake --install /home/emkorogodsky/ros2_ws/src/build/bumperbot_controller
[1.288s] Level 1:colcon.colcon_core.environment:checking '/home/emkorogodsky/ros2_ws/src/install/bumperbot_controller' for CMake module files
[1.289s] Level 1:colcon.colcon_core.environment:checking '/home/emkorogodsky/ros2_ws/src/install/bumperbot_controller' for CMake config files
[1.289s] Level 1:colcon.colcon_core.shell:create_environment_hook('bumperbot_controller', 'cmake_prefix_path')
[1.289s] INFO:colcon.colcon_core.shell:Creating environment hook '/home/emkorogodsky/ros2_ws/src/install/bumperbot_controller/share/bumperbot_controller/hook/cmake_prefix_path.ps1'
[1.289s] INFO:colcon.colcon_core.shell:Creating environment descriptor '/home/emkorogodsky/ros2_ws/src/install/bumperbot_controller/share/bumperbot_controller/hook/cmake_prefix_path.dsv'
[1.290s] INFO:colcon.colcon_core.shell:Creating environment hook '/home/emkorogodsky/ros2_ws/src/install/bumperbot_controller/share/bumperbot_controller/hook/cmake_prefix_path.sh'
[1.290s] Level 1:colcon.colcon_core.environment:checking '/home/emkorogodsky/ros2_ws/src/install/bumperbot_controller/bin'
[1.290s] Level 1:colcon.colcon_core.environment:checking '/home/emkorogodsky/ros2_ws/src/install/bumperbot_controller/lib/pkgconfig/bumperbot_controller.pc'
[1.290s] Level 1:colcon.colcon_core.environment:checking '/home/emkorogodsky/ros2_ws/src/install/bumperbot_controller/lib/python3.10/site-packages'
[1.291s] Level 1:colcon.colcon_core.environment:checking '/home/emkorogodsky/ros2_ws/src/install/bumperbot_controller/bin'
[1.291s] INFO:colcon.colcon_core.shell:Creating package script '/home/emkorogodsky/ros2_ws/src/install/bumperbot_controller/share/bumperbot_controller/package.ps1'
[1.292s] INFO:colcon.colcon_core.shell:Creating package descriptor '/home/emkorogodsky/ros2_ws/src/install/bumperbot_controller/share/bumperbot_controller/package.dsv'
[1.293s] INFO:colcon.colcon_core.shell:Creating package script '/home/emkorogodsky/ros2_ws/src/install/bumperbot_controller/share/bumperbot_controller/package.sh'
[1.294s] INFO:colcon.colcon_core.shell:Creating package script '/home/emkorogodsky/ros2_ws/src/install/bumperbot_controller/share/bumperbot_controller/package.bash'
[1.295s] INFO:colcon.colcon_core.shell:Creating package script '/home/emkorogodsky/ros2_ws/src/install/bumperbot_controller/share/bumperbot_controller/package.zsh'
[1.296s] Level 1:colcon.colcon_core.environment:create_file_with_runtime_dependencies(/home/emkorogodsky/ros2_ws/src/install/bumperbot_controller/share/colcon-core/packages/bumperbot_controller)
[1.298s] Level 1:colcon.colcon_core.environment:create_environment_scripts_only(bumperbot_cpp_examples)
[1.298s] Level 1:colcon.colcon_core.environment:checking '/home/emkorogodsky/ros2_ws/src/install/bumperbot_cpp_examples' for CMake module files
[1.299s] DEBUG:colcon.colcon_core.event_handler.log_command:Invoked command in '/home/emkorogodsky/ros2_ws/src/build/bumperbot_cpp_examples' returned '0': CMAKE_PREFIX_PATH=${CMAKE_PREFIX_PATH}:/home/emkorogodsky/ros2_ws/install/my_py_pkg:/home/emkorogodsky/ros2_ws/install/bumperbot_py_examples:/opt/ros/humble /usr/bin/cmake --install /home/emkorogodsky/ros2_ws/src/build/bumperbot_cpp_examples
[1.299s] Level 1:colcon.colcon_core.environment:checking '/home/emkorogodsky/ros2_ws/src/install/bumperbot_cpp_examples' for CMake config files
[1.301s] Level 1:colcon.colcon_core.shell:create_environment_hook('bumperbot_cpp_examples', 'cmake_prefix_path')
[1.301s] INFO:colcon.colcon_core.shell:Creating environment hook '/home/emkorogodsky/ros2_ws/src/install/bumperbot_cpp_examples/share/bumperbot_cpp_examples/hook/cmake_prefix_path.ps1'
[1.302s] INFO:colcon.colcon_core.shell:Creating environment descriptor '/home/emkorogodsky/ros2_ws/src/install/bumperbot_cpp_examples/share/bumperbot_cpp_examples/hook/cmake_prefix_path.dsv'
[1.302s] INFO:colcon.colcon_core.shell:Creating environment hook '/home/emkorogodsky/ros2_ws/src/install/bumperbot_cpp_examples/share/bumperbot_cpp_examples/hook/cmake_prefix_path.sh'
[1.303s] Level 1:colcon.colcon_core.environment:checking '/home/emkorogodsky/ros2_ws/src/install/bumperbot_cpp_examples/bin'
[1.303s] Level 1:colcon.colcon_core.environment:checking '/home/emkorogodsky/ros2_ws/src/install/bumperbot_cpp_examples/lib/pkgconfig/bumperbot_cpp_examples.pc'
[1.303s] Level 1:colcon.colcon_core.environment:checking '/home/emkorogodsky/ros2_ws/src/install/bumperbot_cpp_examples/lib/python3.10/site-packages'
[1.304s] Level 1:colcon.colcon_core.environment:checking '/home/emkorogodsky/ros2_ws/src/install/bumperbot_cpp_examples/bin'
[1.304s] INFO:colcon.colcon_core.shell:Creating package script '/home/emkorogodsky/ros2_ws/src/install/bumperbot_cpp_examples/share/bumperbot_cpp_examples/package.ps1'
[1.304s] INFO:colcon.colcon_core.shell:Creating package descriptor '/home/emkorogodsky/ros2_ws/src/install/bumperbot_cpp_examples/share/bumperbot_cpp_examples/package.dsv'
[1.305s] INFO:colcon.colcon_core.shell:Creating package script '/home/emkorogodsky/ros2_ws/src/install/bumperbot_cpp_examples/share/bumperbot_cpp_examples/package.sh'
[1.305s] INFO:colcon.colcon_core.shell:Creating package script '/home/emkorogodsky/ros2_ws/src/install/bumperbot_cpp_examples/share/bumperbot_cpp_examples/package.bash'
[1.305s] INFO:colcon.colcon_core.shell:Creating package script '/home/emkorogodsky/ros2_ws/src/install/bumperbot_cpp_examples/share/bumperbot_cpp_examples/package.zsh'
[1.305s] Level 1:colcon.colcon_core.environment:create_file_with_runtime_dependencies(/home/emkorogodsky/ros2_ws/src/install/bumperbot_cpp_examples/share/colcon-core/packages/bumperbot_cpp_examples)
[1.318s] Level 1:colcon.colcon_core.environment:create_environment_scripts_only(bumperbot_controller)
[1.319s] Level 1:colcon.colcon_core.environment:checking '/home/emkorogodsky/ros2_ws/src/install/bumperbot_controller' for CMake module files
[1.319s] Level 1:colcon.colcon_core.environment:checking '/home/emkorogodsky/ros2_ws/src/install/bumperbot_controller' for CMake config files
[1.319s] Level 1:colcon.colcon_core.shell:create_environment_hook('bumperbot_controller', 'cmake_prefix_path')
[1.319s] INFO:colcon.colcon_core.shell:Creating environment hook '/home/emkorogodsky/ros2_ws/src/install/bumperbot_controller/share/bumperbot_controller/hook/cmake_prefix_path.ps1'
[1.320s] INFO:colcon.colcon_core.shell:Creating environment descriptor '/home/emkorogodsky/ros2_ws/src/install/bumperbot_controller/share/bumperbot_controller/hook/cmake_prefix_path.dsv'
[1.320s] INFO:colcon.colcon_core.shell:Creating environment hook '/home/emkorogodsky/ros2_ws/src/install/bumperbot_controller/share/bumperbot_controller/hook/cmake_prefix_path.sh'
[1.321s] Level 1:colcon.colcon_core.environment:checking '/home/emkorogodsky/ros2_ws/src/install/bumperbot_controller/bin'
[1.321s] Level 1:colcon.colcon_core.environment:checking '/home/emkorogodsky/ros2_ws/src/install/bumperbot_controller/lib/pkgconfig/bumperbot_controller.pc'
[1.321s] Level 1:colcon.colcon_core.environment:checking '/home/emkorogodsky/ros2_ws/src/install/bumperbot_controller/lib/python3.10/site-packages'
[1.321s] Level 1:colcon.colcon_core.environment:checking '/home/emkorogodsky/ros2_ws/src/install/bumperbot_controller/bin'
[1.322s] INFO:colcon.colcon_core.shell:Creating package script '/home/emkorogodsky/ros2_ws/src/install/bumperbot_controller/share/bumperbot_controller/package.ps1'
[1.322s] INFO:colcon.colcon_core.shell:Creating package descriptor '/home/emkorogodsky/ros2_ws/src/install/bumperbot_controller/share/bumperbot_controller/package.dsv'
[1.323s] INFO:colcon.colcon_core.shell:Creating package script '/home/emkorogodsky/ros2_ws/src/install/bumperbot_controller/share/bumperbot_controller/package.sh'
[1.323s] INFO:colcon.colcon_core.shell:Creating package script '/home/emkorogodsky/ros2_ws/src/install/bumperbot_controller/share/bumperbot_controller/package.bash'
[1.324s] INFO:colcon.colcon_core.shell:Creating package script '/home/emkorogodsky/ros2_ws/src/install/bumperbot_controller/share/bumperbot_controller/package.zsh'
[1.324s] Level 1:colcon.colcon_core.environment:create_file_with_runtime_dependencies(/home/emkorogodsky/ros2_ws/src/install/bumperbot_controller/share/colcon-core/packages/bumperbot_controller)
[1.325s] Level 1:colcon.colcon_core.environment:create_environment_scripts_only(bumperbot_cpp_examples)
[1.326s] Level 1:colcon.colcon_core.environment:checking '/home/emkorogodsky/ros2_ws/src/install/bumperbot_cpp_examples' for CMake module files
[1.326s] Level 1:colcon.colcon_core.environment:checking '/home/emkorogodsky/ros2_ws/src/install/bumperbot_cpp_examples' for CMake config files
[1.326s] Level 1:colcon.colcon_core.shell:create_environment_hook('bumperbot_cpp_examples', 'cmake_prefix_path')
[1.326s] INFO:colcon.colcon_core.shell:Creating environment hook '/home/emkorogodsky/ros2_ws/src/install/bumperbot_cpp_examples/share/bumperbot_cpp_examples/hook/cmake_prefix_path.ps1'
[1.327s] INFO:colcon.colcon_core.shell:Creating environment descriptor '/home/emkorogodsky/ros2_ws/src/install/bumperbot_cpp_examples/share/bumperbot_cpp_examples/hook/cmake_prefix_path.dsv'
[1.327s] INFO:colcon.colcon_core.shell:Creating environment hook '/home/emkorogodsky/ros2_ws/src/install/bumperbot_cpp_examples/share/bumperbot_cpp_examples/hook/cmake_prefix_path.sh'
[1.328s] Level 1:colcon.colcon_core.environment:checking '/home/emkorogodsky/ros2_ws/src/install/bumperbot_cpp_examples/bin'
[1.328s] Level 1:colcon.colcon_core.environment:checking '/home/emkorogodsky/ros2_ws/src/install/bumperbot_cpp_examples/lib/pkgconfig/bumperbot_cpp_examples.pc'
[1.328s] Level 1:colcon.colcon_core.environment:checking '/home/emkorogodsky/ros2_ws/src/install/bumperbot_cpp_examples/lib/python3.10/site-packages'
[1.328s] Level 1:colcon.colcon_core.environment:checking '/home/emkorogodsky/ros2_ws/src/install/bumperbot_cpp_examples/bin'
[1.329s] INFO:colcon.colcon_core.shell:Creating package script '/home/emkorogodsky/ros2_ws/src/install/bumperbot_cpp_examples/share/bumperbot_cpp_examples/package.ps1'
[1.329s] INFO:colcon.colcon_core.shell:Creating package descriptor '/home/emkorogodsky/ros2_ws/src/install/bumperbot_cpp_examples/share/bumperbot_cpp_examples/package.dsv'
[1.329s] INFO:colcon.colcon_core.shell:Creating package script '/home/emkorogodsky/ros2_ws/src/install/bumperbot_cpp_examples/share/bumperbot_cpp_examples/package.sh'
[1.330s] INFO:colcon.colcon_core.shell:Creating package script '/home/emkorogodsky/ros2_ws/src/install/bumperbot_cpp_examples/share/bumperbot_cpp_examples/package.bash'
[1.331s] INFO:colcon.colcon_core.shell:Creating package script '/home/emkorogodsky/ros2_ws/src/install/bumperbot_cpp_examples/share/bumperbot_cpp_examples/package.zsh'
[1.338s] Level 1:colcon.colcon_core.environment:create_file_with_runtime_dependencies(/home/emkorogodsky/ros2_ws/src/install/bumperbot_cpp_examples/share/colcon-core/packages/bumperbot_cpp_examples)
[1.506s] Level 1:colcon.colcon_core.environment:checking '/home/emkorogodsky/ros2_ws/src/install/bumperbot_py_examples' for CMake module files
[1.509s] DEBUG:colcon.colcon_core.event_handler.log_command:Invoked command in '/home/emkorogodsky/ros2_ws/src/bumperbot_py_examples' returned '0': PYTHONPATH=/home/emkorogodsky/ros2_ws/src/build/bumperbot_py_examples/prefix_override:/usr/lib/python3/dist-packages/colcon_core/task/python/colcon_distutils_commands:/home/emkorogodsky/ros2_ws/src/install/bumperbot_py_examples/lib/python3.10/site-packages:${PYTHONPATH} /usr/bin/python3 -W ignore:setup.py install is deprecated setup.py egg_info --egg-base ../build/bumperbot_py_examples build --build-base /home/emkorogodsky/ros2_ws/src/build/bumperbot_py_examples/build install --record /home/emkorogodsky/ros2_ws/src/build/bumperbot_py_examples/install.log --single-version-externally-managed install_data
[1.511s] Level 1:colcon.colcon_core.environment:checking '/home/emkorogodsky/ros2_ws/src/install/bumperbot_py_examples' for CMake config files
[1.512s] Level 1:colcon.colcon_core.environment:checking '/home/emkorogodsky/ros2_ws/src/install/bumperbot_py_examples/lib'
[1.512s] Level 1:colcon.colcon_core.environment:checking '/home/emkorogodsky/ros2_ws/src/install/bumperbot_py_examples/bin'
[1.512s] Level 1:colcon.colcon_core.environment:checking '/home/emkorogodsky/ros2_ws/src/install/bumperbot_py_examples/lib/pkgconfig/bumperbot_py_examples.pc'
[1.512s] Level 1:colcon.colcon_core.environment:checking '/home/emkorogodsky/ros2_ws/src/install/bumperbot_py_examples/lib/python3.10/site-packages'
[1.512s] Level 1:colcon.colcon_core.shell:create_environment_hook('bumperbot_py_examples', 'pythonpath')
[1.512s] INFO:colcon.colcon_core.shell:Creating environment hook '/home/emkorogodsky/ros2_ws/src/install/bumperbot_py_examples/share/bumperbot_py_examples/hook/pythonpath.ps1'
[1.512s] INFO:colcon.colcon_core.shell:Creating environment descriptor '/home/emkorogodsky/ros2_ws/src/install/bumperbot_py_examples/share/bumperbot_py_examples/hook/pythonpath.dsv'
[1.513s] INFO:colcon.colcon_core.shell:Creating environment hook '/home/emkorogodsky/ros2_ws/src/install/bumperbot_py_examples/share/bumperbot_py_examples/hook/pythonpath.sh'
[1.513s] Level 1:colcon.colcon_core.environment:checking '/home/emkorogodsky/ros2_ws/src/install/bumperbot_py_examples/bin'
[1.513s] Level 1:colcon.colcon_core.environment:create_environment_scripts_only(bumperbot_py_examples)
[1.513s] INFO:colcon.colcon_core.shell:Creating package script '/home/emkorogodsky/ros2_ws/src/install/bumperbot_py_examples/share/bumperbot_py_examples/package.ps1'
[1.514s] INFO:colcon.colcon_core.shell:Creating package descriptor '/home/emkorogodsky/ros2_ws/src/install/bumperbot_py_examples/share/bumperbot_py_examples/package.dsv'
[1.515s] INFO:colcon.colcon_core.shell:Creating package script '/home/emkorogodsky/ros2_ws/src/install/bumperbot_py_examples/share/bumperbot_py_examples/package.sh'
[1.516s] INFO:colcon.colcon_core.shell:Creating package script '/home/emkorogodsky/ros2_ws/src/install/bumperbot_py_examples/share/bumperbot_py_examples/package.bash'
[1.516s] INFO:colcon.colcon_core.shell:Creating package script '/home/emkorogodsky/ros2_ws/src/install/bumperbot_py_examples/share/bumperbot_py_examples/package.zsh'
[1.517s] Level 1:colcon.colcon_core.environment:create_file_with_runtime_dependencies(/home/emkorogodsky/ros2_ws/src/install/bumperbot_py_examples/share/colcon-core/packages/bumperbot_py_examples)
[1.517s] Level 1:colcon.colcon_core.environment:checking '/home/emkorogodsky/ros2_ws/src/install/my_py_pkg' for CMake module files
[1.518s] Level 1:colcon.colcon_core.environment:checking '/home/emkorogodsky/ros2_ws/src/install/my_py_pkg' for CMake config files
[1.519s] Level 1:colcon.colcon_core.environment:checking '/home/emkorogodsky/ros2_ws/src/install/my_py_pkg/lib'
[1.519s] Level 1:colcon.colcon_core.environment:checking '/home/emkorogodsky/ros2_ws/src/install/my_py_pkg/bin'
[1.519s] Level 1:colcon.colcon_core.environment:checking '/home/emkorogodsky/ros2_ws/src/install/my_py_pkg/lib/pkgconfig/my_py_pkg.pc'
[1.519s] Level 1:colcon.colcon_core.environment:checking '/home/emkorogodsky/ros2_ws/src/install/my_py_pkg/lib/python3.10/site-packages'
[1.519s] Level 1:colcon.colcon_core.shell:create_environment_hook('my_py_pkg', 'pythonpath')
[1.519s] INFO:colcon.colcon_core.shell:Creating environment hook '/home/emkorogodsky/ros2_ws/src/install/my_py_pkg/share/my_py_pkg/hook/pythonpath.ps1'
[1.519s] INFO:colcon.colcon_core.shell:Creating environment descriptor '/home/emkorogodsky/ros2_ws/src/install/my_py_pkg/share/my_py_pkg/hook/pythonpath.dsv'
[1.520s] DEBUG:colcon.colcon_core.event_handler.log_command:Invoked command in '/home/emkorogodsky/ros2_ws/src/my_py_pkg' returned '0': PYTHONPATH=/home/emkorogodsky/ros2_ws/src/build/my_py_pkg/prefix_override:/usr/lib/python3/dist-packages/colcon_core/task/python/colcon_distutils_commands:/home/emkorogodsky/ros2_ws/src/install/my_py_pkg/lib/python3.10/site-packages:${PYTHONPATH} /usr/bin/python3 -W ignore:setup.py install is deprecated setup.py egg_info --egg-base ../build/my_py_pkg build --build-base /home/emkorogodsky/ros2_ws/src/build/my_py_pkg/build install --record /home/emkorogodsky/ros2_ws/src/build/my_py_pkg/install.log --single-version-externally-managed install_data
[1.520s] INFO:colcon.colcon_core.shell:Creating environment hook '/home/emkorogodsky/ros2_ws/src/install/my_py_pkg/share/my_py_pkg/hook/pythonpath.sh'
[1.521s] Level 1:colcon.colcon_core.environment:checking '/home/emkorogodsky/ros2_ws/src/install/my_py_pkg/bin'
[1.521s] Level 1:colcon.colcon_core.environment:create_environment_scripts_only(my_py_pkg)
[1.522s] INFO:colcon.colcon_core.shell:Creating package script '/home/emkorogodsky/ros2_ws/src/install/my_py_pkg/share/my_py_pkg/package.ps1'
[1.522s] INFO:colcon.colcon_core.shell:Creating package descriptor '/home/emkorogodsky/ros2_ws/src/install/my_py_pkg/share/my_py_pkg/package.dsv'
[1.522s] INFO:colcon.colcon_core.shell:Creating package script '/home/emkorogodsky/ros2_ws/src/install/my_py_pkg/share/my_py_pkg/package.sh'
[1.523s] INFO:colcon.colcon_core.shell:Creating package script '/home/emkorogodsky/ros2_ws/src/install/my_py_pkg/share/my_py_pkg/package.bash'
[1.523s] INFO:colcon.colcon_core.shell:Creating package script '/home/emkorogodsky/ros2_ws/src/install/my_py_pkg/share/my_py_pkg/package.zsh'
[1.523s] Level 1:colcon.colcon_core.environment:create_file_with_runtime_dependencies(/home/emkorogodsky/ros2_ws/src/install/my_py_pkg/share/colcon-core/packages/my_py_pkg)
[1.524s] INFO:colcon.colcon_ros.task.ament_cmake.build:Building ROS package in '/home/emkorogodsky/ros2_ws/src/my_robot_bringup' with build type 'ament_cmake'
[1.524s] INFO:colcon.colcon_cmake.task.cmake.build:Building CMake package in '/home/emkorogodsky/ros2_ws/src/my_robot_bringup'
[1.524s] INFO:colcon.colcon_core.shell:Skip shell extension 'powershell' for command environment: Not usable outside of PowerShell
[1.524s] DEBUG:colcon.colcon_core.shell:Skip shell extension 'dsv' for command environment
[1.540s] DEBUG:colcon.colcon_core.event_handler.log_command:Invoking command in '/home/emkorogodsky/ros2_ws/src/build/my_robot_bringup': AMENT_PREFIX_PATH=/home/emkorogodsky/ros2_ws/src/install/my_py_pkg:${AMENT_PREFIX_PATH} CMAKE_PREFIX_PATH=${CMAKE_PREFIX_PATH}:/home/emkorogodsky/ros2_ws/install/my_py_pkg:/home/emkorogodsky/ros2_ws/install/bumperbot_py_examples:/opt/ros/humble PYTHONPATH=/home/emkorogodsky/ros2_ws/src/install/my_py_pkg/lib/python3.10/site-packages:${PYTHONPATH} /usr/bin/cmake --build /home/emkorogodsky/ros2_ws/src/build/my_robot_bringup -- -j8 -l8
[1.828s] DEBUG:colcon.colcon_core.event_handler.log_command:Invoked command in '/home/emkorogodsky/ros2_ws/src/build/my_robot_bringup' returned '0': AMENT_PREFIX_PATH=/home/emkorogodsky/ros2_ws/src/install/my_py_pkg:${AMENT_PREFIX_PATH} CMAKE_PREFIX_PATH=${CMAKE_PREFIX_PATH}:/home/emkorogodsky/ros2_ws/install/my_py_pkg:/home/emkorogodsky/ros2_ws/install/bumperbot_py_examples:/opt/ros/humble PYTHONPATH=/home/emkorogodsky/ros2_ws/src/install/my_py_pkg/lib/python3.10/site-packages:${PYTHONPATH} /usr/bin/cmake --build /home/emkorogodsky/ros2_ws/src/build/my_robot_bringup -- -j8 -l8
[1.882s] DEBUG:colcon.colcon_core.event_handler.log_command:Invoking command in '/home/emkorogodsky/ros2_ws/src/build/my_robot_bringup': AMENT_PREFIX_PATH=/home/emkorogodsky/ros2_ws/src/install/my_py_pkg:${AMENT_PREFIX_PATH} CMAKE_PREFIX_PATH=${CMAKE_PREFIX_PATH}:/home/emkorogodsky/ros2_ws/install/my_py_pkg:/home/emkorogodsky/ros2_ws/install/bumperbot_py_examples:/opt/ros/humble PYTHONPATH=/home/emkorogodsky/ros2_ws/src/install/my_py_pkg/lib/python3.10/site-packages:${PYTHONPATH} /usr/bin/cmake --install /home/emkorogodsky/ros2_ws/src/build/my_robot_bringup
[1.906s] Level 1:colcon.colcon_core.environment:create_environment_scripts_only(my_robot_bringup)
[1.907s] Level 1:colcon.colcon_core.environment:checking '/home/emkorogodsky/ros2_ws/src/install/my_robot_bringup' for CMake module files
[1.907s] Level 1:colcon.colcon_core.environment:checking '/home/emkorogodsky/ros2_ws/src/install/my_robot_bringup' for CMake config files
[1.907s] Level 1:colcon.colcon_core.shell:create_environment_hook('my_robot_bringup', 'cmake_prefix_path')
[1.907s] INFO:colcon.colcon_core.shell:Creating environment hook '/home/emkorogodsky/ros2_ws/src/install/my_robot_bringup/share/my_robot_bringup/hook/cmake_prefix_path.ps1'
[1.907s] INFO:colcon.colcon_core.shell:Creating environment descriptor '/home/emkorogodsky/ros2_ws/src/install/my_robot_bringup/share/my_robot_bringup/hook/cmake_prefix_path.dsv'
[1.908s] INFO:colcon.colcon_core.shell:Creating environment hook '/home/emkorogodsky/ros2_ws/src/install/my_robot_bringup/share/my_robot_bringup/hook/cmake_prefix_path.sh'
[1.908s] Level 1:colcon.colcon_core.environment:checking '/home/emkorogodsky/ros2_ws/src/install/my_robot_bringup/bin'
[1.908s] Level 1:colcon.colcon_core.environment:checking '/home/emkorogodsky/ros2_ws/src/install/my_robot_bringup/lib/pkgconfig/my_robot_bringup.pc'
[1.908s] Level 1:colcon.colcon_core.environment:checking '/home/emkorogodsky/ros2_ws/src/install/my_robot_bringup/lib/python3.10/site-packages'
[1.909s] Level 1:colcon.colcon_core.environment:checking '/home/emkorogodsky/ros2_ws/src/install/my_robot_bringup/bin'
[1.909s] INFO:colcon.colcon_core.shell:Creating package script '/home/emkorogodsky/ros2_ws/src/install/my_robot_bringup/share/my_robot_bringup/package.ps1'
[1.909s] INFO:colcon.colcon_core.shell:Creating package descriptor '/home/emkorogodsky/ros2_ws/src/install/my_robot_bringup/share/my_robot_bringup/package.dsv'
[1.910s] INFO:colcon.colcon_core.shell:Creating package script '/home/emkorogodsky/ros2_ws/src/install/my_robot_bringup/share/my_robot_bringup/package.sh'
[1.910s] INFO:colcon.colcon_core.shell:Creating package script '/home/emkorogodsky/ros2_ws/src/install/my_robot_bringup/share/my_robot_bringup/package.bash'
[1.916s] INFO:colcon.colcon_core.shell:Creating package script '/home/emkorogodsky/ros2_ws/src/install/my_robot_bringup/share/my_robot_bringup/package.zsh'
[1.916s] Level 1:colcon.colcon_core.environment:create_file_with_runtime_dependencies(/home/emkorogodsky/ros2_ws/src/install/my_robot_bringup/share/colcon-core/packages/my_robot_bringup)
[1.921s] DEBUG:colcon.colcon_core.event_handler.log_command:Invoked command in '/home/emkorogodsky/ros2_ws/src/build/my_robot_bringup' returned '0': AMENT_PREFIX_PATH=/home/emkorogodsky/ros2_ws/src/install/my_py_pkg:${AMENT_PREFIX_PATH} CMAKE_PREFIX_PATH=${CMAKE_PREFIX_PATH}:/home/emkorogodsky/ros2_ws/install/my_py_pkg:/home/emkorogodsky/ros2_ws/install/bumperbot_py_examples:/opt/ros/humble PYTHONPATH=/home/emkorogodsky/ros2_ws/src/install/my_py_pkg/lib/python3.10/site-packages:${PYTHONPATH} /usr/bin/cmake --install /home/emkorogodsky/ros2_ws/src/build/my_robot_bringup
[1.962s] Level 1:colcon.colcon_core.environment:create_environment_scripts_only(my_robot_bringup)
[1.962s] Level 1:colcon.colcon_core.environment:checking '/home/emkorogodsky/ros2_ws/src/install/my_robot_bringup' for CMake module files
[1.962s] Level 1:colcon.colcon_core.environment:checking '/home/emkorogodsky/ros2_ws/src/install/my_robot_bringup' for CMake config files
[1.963s] Level 1:colcon.colcon_core.shell:create_environment_hook('my_robot_bringup', 'cmake_prefix_path')
[1.963s] INFO:colcon.colcon_core.shell:Creating environment hook '/home/emkorogodsky/ros2_ws/src/install/my_robot_bringup/share/my_robot_bringup/hook/cmake_prefix_path.ps1'
[1.967s] INFO:colcon.colcon_core.shell:Creating environment descriptor '/home/emkorogodsky/ros2_ws/src/install/my_robot_bringup/share/my_robot_bringup/hook/cmake_prefix_path.dsv'
[1.969s] INFO:colcon.colcon_core.shell:Creating environment hook '/home/emkorogodsky/ros2_ws/src/install/my_robot_bringup/share/my_robot_bringup/hook/cmake_prefix_path.sh'
[1.970s] Level 1:colcon.colcon_core.environment:checking '/home/emkorogodsky/ros2_ws/src/install/my_robot_bringup/bin'
[1.971s] Level 1:colcon.colcon_core.environment:checking '/home/emkorogodsky/ros2_ws/src/install/my_robot_bringup/lib/pkgconfig/my_robot_bringup.pc'
[1.971s] Level 1:colcon.colcon_core.environment:checking '/home/emkorogodsky/ros2_ws/src/install/my_robot_bringup/lib/python3.10/site-packages'
[1.971s] Level 1:colcon.colcon_core.environment:checking '/home/emkorogodsky/ros2_ws/src/install/my_robot_bringup/bin'
[1.971s] INFO:colcon.colcon_core.shell:Creating package script '/home/emkorogodsky/ros2_ws/src/install/my_robot_bringup/share/my_robot_bringup/package.ps1'
[1.972s] INFO:colcon.colcon_core.shell:Creating package descriptor '/home/emkorogodsky/ros2_ws/src/install/my_robot_bringup/share/my_robot_bringup/package.dsv'
[1.973s] INFO:colcon.colcon_core.shell:Creating package script '/home/emkorogodsky/ros2_ws/src/install/my_robot_bringup/share/my_robot_bringup/package.sh'
[1.973s] INFO:colcon.colcon_core.shell:Creating package script '/home/emkorogodsky/ros2_ws/src/install/my_robot_bringup/share/my_robot_bringup/package.bash'
[1.979s] INFO:colcon.colcon_core.shell:Creating package script '/home/emkorogodsky/ros2_ws/src/install/my_robot_bringup/share/my_robot_bringup/package.zsh'
[1.981s] Level 1:colcon.colcon_core.environment:create_file_with_runtime_dependencies(/home/emkorogodsky/ros2_ws/src/install/my_robot_bringup/share/colcon-core/packages/my_robot_bringup)
[3.301s] DEBUG:colcon.colcon_core.event_handler.log_command:Invoked command in '/home/emkorogodsky/ros2_ws/src/build/my_robot_interfaces' returned '0': CMAKE_PREFIX_PATH=${CMAKE_PREFIX_PATH}:/home/emkorogodsky/ros2_ws/install/my_py_pkg:/home/emkorogodsky/ros2_ws/install/bumperbot_py_examples:/opt/ros/humble /usr/bin/cmake --build /home/emkorogodsky/ros2_ws/src/build/my_robot_interfaces -- -j8 -l8
[3.433s] DEBUG:colcon.colcon_core.event_handler.log_command:Invoking command in '/home/emkorogodsky/ros2_ws/src/build/my_robot_interfaces': CMAKE_PREFIX_PATH=${CMAKE_PREFIX_PATH}:/home/emkorogodsky/ros2_ws/install/my_py_pkg:/home/emkorogodsky/ros2_ws/install/bumperbot_py_examples:/opt/ros/humble /usr/bin/cmake --install /home/emkorogodsky/ros2_ws/src/build/my_robot_interfaces
[3.499s] Level 1:colcon.colcon_core.environment:create_environment_scripts_only(my_robot_interfaces)
[3.500s] Level 1:colcon.colcon_core.environment:checking '/home/emkorogodsky/ros2_ws/src/install/my_robot_interfaces' for CMake module files
[3.500s] DEBUG:colcon.colcon_core.event_handler.log_command:Invoked command in '/home/emkorogodsky/ros2_ws/src/build/my_robot_interfaces' returned '0': CMAKE_PREFIX_PATH=${CMAKE_PREFIX_PATH}:/home/emkorogodsky/ros2_ws/install/my_py_pkg:/home/emkorogodsky/ros2_ws/install/bumperbot_py_examples:/opt/ros/humble /usr/bin/cmake --install /home/emkorogodsky/ros2_ws/src/build/my_robot_interfaces
[3.501s] Level 1:colcon.colcon_core.environment:checking '/home/emkorogodsky/ros2_ws/src/install/my_robot_interfaces' for CMake config files
[3.501s] Level 1:colcon.colcon_core.shell:create_environment_hook('my_robot_interfaces', 'cmake_prefix_path')
[3.501s] INFO:colcon.colcon_core.shell:Creating environment hook '/home/emkorogodsky/ros2_ws/src/install/my_robot_interfaces/share/my_robot_interfaces/hook/cmake_prefix_path.ps1'
[3.501s] INFO:colcon.colcon_core.shell:Creating environment descriptor '/home/emkorogodsky/ros2_ws/src/install/my_robot_interfaces/share/my_robot_interfaces/hook/cmake_prefix_path.dsv'
[3.502s] INFO:colcon.colcon_core.shell:Creating environment hook '/home/emkorogodsky/ros2_ws/src/install/my_robot_interfaces/share/my_robot_interfaces/hook/cmake_prefix_path.sh'
[3.502s] Level 1:colcon.colcon_core.environment:checking '/home/emkorogodsky/ros2_ws/src/install/my_robot_interfaces/lib'
[3.502s] Level 1:colcon.colcon_core.shell:create_environment_hook('my_robot_interfaces', 'ld_library_path_lib')
[3.503s] INFO:colcon.colcon_core.shell:Creating environment hook '/home/emkorogodsky/ros2_ws/src/install/my_robot_interfaces/share/my_robot_interfaces/hook/ld_library_path_lib.ps1'
[3.503s] INFO:colcon.colcon_core.shell:Creating environment descriptor '/home/emkorogodsky/ros2_ws/src/install/my_robot_interfaces/share/my_robot_interfaces/hook/ld_library_path_lib.dsv'
[3.503s] INFO:colcon.colcon_core.shell:Creating environment hook '/home/emkorogodsky/ros2_ws/src/install/my_robot_interfaces/share/my_robot_interfaces/hook/ld_library_path_lib.sh'
[3.504s] Level 1:colcon.colcon_core.environment:checking '/home/emkorogodsky/ros2_ws/src/install/my_robot_interfaces/bin'
[3.504s] Level 1:colcon.colcon_core.environment:checking '/home/emkorogodsky/ros2_ws/src/install/my_robot_interfaces/lib/pkgconfig/my_robot_interfaces.pc'
[3.504s] Level 1:colcon.colcon_core.environment:checking '/home/emkorogodsky/ros2_ws/src/install/my_robot_interfaces/lib/python3.10/site-packages'
[3.504s] Level 1:colcon.colcon_core.environment:checking '/home/emkorogodsky/ros2_ws/src/install/my_robot_interfaces/bin'
[3.504s] INFO:colcon.colcon_core.shell:Creating package script '/home/emkorogodsky/ros2_ws/src/install/my_robot_interfaces/share/my_robot_interfaces/package.ps1'
[3.505s] INFO:colcon.colcon_core.shell:Creating package descriptor '/home/emkorogodsky/ros2_ws/src/install/my_robot_interfaces/share/my_robot_interfaces/package.dsv'
[3.505s] INFO:colcon.colcon_core.shell:Creating package script '/home/emkorogodsky/ros2_ws/src/install/my_robot_interfaces/share/my_robot_interfaces/package.sh'
[3.505s] INFO:colcon.colcon_core.shell:Creating package script '/home/emkorogodsky/ros2_ws/src/install/my_robot_interfaces/share/my_robot_interfaces/package.bash'
[3.506s] INFO:colcon.colcon_core.shell:Creating package script '/home/emkorogodsky/ros2_ws/src/install/my_robot_interfaces/share/my_robot_interfaces/package.zsh'
[3.506s] Level 1:colcon.colcon_core.environment:create_file_with_runtime_dependencies(/home/emkorogodsky/ros2_ws/src/install/my_robot_interfaces/share/colcon-core/packages/my_robot_interfaces)
[3.632s] Level 1:colcon.colcon_core.environment:create_environment_scripts_only(my_robot_interfaces)
[3.633s] Level 1:colcon.colcon_core.environment:checking '/home/emkorogodsky/ros2_ws/src/install/my_robot_interfaces' for CMake module files
[3.633s] Level 1:colcon.colcon_core.environment:checking '/home/emkorogodsky/ros2_ws/src/install/my_robot_interfaces' for CMake config files
[3.633s] Level 1:colcon.colcon_core.shell:create_environment_hook('my_robot_interfaces', 'cmake_prefix_path')
[3.634s] INFO:colcon.colcon_core.shell:Creating environment hook '/home/emkorogodsky/ros2_ws/src/install/my_robot_interfaces/share/my_robot_interfaces/hook/cmake_prefix_path.ps1'
[3.634s] INFO:colcon.colcon_core.shell:Creating environment descriptor '/home/emkorogodsky/ros2_ws/src/install/my_robot_interfaces/share/my_robot_interfaces/hook/cmake_prefix_path.dsv'
[3.634s] INFO:colcon.colcon_core.shell:Creating environment hook '/home/emkorogodsky/ros2_ws/src/install/my_robot_interfaces/share/my_robot_interfaces/hook/cmake_prefix_path.sh'
[3.635s] Level 1:colcon.colcon_core.environment:checking '/home/emkorogodsky/ros2_ws/src/install/my_robot_interfaces/lib'
[3.635s] Level 1:colcon.colcon_core.shell:create_environment_hook('my_robot_interfaces', 'ld_library_path_lib')
[3.635s] INFO:colcon.colcon_core.shell:Creating environment hook '/home/emkorogodsky/ros2_ws/src/install/my_robot_interfaces/share/my_robot_interfaces/hook/ld_library_path_lib.ps1'
[3.636s] INFO:colcon.colcon_core.shell:Creating environment descriptor '/home/emkorogodsky/ros2_ws/src/install/my_robot_interfaces/share/my_robot_interfaces/hook/ld_library_path_lib.dsv'
[3.636s] INFO:colcon.colcon_core.shell:Creating environment hook '/home/emkorogodsky/ros2_ws/src/install/my_robot_interfaces/share/my_robot_interfaces/hook/ld_library_path_lib.sh'
[3.637s] Level 1:colcon.colcon_core.environment:checking '/home/emkorogodsky/ros2_ws/src/install/my_robot_interfaces/bin'
[3.637s] Level 1:colcon.colcon_core.environment:checking '/home/emkorogodsky/ros2_ws/src/install/my_robot_interfaces/lib/pkgconfig/my_robot_interfaces.pc'
[3.638s] Level 1:colcon.colcon_core.environment:checking '/home/emkorogodsky/ros2_ws/src/install/my_robot_interfaces/lib/python3.10/site-packages'
[3.638s] Level 1:colcon.colcon_core.environment:checking '/home/emkorogodsky/ros2_ws/src/install/my_robot_interfaces/bin'
[3.638s] INFO:colcon.colcon_core.shell:Creating package script '/home/emkorogodsky/ros2_ws/src/install/my_robot_interfaces/share/my_robot_interfaces/package.ps1'
[3.638s] INFO:colcon.colcon_core.shell:Creating package descriptor '/home/emkorogodsky/ros2_ws/src/install/my_robot_interfaces/share/my_robot_interfaces/package.dsv'
[3.639s] INFO:colcon.colcon_core.shell:Creating package script '/home/emkorogodsky/ros2_ws/src/install/my_robot_interfaces/share/my_robot_interfaces/package.sh'
[3.640s] INFO:colcon.colcon_core.shell:Creating package script '/home/emkorogodsky/ros2_ws/src/install/my_robot_interfaces/share/my_robot_interfaces/package.bash'
[3.640s] INFO:colcon.colcon_core.shell:Creating package script '/home/emkorogodsky/ros2_ws/src/install/my_robot_interfaces/share/my_robot_interfaces/package.zsh'
[3.640s] Level 1:colcon.colcon_core.environment:create_file_with_runtime_dependencies(/home/emkorogodsky/ros2_ws/src/install/my_robot_interfaces/share/colcon-core/packages/my_robot_interfaces)
[4.388s] DEBUG:colcon.colcon_core.event_handler.log_command:Invoked command in '/home/emkorogodsky/ros2_ws/src/build/my_cpp_pkg' returned '0': CMAKE_PREFIX_PATH=${CMAKE_PREFIX_PATH}:/home/emkorogodsky/ros2_ws/install/my_py_pkg:/home/emkorogodsky/ros2_ws/install/bumperbot_py_examples:/opt/ros/humble /usr/bin/cmake --build /home/emkorogodsky/ros2_ws/src/build/my_cpp_pkg -- -j8 -l8
[4.418s] DEBUG:colcon.colcon_core.event_handler.log_command:Invoking command in '/home/emkorogodsky/ros2_ws/src/build/my_cpp_pkg': CMAKE_PREFIX_PATH=${CMAKE_PREFIX_PATH}:/home/emkorogodsky/ros2_ws/install/my_py_pkg:/home/emkorogodsky/ros2_ws/install/bumperbot_py_examples:/opt/ros/humble /usr/bin/cmake --install /home/emkorogodsky/ros2_ws/src/build/my_cpp_pkg
[4.427s] Level 1:colcon.colcon_core.environment:create_environment_scripts_only(my_cpp_pkg)
[4.427s] Level 1:colcon.colcon_core.environment:checking '/home/emkorogodsky/ros2_ws/src/install/my_cpp_pkg' for CMake module files
[4.428s] DEBUG:colcon.colcon_core.event_handler.log_command:Invoked command in '/home/emkorogodsky/ros2_ws/src/build/my_cpp_pkg' returned '0': CMAKE_PREFIX_PATH=${CMAKE_PREFIX_PATH}:/home/emkorogodsky/ros2_ws/install/my_py_pkg:/home/emkorogodsky/ros2_ws/install/bumperbot_py_examples:/opt/ros/humble /usr/bin/cmake --install /home/emkorogodsky/ros2_ws/src/build/my_cpp_pkg
[4.428s] Level 1:colcon.colcon_core.environment:checking '/home/emkorogodsky/ros2_ws/src/install/my_cpp_pkg' for CMake config files
[4.428s] Level 1:colcon.colcon_core.shell:create_environment_hook('my_cpp_pkg', 'cmake_prefix_path')
[4.429s] INFO:colcon.colcon_core.shell:Creating environment hook '/home/emkorogodsky/ros2_ws/src/install/my_cpp_pkg/share/my_cpp_pkg/hook/cmake_prefix_path.ps1'
[4.429s] INFO:colcon.colcon_core.shell:Creating environment descriptor '/home/emkorogodsky/ros2_ws/src/install/my_cpp_pkg/share/my_cpp_pkg/hook/cmake_prefix_path.dsv'
[4.429s] INFO:colcon.colcon_core.shell:Creating environment hook '/home/emkorogodsky/ros2_ws/src/install/my_cpp_pkg/share/my_cpp_pkg/hook/cmake_prefix_path.sh'
[4.430s] Level 1:colcon.colcon_core.environment:checking '/home/emkorogodsky/ros2_ws/src/install/my_cpp_pkg/lib'
[4.430s] Level 1:colcon.colcon_core.environment:checking '/home/emkorogodsky/ros2_ws/src/install/my_cpp_pkg/bin'
[4.430s] Level 1:colcon.colcon_core.environment:checking '/home/emkorogodsky/ros2_ws/src/install/my_cpp_pkg/lib/pkgconfig/my_cpp_pkg.pc'
[4.430s] Level 1:colcon.colcon_core.environment:checking '/home/emkorogodsky/ros2_ws/src/install/my_cpp_pkg/lib/python3.10/site-packages'
[4.430s] Level 1:colcon.colcon_core.environment:checking '/home/emkorogodsky/ros2_ws/src/install/my_cpp_pkg/bin'
[4.430s] INFO:colcon.colcon_core.shell:Creating package script '/home/emkorogodsky/ros2_ws/src/install/my_cpp_pkg/share/my_cpp_pkg/package.ps1'
[4.431s] INFO:colcon.colcon_core.shell:Creating package descriptor '/home/emkorogodsky/ros2_ws/src/install/my_cpp_pkg/share/my_cpp_pkg/package.dsv'
[4.431s] INFO:colcon.colcon_core.shell:Creating package script '/home/emkorogodsky/ros2_ws/src/install/my_cpp_pkg/share/my_cpp_pkg/package.sh'
[4.432s] INFO:colcon.colcon_core.shell:Creating package script '/home/emkorogodsky/ros2_ws/src/install/my_cpp_pkg/share/my_cpp_pkg/package.bash'
[4.432s] INFO:colcon.colcon_core.shell:Creating package script '/home/emkorogodsky/ros2_ws/src/install/my_cpp_pkg/share/my_cpp_pkg/package.zsh'
[4.432s] Level 1:colcon.colcon_core.environment:create_file_with_runtime_dependencies(/home/emkorogodsky/ros2_ws/src/install/my_cpp_pkg/share/colcon-core/packages/my_cpp_pkg)
[4.455s] Level 1:colcon.colcon_core.environment:create_environment_scripts_only(my_cpp_pkg)
[4.456s] Level 1:colcon.colcon_core.environment:checking '/home/emkorogodsky/ros2_ws/src/install/my_cpp_pkg' for CMake module files
[4.456s] Level 1:colcon.colcon_core.environment:checking '/home/emkorogodsky/ros2_ws/src/install/my_cpp_pkg' for CMake config files
[4.456s] Level 1:colcon.colcon_core.shell:create_environment_hook('my_cpp_pkg', 'cmake_prefix_path')
[4.456s] INFO:colcon.colcon_core.shell:Creating environment hook '/home/emkorogodsky/ros2_ws/src/install/my_cpp_pkg/share/my_cpp_pkg/hook/cmake_prefix_path.ps1'
[4.457s] INFO:colcon.colcon_core.shell:Creating environment descriptor '/home/emkorogodsky/ros2_ws/src/install/my_cpp_pkg/share/my_cpp_pkg/hook/cmake_prefix_path.dsv'
[4.457s] INFO:colcon.colcon_core.shell:Creating environment hook '/home/emkorogodsky/ros2_ws/src/install/my_cpp_pkg/share/my_cpp_pkg/hook/cmake_prefix_path.sh'
[4.458s] Level 1:colcon.colcon_core.environment:checking '/home/emkorogodsky/ros2_ws/src/install/my_cpp_pkg/lib'
[4.458s] Level 1:colcon.colcon_core.environment:checking '/home/emkorogodsky/ros2_ws/src/install/my_cpp_pkg/bin'
[4.458s] Level 1:colcon.colcon_core.environment:checking '/home/emkorogodsky/ros2_ws/src/install/my_cpp_pkg/lib/pkgconfig/my_cpp_pkg.pc'
[4.458s] Level 1:colcon.colcon_core.environment:checking '/home/emkorogodsky/ros2_ws/src/install/my_cpp_pkg/lib/python3.10/site-packages'
[4.458s] Level 1:colcon.colcon_core.environment:checking '/home/emkorogodsky/ros2_ws/src/install/my_cpp_pkg/bin'
[4.459s] INFO:colcon.colcon_core.shell:Creating package script '/home/emkorogodsky/ros2_ws/src/install/my_cpp_pkg/share/my_cpp_pkg/package.ps1'
[4.459s] INFO:colcon.colcon_core.shell:Creating package descriptor '/home/emkorogodsky/ros2_ws/src/install/my_cpp_pkg/share/my_cpp_pkg/package.dsv'
[4.459s] INFO:colcon.colcon_core.shell:Creating package script '/home/emkorogodsky/ros2_ws/src/install/my_cpp_pkg/share/my_cpp_pkg/package.sh'
[4.460s] INFO:colcon.colcon_core.shell:Creating package script '/home/emkorogodsky/ros2_ws/src/install/my_cpp_pkg/share/my_cpp_pkg/package.bash'
[4.461s] INFO:colcon.colcon_core.shell:Creating package script '/home/emkorogodsky/ros2_ws/src/install/my_cpp_pkg/share/my_cpp_pkg/package.zsh'
[4.461s] Level 1:colcon.colcon_core.environment:create_file_with_runtime_dependencies(/home/emkorogodsky/ros2_ws/src/install/my_cpp_pkg/share/colcon-core/packages/my_cpp_pkg)
[4.461s] DEBUG:colcon.colcon_parallel_executor.executor.parallel:closing loop
[4.462s] DEBUG:colcon.colcon_parallel_executor.executor.parallel:loop closed
[4.462s] DEBUG:colcon.colcon_parallel_executor.executor.parallel:run_until_complete finished with '0'
[4.462s] DEBUG:colcon.colcon_core.event_reactor:joining thread
[4.470s] INFO:colcon.colcon_core.plugin_system:Skipping extension 'colcon_notification.desktop_notification.terminal_notifier': Not used on non-Darwin systems
[4.470s] INFO:colcon.colcon_core.plugin_system:Skipping extension 'colcon_notification.desktop_notification.win32': Not used on non-Windows systems
[4.470s] INFO:colcon.colcon_notification.desktop_notification:Sending desktop notification using 'notify2'
[4.501s] DEBUG:colcon.colcon_core.event_reactor:joined thread
[4.501s] INFO:colcon.colcon_core.shell:Creating prefix script '/home/emkorogodsky/ros2_ws/src/install/local_setup.ps1'
[4.502s] INFO:colcon.colcon_core.shell:Creating prefix util module '/home/emkorogodsky/ros2_ws/src/install/_local_setup_util_ps1.py'
[4.507s] INFO:colcon.colcon_core.shell:Creating prefix chain script '/home/emkorogodsky/ros2_ws/src/install/setup.ps1'
[4.508s] INFO:colcon.colcon_core.shell:Creating prefix script '/home/emkorogodsky/ros2_ws/src/install/local_setup.sh'
[4.509s] INFO:colcon.colcon_core.shell:Creating prefix util module '/home/emkorogodsky/ros2_ws/src/install/_local_setup_util_sh.py'
[4.509s] INFO:colcon.colcon_core.shell:Creating prefix chain script '/home/emkorogodsky/ros2_ws/src/install/setup.sh'
[4.510s] INFO:colcon.colcon_core.shell:Creating prefix script '/home/emkorogodsky/ros2_ws/src/install/local_setup.bash'
[4.511s] INFO:colcon.colcon_core.shell:Creating prefix chain script '/home/emkorogodsky/ros2_ws/src/install/setup.bash'
[4.512s] INFO:colcon.colcon_core.shell:Creating prefix script '/home/emkorogodsky/ros2_ws/src/install/local_setup.zsh'
[4.513s] INFO:colcon.colcon_core.shell:Creating prefix chain script '/home/emkorogodsky/ros2_ws/src/install/setup.zsh'
