[0.124s] Invoking command in '/home/emkorogodsky/ros2_ws/src/build/my_cpp_pkg': CMAKE_PREFIX_PATH=${CMAKE_PREFIX_PATH}:/home/emkorogodsky/ros2_ws/install/my_py_pkg:/opt/ros/humble /usr/bin/cmake /home/emkorogodsky/ros2_ws/src/my_cpp_pkg -DCMAKE_INSTALL_PREFIX=/home/emkorogodsky/ros2_ws/src/install/my_cpp_pkg
[0.233s] -- The C compiler identification is GNU 11.4.0
[0.307s] -- The CXX compiler identification is GNU 11.4.0
[0.316s] -- Detecting C compiler ABI info
[0.374s] -- Detecting C compiler ABI info - done
[0.380s] -- Check for working C compiler: /usr/bin/cc - skipped
[0.380s] -- Detecting C compile features
[0.381s] -- Detecting C compile features - done
[0.383s] -- Detecting CXX compiler ABI info
[0.456s] -- Detecting CXX compiler ABI info - done
[0.462s] -- Check for working CXX compiler: /usr/bin/c++ - skipped
[0.462s] -- Detecting CXX compile features
[0.463s] -- Detecting CXX compile features - done
[0.464s] -- Found ament_cmake: 1.3.9 (/opt/ros/humble/share/ament_cmake/cmake)
[0.702s] -- Found Python3: /usr/bin/python3 (found version "3.10.12") found components: Interpreter 
[0.757s] -- Found rclcpp: 16.0.9 (/opt/ros/humble/share/rclcpp/cmake)
[0.787s] -- Found rosidl_generator_c: 3.1.5 (/opt/ros/humble/share/rosidl_generator_c/cmake)
[0.791s] -- Found rosidl_adapter: 3.1.5 (/opt/ros/humble/share/rosidl_adapter/cmake)
[0.796s] -- Found rosidl_generator_cpp: 3.1.5 (/opt/ros/humble/share/rosidl_generator_cpp/cmake)
[0.806s] -- Using all available rosidl_typesupport_c: rosidl_typesupport_fastrtps_c;rosidl_typesupport_introspection_c
[0.821s] -- Using all available rosidl_typesupport_cpp: rosidl_typesupport_fastrtps_cpp;rosidl_typesupport_introspection_cpp
[0.877s] -- Found rmw_implementation_cmake: 6.1.2 (/opt/ros/humble/share/rmw_implementation_cmake/cmake)
[0.879s] -- Found rmw_fastrtps_cpp: 6.2.6 (/opt/ros/humble/share/rmw_fastrtps_cpp/cmake)
[0.957s] -- Found OpenSSL: /usr/lib/aarch64-linux-gnu/libcrypto.so (found version "3.0.2")  
[0.978s] -- Found FastRTPS: /opt/ros/humble/include  
[1.015s] -- Using RMW implementation 'rmw_fastrtps_cpp' as default
[1.024s] -- Looking for pthread.h
[1.083s] -- Looking for pthread.h - found
[1.084s] -- Performing Test CMAKE_HAVE_LIBC_PTHREAD
[1.152s] -- Performing Test CMAKE_HAVE_LIBC_PTHREAD - Success
[1.152s] -- Found Threads: TRUE  
[1.344s] -- Configuring done
[1.351s] -- Generating done
[1.352s] -- Build files have been written to: /home/emkorogodsky/ros2_ws/src/build/my_cpp_pkg
[1.361s] Invoked command in '/home/emkorogodsky/ros2_ws/src/build/my_cpp_pkg' returned '0': CMAKE_PREFIX_PATH=${CMAKE_PREFIX_PATH}:/home/emkorogodsky/ros2_ws/install/my_py_pkg:/opt/ros/humble /usr/bin/cmake /home/emkorogodsky/ros2_ws/src/my_cpp_pkg -DCMAKE_INSTALL_PREFIX=/home/emkorogodsky/ros2_ws/src/install/my_cpp_pkg
[1.364s] Invoking command in '/home/emkorogodsky/ros2_ws/src/build/my_cpp_pkg': CMAKE_PREFIX_PATH=${CMAKE_PREFIX_PATH}:/home/emkorogodsky/ros2_ws/install/my_py_pkg:/opt/ros/humble /usr/bin/cmake --build /home/emkorogodsky/ros2_ws/src/build/my_cpp_pkg -- -j8 -l8
[1.398s] [ 50%] [32mBuilding CXX object CMakeFiles/cpp_node.dir/src/my_first_node.cpp.o[0m
[3.721s] [100%] [32m[1mLinking CXX executable cpp_node[0m
[3.806s] [100%] Built target cpp_node
[3.813s] Invoked command in '/home/emkorogodsky/ros2_ws/src/build/my_cpp_pkg' returned '0': CMAKE_PREFIX_PATH=${CMAKE_PREFIX_PATH}:/home/emkorogodsky/ros2_ws/install/my_py_pkg:/opt/ros/humble /usr/bin/cmake --build /home/emkorogodsky/ros2_ws/src/build/my_cpp_pkg -- -j8 -l8
[3.832s] Invoking command in '/home/emkorogodsky/ros2_ws/src/build/my_cpp_pkg': CMAKE_PREFIX_PATH=${CMAKE_PREFIX_PATH}:/home/emkorogodsky/ros2_ws/install/my_py_pkg:/opt/ros/humble /usr/bin/cmake --install /home/emkorogodsky/ros2_ws/src/build/my_cpp_pkg
[3.835s] -- Install configuration: ""
[3.836s] -- Installing: /home/emkorogodsky/ros2_ws/src/install/my_cpp_pkg/lib/my_cpp_pkg/cpp_node
[3.836s] -- Set runtime path of "/home/emkorogodsky/ros2_ws/src/install/my_cpp_pkg/lib/my_cpp_pkg/cpp_node" to ""
[3.836s] -- Installing: /home/emkorogodsky/ros2_ws/src/install/my_cpp_pkg/share/ament_index/resource_index/package_run_dependencies/my_cpp_pkg
[3.836s] -- Installing: /home/emkorogodsky/ros2_ws/src/install/my_cpp_pkg/share/ament_index/resource_index/parent_prefix_path/my_cpp_pkg
[3.837s] -- Installing: /home/emkorogodsky/ros2_ws/src/install/my_cpp_pkg/share/my_cpp_pkg/environment/ament_prefix_path.sh
[3.838s] -- Installing: /home/emkorogodsky/ros2_ws/src/install/my_cpp_pkg/share/my_cpp_pkg/environment/ament_prefix_path.dsv
[3.838s] -- Installing: /home/emkorogodsky/ros2_ws/src/install/my_cpp_pkg/share/my_cpp_pkg/environment/path.sh
[3.838s] -- Installing: /home/emkorogodsky/ros2_ws/src/install/my_cpp_pkg/share/my_cpp_pkg/environment/path.dsv
[3.839s] -- Installing: /home/emkorogodsky/ros2_ws/src/install/my_cpp_pkg/share/my_cpp_pkg/local_setup.bash
[3.839s] -- Installing: /home/emkorogodsky/ros2_ws/src/install/my_cpp_pkg/share/my_cpp_pkg/local_setup.sh
[3.839s] -- Installing: /home/emkorogodsky/ros2_ws/src/install/my_cpp_pkg/share/my_cpp_pkg/local_setup.zsh
[3.839s] -- Installing: /home/emkorogodsky/ros2_ws/src/install/my_cpp_pkg/share/my_cpp_pkg/local_setup.dsv
[3.839s] -- Installing: /home/emkorogodsky/ros2_ws/src/install/my_cpp_pkg/share/my_cpp_pkg/package.dsv
[3.839s] -- Installing: /home/emkorogodsky/ros2_ws/src/install/my_cpp_pkg/share/ament_index/resource_index/packages/my_cpp_pkg
[3.839s] -- Installing: /home/emkorogodsky/ros2_ws/src/install/my_cpp_pkg/share/my_cpp_pkg/cmake/my_cpp_pkgConfig.cmake
[3.839s] -- Installing: /home/emkorogodsky/ros2_ws/src/install/my_cpp_pkg/share/my_cpp_pkg/cmake/my_cpp_pkgConfig-version.cmake
[3.839s] -- Installing: /home/emkorogodsky/ros2_ws/src/install/my_cpp_pkg/share/my_cpp_pkg/package.xml
[3.840s] Invoked command in '/home/emkorogodsky/ros2_ws/src/build/my_cpp_pkg' returned '0': CMAKE_PREFIX_PATH=${CMAKE_PREFIX_PATH}:/home/emkorogodsky/ros2_ws/install/my_py_pkg:/opt/ros/humble /usr/bin/cmake --install /home/emkorogodsky/ros2_ws/src/build/my_cpp_pkg
