[0.069s] DEBUG:colcon:Command line arguments: ['/usr/bin/colcon', 'build']
[0.069s] DEBUG:colcon:Parsed command line arguments: Namespace(log_base=None, log_level=None, verb_name='build', build_base='build', install_base='install', merge_install=False, symlink_install=False, test_result_base=None, continue_on_error=False, executor='parallel', parallel_workers=8, event_handlers=None, ignore_user_meta=False, metas=['./colcon.meta'], base_paths=['.'], packages_ignore=None, packages_ignore_regex=None, paths=None, packages_up_to=None, packages_up_to_regex=None, packages_above=None, packages_above_and_dependencies=None, packages_above_depth=None, packages_select_by_dep=None, packages_skip_by_dep=None, packages_skip_up_to=None, packages_select_build_failed=False, packages_skip_build_finished=False, packages_select_test_failures=False, packages_skip_test_passed=False, packages_select=None, packages_skip=None, packages_select_regex=None, packages_skip_regex=None, packages_start=None, packages_end=None, allow_overriding=[], cmake_args=None, cmake_target=None, cmake_target_skip_unavailable=False, cmake_clean_cache=False, cmake_clean_first=False, cmake_force_configure=False, ament_cmake_args=None, catkin_cmake_args=None, catkin_skip_building_tests=False, mixin_files=None, mixin=None, verb_parser=<colcon_mixin.mixin.mixin_argument.MixinArgumentDecorator object at 0xfb6fa341ebc0>, verb_extension=<colcon_core.verb.build.BuildVerb object at 0xfb6fa341e5f0>, main=<bound method BuildVerb.main of <colcon_core.verb.build.BuildVerb object at 0xfb6fa341e5f0>>, mixin_verb=('build',))
[0.093s] Level 1:colcon.colcon_core.package_discovery:discover_packages(colcon_meta) check parameters
[0.094s] Level 1:colcon.colcon_core.package_discovery:discover_packages(recursive) check parameters
[0.094s] Level 1:colcon.colcon_core.package_discovery:discover_packages(ignore) check parameters
[0.094s] Level 1:colcon.colcon_core.package_discovery:discover_packages(path) check parameters
[0.094s] Level 1:colcon.colcon_core.package_discovery:discover_packages(colcon_meta) discover
[0.094s] Level 1:colcon.colcon_core.package_discovery:discover_packages(recursive) discover
[0.094s] INFO:colcon.colcon_core.package_discovery:Crawling recursively for packages in '/home/emkorogodsky/ros2_ws/src'
[0.094s] Level 1:colcon.colcon_core.package_identification:_identify(.) by extensions ['ignore', 'ignore_ament_install']
[0.094s] Level 1:colcon.colcon_core.package_identification:_identify(.) by extension 'ignore'
[0.094s] Level 1:colcon.colcon_core.package_identification:_identify(.) by extension 'ignore_ament_install'
[0.094s] Level 1:colcon.colcon_core.package_identification:_identify(.) by extensions ['colcon_pkg']
[0.094s] Level 1:colcon.colcon_core.package_identification:_identify(.) by extension 'colcon_pkg'
[0.094s] Level 1:colcon.colcon_core.package_identification:_identify(.) by extensions ['colcon_meta']
[0.094s] Level 1:colcon.colcon_core.package_identification:_identify(.) by extension 'colcon_meta'
[0.094s] Level 1:colcon.colcon_core.package_identification:_identify(.) by extensions ['ros']
[0.094s] Level 1:colcon.colcon_core.package_identification:_identify(.) by extension 'ros'
[0.104s] Level 1:colcon.colcon_core.package_identification:_identify(.) by extensions ['cmake', 'python']
[0.104s] Level 1:colcon.colcon_core.package_identification:_identify(.) by extension 'cmake'
[0.104s] Level 1:colcon.colcon_core.package_identification:_identify(.) by extension 'python'
[0.104s] Level 1:colcon.colcon_core.package_identification:_identify(.) by extensions ['python_setup_py']
[0.104s] Level 1:colcon.colcon_core.package_identification:_identify(.) by extension 'python_setup_py'
[0.104s] Level 1:colcon.colcon_core.package_identification:_identify(build) by extensions ['ignore', 'ignore_ament_install']
[0.104s] Level 1:colcon.colcon_core.package_identification:_identify(build) by extension 'ignore'
[0.104s] Level 1:colcon.colcon_core.package_identification:_identify(build) ignored
[0.104s] Level 1:colcon.colcon_core.package_identification:_identify(install) by extensions ['ignore', 'ignore_ament_install']
[0.104s] Level 1:colcon.colcon_core.package_identification:_identify(install) by extension 'ignore'
[0.104s] Level 1:colcon.colcon_core.package_identification:_identify(install) ignored
[0.104s] Level 1:colcon.colcon_core.package_identification:_identify(log) by extensions ['ignore', 'ignore_ament_install']
[0.104s] Level 1:colcon.colcon_core.package_identification:_identify(log) by extension 'ignore'
[0.104s] Level 1:colcon.colcon_core.package_identification:_identify(log) ignored
[0.104s] Level 1:colcon.colcon_core.package_identification:_identify(my_cpp_pkg) by extensions ['ignore', 'ignore_ament_install']
[0.104s] Level 1:colcon.colcon_core.package_identification:_identify(my_cpp_pkg) by extension 'ignore'
[0.104s] Level 1:colcon.colcon_core.package_identification:_identify(my_cpp_pkg) by extension 'ignore_ament_install'
[0.104s] Level 1:colcon.colcon_core.package_identification:_identify(my_cpp_pkg) by extensions ['colcon_pkg']
[0.104s] Level 1:colcon.colcon_core.package_identification:_identify(my_cpp_pkg) by extension 'colcon_pkg'
[0.104s] Level 1:colcon.colcon_core.package_identification:_identify(my_cpp_pkg) by extensions ['colcon_meta']
[0.104s] Level 1:colcon.colcon_core.package_identification:_identify(my_cpp_pkg) by extension 'colcon_meta'
[0.104s] Level 1:colcon.colcon_core.package_identification:_identify(my_cpp_pkg) by extensions ['ros']
[0.104s] Level 1:colcon.colcon_core.package_identification:_identify(my_cpp_pkg) by extension 'ros'
[0.106s] DEBUG:colcon.colcon_core.package_identification:Package 'my_cpp_pkg' with type 'ros.ament_cmake' and name 'my_cpp_pkg'
[0.106s] Level 1:colcon.colcon_core.package_identification:_identify(my_py_pkg) by extensions ['ignore', 'ignore_ament_install']
[0.106s] Level 1:colcon.colcon_core.package_identification:_identify(my_py_pkg) by extension 'ignore'
[0.106s] Level 1:colcon.colcon_core.package_identification:_identify(my_py_pkg) by extension 'ignore_ament_install'
[0.106s] Level 1:colcon.colcon_core.package_identification:_identify(my_py_pkg) by extensions ['colcon_pkg']
[0.106s] Level 1:colcon.colcon_core.package_identification:_identify(my_py_pkg) by extension 'colcon_pkg'
[0.106s] Level 1:colcon.colcon_core.package_identification:_identify(my_py_pkg) by extensions ['colcon_meta']
[0.106s] Level 1:colcon.colcon_core.package_identification:_identify(my_py_pkg) by extension 'colcon_meta'
[0.106s] Level 1:colcon.colcon_core.package_identification:_identify(my_py_pkg) by extensions ['ros']
[0.106s] Level 1:colcon.colcon_core.package_identification:_identify(my_py_pkg) by extension 'ros'
[0.107s] DEBUG:colcon.colcon_core.package_identification:Package 'my_py_pkg' with type 'ros.ament_python' and name 'my_py_pkg'
[0.107s] Level 1:colcon.colcon_core.package_identification:_identify(my_robot_bringup) by extensions ['ignore', 'ignore_ament_install']
[0.107s] Level 1:colcon.colcon_core.package_identification:_identify(my_robot_bringup) by extension 'ignore'
[0.107s] Level 1:colcon.colcon_core.package_identification:_identify(my_robot_bringup) by extension 'ignore_ament_install'
[0.107s] Level 1:colcon.colcon_core.package_identification:_identify(my_robot_bringup) by extensions ['colcon_pkg']
[0.107s] Level 1:colcon.colcon_core.package_identification:_identify(my_robot_bringup) by extension 'colcon_pkg'
[0.107s] Level 1:colcon.colcon_core.package_identification:_identify(my_robot_bringup) by extensions ['colcon_meta']
[0.107s] Level 1:colcon.colcon_core.package_identification:_identify(my_robot_bringup) by extension 'colcon_meta'
[0.107s] Level 1:colcon.colcon_core.package_identification:_identify(my_robot_bringup) by extensions ['ros']
[0.107s] Level 1:colcon.colcon_core.package_identification:_identify(my_robot_bringup) by extension 'ros'
[0.107s] DEBUG:colcon.colcon_core.package_identification:Package 'my_robot_bringup' with type 'ros.ament_cmake' and name 'my_robot_bringup'
[0.107s] Level 1:colcon.colcon_core.package_identification:_identify(my_robot_interfaces) by extensions ['ignore', 'ignore_ament_install']
[0.107s] Level 1:colcon.colcon_core.package_identification:_identify(my_robot_interfaces) by extension 'ignore'
[0.107s] Level 1:colcon.colcon_core.package_identification:_identify(my_robot_interfaces) by extension 'ignore_ament_install'
[0.107s] Level 1:colcon.colcon_core.package_identification:_identify(my_robot_interfaces) by extensions ['colcon_pkg']
[0.107s] Level 1:colcon.colcon_core.package_identification:_identify(my_robot_interfaces) by extension 'colcon_pkg'
[0.107s] Level 1:colcon.colcon_core.package_identification:_identify(my_robot_interfaces) by extensions ['colcon_meta']
[0.107s] Level 1:colcon.colcon_core.package_identification:_identify(my_robot_interfaces) by extension 'colcon_meta'
[0.107s] Level 1:colcon.colcon_core.package_identification:_identify(my_robot_interfaces) by extensions ['ros']
[0.108s] Level 1:colcon.colcon_core.package_identification:_identify(my_robot_interfaces) by extension 'ros'
[0.108s] DEBUG:colcon.colcon_core.package_identification:Package 'my_robot_interfaces' with type 'ros.ament_cmake' and name 'my_robot_interfaces'
[0.108s] Level 1:colcon.colcon_core.package_discovery:discover_packages(recursive) using defaults
[0.108s] Level 1:colcon.colcon_core.package_discovery:discover_packages(ignore) discover
[0.108s] Level 1:colcon.colcon_core.package_discovery:discover_packages(ignore) using defaults
[0.108s] Level 1:colcon.colcon_core.package_discovery:discover_packages(path) discover
[0.108s] Level 1:colcon.colcon_core.package_discovery:discover_packages(path) using defaults
[0.121s] Level 1:colcon.colcon_core.package_discovery:discover_packages(prefix_path) check parameters
[0.121s] Level 1:colcon.colcon_core.package_discovery:discover_packages(prefix_path) discover
[0.125s] DEBUG:colcon.colcon_installed_package_information.package_discovery:Found 4 installed packages in /home/emkorogodsky/ros2_ws/install
[0.125s] DEBUG:colcon.colcon_installed_package_information.package_discovery:Found 270 installed packages in /opt/ros/humble
[0.126s] Level 1:colcon.colcon_core.package_discovery:discover_packages(prefix_path) using defaults
[0.153s] Level 5:colcon.colcon_core.verb:set package 'my_cpp_pkg' build argument 'cmake_args' from command line to 'None'
[0.153s] Level 5:colcon.colcon_core.verb:set package 'my_cpp_pkg' build argument 'cmake_target' from command line to 'None'
[0.153s] Level 5:colcon.colcon_core.verb:set package 'my_cpp_pkg' build argument 'cmake_target_skip_unavailable' from command line to 'False'
[0.153s] Level 5:colcon.colcon_core.verb:set package 'my_cpp_pkg' build argument 'cmake_clean_cache' from command line to 'False'
[0.153s] Level 5:colcon.colcon_core.verb:set package 'my_cpp_pkg' build argument 'cmake_clean_first' from command line to 'False'
[0.153s] Level 5:colcon.colcon_core.verb:set package 'my_cpp_pkg' build argument 'cmake_force_configure' from command line to 'False'
[0.153s] Level 5:colcon.colcon_core.verb:set package 'my_cpp_pkg' build argument 'ament_cmake_args' from command line to 'None'
[0.153s] Level 5:colcon.colcon_core.verb:set package 'my_cpp_pkg' build argument 'catkin_cmake_args' from command line to 'None'
[0.153s] Level 5:colcon.colcon_core.verb:set package 'my_cpp_pkg' build argument 'catkin_skip_building_tests' from command line to 'False'
[0.153s] DEBUG:colcon.colcon_core.verb:Building package 'my_cpp_pkg' with the following arguments: {'ament_cmake_args': None, 'build_base': '/home/emkorogodsky/ros2_ws/src/build/my_cpp_pkg', 'catkin_cmake_args': None, 'catkin_skip_building_tests': False, 'cmake_args': None, 'cmake_clean_cache': False, 'cmake_clean_first': False, 'cmake_force_configure': False, 'cmake_target': None, 'cmake_target_skip_unavailable': False, 'install_base': '/home/emkorogodsky/ros2_ws/src/install/my_cpp_pkg', 'merge_install': False, 'path': '/home/emkorogodsky/ros2_ws/src/my_cpp_pkg', 'symlink_install': False, 'test_result_base': None}
[0.153s] Level 5:colcon.colcon_core.verb:set package 'my_py_pkg' build argument 'cmake_args' from command line to 'None'
[0.153s] Level 5:colcon.colcon_core.verb:set package 'my_py_pkg' build argument 'cmake_target' from command line to 'None'
[0.153s] Level 5:colcon.colcon_core.verb:set package 'my_py_pkg' build argument 'cmake_target_skip_unavailable' from command line to 'False'
[0.153s] Level 5:colcon.colcon_core.verb:set package 'my_py_pkg' build argument 'cmake_clean_cache' from command line to 'False'
[0.153s] Level 5:colcon.colcon_core.verb:set package 'my_py_pkg' build argument 'cmake_clean_first' from command line to 'False'
[0.153s] Level 5:colcon.colcon_core.verb:set package 'my_py_pkg' build argument 'cmake_force_configure' from command line to 'False'
[0.153s] Level 5:colcon.colcon_core.verb:set package 'my_py_pkg' build argument 'ament_cmake_args' from command line to 'None'
[0.153s] Level 5:colcon.colcon_core.verb:set package 'my_py_pkg' build argument 'catkin_cmake_args' from command line to 'None'
[0.153s] Level 5:colcon.colcon_core.verb:set package 'my_py_pkg' build argument 'catkin_skip_building_tests' from command line to 'False'
[0.153s] DEBUG:colcon.colcon_core.verb:Building package 'my_py_pkg' with the following arguments: {'ament_cmake_args': None, 'build_base': '/home/emkorogodsky/ros2_ws/src/build/my_py_pkg', 'catkin_cmake_args': None, 'catkin_skip_building_tests': False, 'cmake_args': None, 'cmake_clean_cache': False, 'cmake_clean_first': False, 'cmake_force_configure': False, 'cmake_target': None, 'cmake_target_skip_unavailable': False, 'install_base': '/home/emkorogodsky/ros2_ws/src/install/my_py_pkg', 'merge_install': False, 'path': '/home/emkorogodsky/ros2_ws/src/my_py_pkg', 'symlink_install': False, 'test_result_base': None}
[0.154s] Level 5:colcon.colcon_core.verb:set package 'my_robot_interfaces' build argument 'cmake_args' from command line to 'None'
[0.154s] Level 5:colcon.colcon_core.verb:set package 'my_robot_interfaces' build argument 'cmake_target' from command line to 'None'
[0.154s] Level 5:colcon.colcon_core.verb:set package 'my_robot_interfaces' build argument 'cmake_target_skip_unavailable' from command line to 'False'
[0.154s] Level 5:colcon.colcon_core.verb:set package 'my_robot_interfaces' build argument 'cmake_clean_cache' from command line to 'False'
[0.154s] Level 5:colcon.colcon_core.verb:set package 'my_robot_interfaces' build argument 'cmake_clean_first' from command line to 'False'
[0.154s] Level 5:colcon.colcon_core.verb:set package 'my_robot_interfaces' build argument 'cmake_force_configure' from command line to 'False'
[0.154s] Level 5:colcon.colcon_core.verb:set package 'my_robot_interfaces' build argument 'ament_cmake_args' from command line to 'None'
[0.154s] Level 5:colcon.colcon_core.verb:set package 'my_robot_interfaces' build argument 'catkin_cmake_args' from command line to 'None'
[0.154s] Level 5:colcon.colcon_core.verb:set package 'my_robot_interfaces' build argument 'catkin_skip_building_tests' from command line to 'False'
[0.154s] DEBUG:colcon.colcon_core.verb:Building package 'my_robot_interfaces' with the following arguments: {'ament_cmake_args': None, 'build_base': '/home/emkorogodsky/ros2_ws/src/build/my_robot_interfaces', 'catkin_cmake_args': None, 'catkin_skip_building_tests': False, 'cmake_args': None, 'cmake_clean_cache': False, 'cmake_clean_first': False, 'cmake_force_configure': False, 'cmake_target': None, 'cmake_target_skip_unavailable': False, 'install_base': '/home/emkorogodsky/ros2_ws/src/install/my_robot_interfaces', 'merge_install': False, 'path': '/home/emkorogodsky/ros2_ws/src/my_robot_interfaces', 'symlink_install': False, 'test_result_base': None}
[0.154s] Level 5:colcon.colcon_core.verb:set package 'my_robot_bringup' build argument 'cmake_args' from command line to 'None'
[0.154s] Level 5:colcon.colcon_core.verb:set package 'my_robot_bringup' build argument 'cmake_target' from command line to 'None'
[0.154s] Level 5:colcon.colcon_core.verb:set package 'my_robot_bringup' build argument 'cmake_target_skip_unavailable' from command line to 'False'
[0.154s] Level 5:colcon.colcon_core.verb:set package 'my_robot_bringup' build argument 'cmake_clean_cache' from command line to 'False'
[0.154s] Level 5:colcon.colcon_core.verb:set package 'my_robot_bringup' build argument 'cmake_clean_first' from command line to 'False'
[0.154s] Level 5:colcon.colcon_core.verb:set package 'my_robot_bringup' build argument 'cmake_force_configure' from command line to 'False'
[0.154s] Level 5:colcon.colcon_core.verb:set package 'my_robot_bringup' build argument 'ament_cmake_args' from command line to 'None'
[0.154s] Level 5:colcon.colcon_core.verb:set package 'my_robot_bringup' build argument 'catkin_cmake_args' from command line to 'None'
[0.154s] Level 5:colcon.colcon_core.verb:set package 'my_robot_bringup' build argument 'catkin_skip_building_tests' from command line to 'False'
[0.154s] DEBUG:colcon.colcon_core.verb:Building package 'my_robot_bringup' with the following arguments: {'ament_cmake_args': None, 'build_base': '/home/emkorogodsky/ros2_ws/src/build/my_robot_bringup', 'catkin_cmake_args': None, 'catkin_skip_building_tests': False, 'cmake_args': None, 'cmake_clean_cache': False, 'cmake_clean_first': False, 'cmake_force_configure': False, 'cmake_target': None, 'cmake_target_skip_unavailable': False, 'install_base': '/home/emkorogodsky/ros2_ws/src/install/my_robot_bringup', 'merge_install': False, 'path': '/home/emkorogodsky/ros2_ws/src/my_robot_bringup', 'symlink_install': False, 'test_result_base': None}
[0.154s] INFO:colcon.colcon_core.executor:Executing jobs using 'parallel' executor
[0.155s] DEBUG:colcon.colcon_parallel_executor.executor.parallel:run_until_complete
[0.155s] INFO:colcon.colcon_ros.task.ament_python.build:Building ROS package in '/home/emkorogodsky/ros2_ws/src/my_py_pkg' with build type 'ament_python'
[0.155s] Level 1:colcon.colcon_core.shell:create_environment_hook('my_py_pkg', 'ament_prefix_path')
[0.159s] INFO:colcon.colcon_core.plugin_system:Skipping extension 'colcon_core.shell.bat': Not used on non-Windows systems
[0.159s] INFO:colcon.colcon_core.shell:Creating environment hook '/home/emkorogodsky/ros2_ws/src/install/my_py_pkg/share/my_py_pkg/hook/ament_prefix_path.ps1'
[0.160s] INFO:colcon.colcon_core.shell:Creating environment descriptor '/home/emkorogodsky/ros2_ws/src/install/my_py_pkg/share/my_py_pkg/hook/ament_prefix_path.dsv'
[0.160s] INFO:colcon.colcon_core.shell:Creating environment hook '/home/emkorogodsky/ros2_ws/src/install/my_py_pkg/share/my_py_pkg/hook/ament_prefix_path.sh'
[0.161s] INFO:colcon.colcon_core.shell:Skip shell extension 'powershell' for command environment: Not usable outside of PowerShell
[0.161s] DEBUG:colcon.colcon_core.shell:Skip shell extension 'dsv' for command environment
[0.163s] INFO:colcon.colcon_ros.task.ament_cmake.build:Building ROS package in '/home/emkorogodsky/ros2_ws/src/my_cpp_pkg' with build type 'ament_cmake'
[0.163s] INFO:colcon.colcon_cmake.task.cmake.build:Building CMake package in '/home/emkorogodsky/ros2_ws/src/my_cpp_pkg'
[0.163s] INFO:colcon.colcon_core.shell:Skip shell extension 'powershell' for command environment: Not usable outside of PowerShell
[0.163s] DEBUG:colcon.colcon_core.shell:Skip shell extension 'dsv' for command environment
[0.165s] INFO:colcon.colcon_ros.task.ament_cmake.build:Building ROS package in '/home/emkorogodsky/ros2_ws/src/my_robot_interfaces' with build type 'ament_cmake'
[0.165s] INFO:colcon.colcon_cmake.task.cmake.build:Building CMake package in '/home/emkorogodsky/ros2_ws/src/my_robot_interfaces'
[0.165s] INFO:colcon.colcon_core.shell:Skip shell extension 'powershell' for command environment: Not usable outside of PowerShell
[0.166s] DEBUG:colcon.colcon_core.shell:Skip shell extension 'dsv' for command environment
[0.283s] INFO:colcon.colcon_core.task.python.build:Building Python package in '/home/emkorogodsky/ros2_ws/src/my_py_pkg'
[0.283s] INFO:colcon.colcon_core.shell:Skip shell extension 'powershell' for command environment: Not usable outside of PowerShell
[0.283s] DEBUG:colcon.colcon_core.shell:Skip shell extension 'dsv' for command environment
[0.288s] DEBUG:colcon.colcon_core.event_handler.log_command:Invoking command in '/home/emkorogodsky/ros2_ws/src/build/my_cpp_pkg': CMAKE_PREFIX_PATH=${CMAKE_PREFIX_PATH}:/home/emkorogodsky/ros2_ws/install/my_py_pkg:/opt/ros/humble /usr/bin/cmake /home/emkorogodsky/ros2_ws/src/my_cpp_pkg -DCMAKE_INSTALL_PREFIX=/home/emkorogodsky/ros2_ws/src/install/my_cpp_pkg
[0.297s] DEBUG:colcon.colcon_core.event_handler.log_command:Invoking command in '/home/emkorogodsky/ros2_ws/src/build/my_robot_interfaces': CMAKE_PREFIX_PATH=${CMAKE_PREFIX_PATH}:/home/emkorogodsky/ros2_ws/install/my_py_pkg:/opt/ros/humble /usr/bin/cmake /home/emkorogodsky/ros2_ws/src/my_robot_interfaces -DCMAKE_INSTALL_PREFIX=/home/emkorogodsky/ros2_ws/src/install/my_robot_interfaces
[0.682s] DEBUG:colcon.colcon_core.event_handler.log_command:Invoking command in '/home/emkorogodsky/ros2_ws/src/my_py_pkg': PYTHONPATH=/home/emkorogodsky/ros2_ws/src/build/my_py_pkg/prefix_override:/home/emkorogodsky/ros2_ws/src/install/my_py_pkg/lib/python3.10/site-packages:${PYTHONPATH} /usr/bin/python3 -W ignore:setup.py install is deprecated setup.py egg_info --egg-base ../build/my_py_pkg build --build-base /home/emkorogodsky/ros2_ws/src/build/my_py_pkg/build install --record /home/emkorogodsky/ros2_ws/src/build/my_py_pkg/install.log --single-version-externally-managed install_data
[0.968s] DEBUG:colcon.colcon_core.event_handler.log_command:Invoked command in '/home/emkorogodsky/ros2_ws/src/my_py_pkg' returned '0': PYTHONPATH=/home/emkorogodsky/ros2_ws/src/build/my_py_pkg/prefix_override:/home/emkorogodsky/ros2_ws/src/install/my_py_pkg/lib/python3.10/site-packages:${PYTHONPATH} /usr/bin/python3 -W ignore:setup.py install is deprecated setup.py egg_info --egg-base ../build/my_py_pkg build --build-base /home/emkorogodsky/ros2_ws/src/build/my_py_pkg/build install --record /home/emkorogodsky/ros2_ws/src/build/my_py_pkg/install.log --single-version-externally-managed install_data
[0.972s] Level 1:colcon.colcon_core.environment:checking '/home/emkorogodsky/ros2_ws/src/install/my_py_pkg' for CMake module files
[0.973s] Level 1:colcon.colcon_core.environment:checking '/home/emkorogodsky/ros2_ws/src/install/my_py_pkg' for CMake config files
[0.973s] Level 1:colcon.colcon_core.environment:checking '/home/emkorogodsky/ros2_ws/src/install/my_py_pkg/lib'
[0.973s] Level 1:colcon.colcon_core.environment:checking '/home/emkorogodsky/ros2_ws/src/install/my_py_pkg/bin'
[0.973s] Level 1:colcon.colcon_core.environment:checking '/home/emkorogodsky/ros2_ws/src/install/my_py_pkg/lib/pkgconfig/my_py_pkg.pc'
[0.973s] Level 1:colcon.colcon_core.environment:checking '/home/emkorogodsky/ros2_ws/src/install/my_py_pkg/lib/python3.10/site-packages'
[0.973s] Level 1:colcon.colcon_core.shell:create_environment_hook('my_py_pkg', 'pythonpath')
[0.973s] INFO:colcon.colcon_core.shell:Creating environment hook '/home/emkorogodsky/ros2_ws/src/install/my_py_pkg/share/my_py_pkg/hook/pythonpath.ps1'
[0.974s] INFO:colcon.colcon_core.shell:Creating environment descriptor '/home/emkorogodsky/ros2_ws/src/install/my_py_pkg/share/my_py_pkg/hook/pythonpath.dsv'
[0.974s] INFO:colcon.colcon_core.shell:Creating environment hook '/home/emkorogodsky/ros2_ws/src/install/my_py_pkg/share/my_py_pkg/hook/pythonpath.sh'
[0.974s] Level 1:colcon.colcon_core.environment:checking '/home/emkorogodsky/ros2_ws/src/install/my_py_pkg/bin'
[0.974s] Level 1:colcon.colcon_core.environment:create_environment_scripts_only(my_py_pkg)
[0.974s] INFO:colcon.colcon_core.shell:Creating package script '/home/emkorogodsky/ros2_ws/src/install/my_py_pkg/share/my_py_pkg/package.ps1'
[0.975s] INFO:colcon.colcon_core.shell:Creating package descriptor '/home/emkorogodsky/ros2_ws/src/install/my_py_pkg/share/my_py_pkg/package.dsv'
[0.975s] INFO:colcon.colcon_core.shell:Creating package script '/home/emkorogodsky/ros2_ws/src/install/my_py_pkg/share/my_py_pkg/package.sh'
[0.976s] INFO:colcon.colcon_core.shell:Creating package script '/home/emkorogodsky/ros2_ws/src/install/my_py_pkg/share/my_py_pkg/package.bash'
[0.977s] INFO:colcon.colcon_core.shell:Creating package script '/home/emkorogodsky/ros2_ws/src/install/my_py_pkg/share/my_py_pkg/package.zsh'
[0.977s] Level 1:colcon.colcon_core.environment:create_file_with_runtime_dependencies(/home/emkorogodsky/ros2_ws/src/install/my_py_pkg/share/colcon-core/packages/my_py_pkg)
[0.978s] INFO:colcon.colcon_ros.task.ament_cmake.build:Building ROS package in '/home/emkorogodsky/ros2_ws/src/my_robot_bringup' with build type 'ament_cmake'
[0.978s] INFO:colcon.colcon_cmake.task.cmake.build:Building CMake package in '/home/emkorogodsky/ros2_ws/src/my_robot_bringup'
[0.978s] INFO:colcon.colcon_core.shell:Skip shell extension 'powershell' for command environment: Not usable outside of PowerShell
[0.978s] DEBUG:colcon.colcon_core.shell:Skip shell extension 'dsv' for command environment
[0.985s] DEBUG:colcon.colcon_core.event_handler.log_command:Invoking command in '/home/emkorogodsky/ros2_ws/src/build/my_robot_bringup': AMENT_PREFIX_PATH=/home/emkorogodsky/ros2_ws/src/install/my_py_pkg:${AMENT_PREFIX_PATH} CMAKE_PREFIX_PATH=${CMAKE_PREFIX_PATH}:/home/emkorogodsky/ros2_ws/install/my_py_pkg:/opt/ros/humble PYTHONPATH=/home/emkorogodsky/ros2_ws/src/install/my_py_pkg/lib/python3.10/site-packages:${PYTHONPATH} /usr/bin/cmake /home/emkorogodsky/ros2_ws/src/my_robot_bringup -DCMAKE_INSTALL_PREFIX=/home/emkorogodsky/ros2_ws/src/install/my_robot_bringup
[1.524s] DEBUG:colcon.colcon_core.event_handler.log_command:Invoked command in '/home/emkorogodsky/ros2_ws/src/build/my_cpp_pkg' returned '0': CMAKE_PREFIX_PATH=${CMAKE_PREFIX_PATH}:/home/emkorogodsky/ros2_ws/install/my_py_pkg:/opt/ros/humble /usr/bin/cmake /home/emkorogodsky/ros2_ws/src/my_cpp_pkg -DCMAKE_INSTALL_PREFIX=/home/emkorogodsky/ros2_ws/src/install/my_cpp_pkg
[1.528s] DEBUG:colcon.colcon_core.event_handler.log_command:Invoking command in '/home/emkorogodsky/ros2_ws/src/build/my_cpp_pkg': CMAKE_PREFIX_PATH=${CMAKE_PREFIX_PATH}:/home/emkorogodsky/ros2_ws/install/my_py_pkg:/opt/ros/humble /usr/bin/cmake --build /home/emkorogodsky/ros2_ws/src/build/my_cpp_pkg -- -j8 -l8
[1.566s] DEBUG:colcon.colcon_core.event_handler.log_command:Invoked command in '/home/emkorogodsky/ros2_ws/src/build/my_robot_bringup' returned '0': AMENT_PREFIX_PATH=/home/emkorogodsky/ros2_ws/src/install/my_py_pkg:${AMENT_PREFIX_PATH} CMAKE_PREFIX_PATH=${CMAKE_PREFIX_PATH}:/home/emkorogodsky/ros2_ws/install/my_py_pkg:/opt/ros/humble PYTHONPATH=/home/emkorogodsky/ros2_ws/src/install/my_py_pkg/lib/python3.10/site-packages:${PYTHONPATH} /usr/bin/cmake /home/emkorogodsky/ros2_ws/src/my_robot_bringup -DCMAKE_INSTALL_PREFIX=/home/emkorogodsky/ros2_ws/src/install/my_robot_bringup
[1.567s] DEBUG:colcon.colcon_core.event_handler.log_command:Invoking command in '/home/emkorogodsky/ros2_ws/src/build/my_robot_bringup': AMENT_PREFIX_PATH=/home/emkorogodsky/ros2_ws/src/install/my_py_pkg:${AMENT_PREFIX_PATH} CMAKE_PREFIX_PATH=${CMAKE_PREFIX_PATH}:/home/emkorogodsky/ros2_ws/install/my_py_pkg:/opt/ros/humble PYTHONPATH=/home/emkorogodsky/ros2_ws/src/install/my_py_pkg/lib/python3.10/site-packages:${PYTHONPATH} /usr/bin/cmake --build /home/emkorogodsky/ros2_ws/src/build/my_robot_bringup -- -j8 -l8
[1.596s] DEBUG:colcon.colcon_core.event_handler.log_command:Invoked command in '/home/emkorogodsky/ros2_ws/src/build/my_robot_bringup' returned '0': AMENT_PREFIX_PATH=/home/emkorogodsky/ros2_ws/src/install/my_py_pkg:${AMENT_PREFIX_PATH} CMAKE_PREFIX_PATH=${CMAKE_PREFIX_PATH}:/home/emkorogodsky/ros2_ws/install/my_py_pkg:/opt/ros/humble PYTHONPATH=/home/emkorogodsky/ros2_ws/src/install/my_py_pkg/lib/python3.10/site-packages:${PYTHONPATH} /usr/bin/cmake --build /home/emkorogodsky/ros2_ws/src/build/my_robot_bringup -- -j8 -l8
[1.619s] DEBUG:colcon.colcon_core.event_handler.log_command:Invoking command in '/home/emkorogodsky/ros2_ws/src/build/my_robot_bringup': AMENT_PREFIX_PATH=/home/emkorogodsky/ros2_ws/src/install/my_py_pkg:${AMENT_PREFIX_PATH} CMAKE_PREFIX_PATH=${CMAKE_PREFIX_PATH}:/home/emkorogodsky/ros2_ws/install/my_py_pkg:/opt/ros/humble PYTHONPATH=/home/emkorogodsky/ros2_ws/src/install/my_py_pkg/lib/python3.10/site-packages:${PYTHONPATH} /usr/bin/cmake --install /home/emkorogodsky/ros2_ws/src/build/my_robot_bringup
[1.620s] DEBUG:colcon.colcon_core.event_handler.log_command:Invoked command in '/home/emkorogodsky/ros2_ws/src/build/my_robot_interfaces' returned '0': CMAKE_PREFIX_PATH=${CMAKE_PREFIX_PATH}:/home/emkorogodsky/ros2_ws/install/my_py_pkg:/opt/ros/humble /usr/bin/cmake /home/emkorogodsky/ros2_ws/src/my_robot_interfaces -DCMAKE_INSTALL_PREFIX=/home/emkorogodsky/ros2_ws/src/install/my_robot_interfaces
[1.621s] DEBUG:colcon.colcon_core.event_handler.log_command:Invoking command in '/home/emkorogodsky/ros2_ws/src/build/my_robot_interfaces': CMAKE_PREFIX_PATH=${CMAKE_PREFIX_PATH}:/home/emkorogodsky/ros2_ws/install/my_py_pkg:/opt/ros/humble /usr/bin/cmake --build /home/emkorogodsky/ros2_ws/src/build/my_robot_interfaces -- -j8 -l8
[1.628s] Level 1:colcon.colcon_core.environment:create_environment_scripts_only(my_robot_bringup)
[1.628s] Level 1:colcon.colcon_core.environment:checking '/home/emkorogodsky/ros2_ws/src/install/my_robot_bringup' for CMake module files
[1.628s] DEBUG:colcon.colcon_core.event_handler.log_command:Invoked command in '/home/emkorogodsky/ros2_ws/src/build/my_robot_bringup' returned '0': AMENT_PREFIX_PATH=/home/emkorogodsky/ros2_ws/src/install/my_py_pkg:${AMENT_PREFIX_PATH} CMAKE_PREFIX_PATH=${CMAKE_PREFIX_PATH}:/home/emkorogodsky/ros2_ws/install/my_py_pkg:/opt/ros/humble PYTHONPATH=/home/emkorogodsky/ros2_ws/src/install/my_py_pkg/lib/python3.10/site-packages:${PYTHONPATH} /usr/bin/cmake --install /home/emkorogodsky/ros2_ws/src/build/my_robot_bringup
[1.629s] Level 1:colcon.colcon_core.environment:checking '/home/emkorogodsky/ros2_ws/src/install/my_robot_bringup' for CMake config files
[1.629s] Level 1:colcon.colcon_core.shell:create_environment_hook('my_robot_bringup', 'cmake_prefix_path')
[1.629s] INFO:colcon.colcon_core.shell:Creating environment hook '/home/emkorogodsky/ros2_ws/src/install/my_robot_bringup/share/my_robot_bringup/hook/cmake_prefix_path.ps1'
[1.629s] INFO:colcon.colcon_core.shell:Creating environment descriptor '/home/emkorogodsky/ros2_ws/src/install/my_robot_bringup/share/my_robot_bringup/hook/cmake_prefix_path.dsv'
[1.629s] INFO:colcon.colcon_core.shell:Creating environment hook '/home/emkorogodsky/ros2_ws/src/install/my_robot_bringup/share/my_robot_bringup/hook/cmake_prefix_path.sh'
[1.629s] Level 1:colcon.colcon_core.environment:checking '/home/emkorogodsky/ros2_ws/src/install/my_robot_bringup/bin'
[1.630s] Level 1:colcon.colcon_core.environment:checking '/home/emkorogodsky/ros2_ws/src/install/my_robot_bringup/lib/pkgconfig/my_robot_bringup.pc'
[1.630s] Level 1:colcon.colcon_core.environment:checking '/home/emkorogodsky/ros2_ws/src/install/my_robot_bringup/lib/python3.10/site-packages'
[1.630s] Level 1:colcon.colcon_core.environment:checking '/home/emkorogodsky/ros2_ws/src/install/my_robot_bringup/bin'
[1.630s] INFO:colcon.colcon_core.shell:Creating package script '/home/emkorogodsky/ros2_ws/src/install/my_robot_bringup/share/my_robot_bringup/package.ps1'
[1.630s] INFO:colcon.colcon_core.shell:Creating package descriptor '/home/emkorogodsky/ros2_ws/src/install/my_robot_bringup/share/my_robot_bringup/package.dsv'
[1.631s] INFO:colcon.colcon_core.shell:Creating package script '/home/emkorogodsky/ros2_ws/src/install/my_robot_bringup/share/my_robot_bringup/package.sh'
[1.631s] INFO:colcon.colcon_core.shell:Creating package script '/home/emkorogodsky/ros2_ws/src/install/my_robot_bringup/share/my_robot_bringup/package.bash'
[1.631s] INFO:colcon.colcon_core.shell:Creating package script '/home/emkorogodsky/ros2_ws/src/install/my_robot_bringup/share/my_robot_bringup/package.zsh'
[1.631s] Level 1:colcon.colcon_core.environment:create_file_with_runtime_dependencies(/home/emkorogodsky/ros2_ws/src/install/my_robot_bringup/share/colcon-core/packages/my_robot_bringup)
[1.650s] Level 1:colcon.colcon_core.environment:create_environment_scripts_only(my_robot_bringup)
[1.650s] Level 1:colcon.colcon_core.environment:checking '/home/emkorogodsky/ros2_ws/src/install/my_robot_bringup' for CMake module files
[1.651s] Level 1:colcon.colcon_core.environment:checking '/home/emkorogodsky/ros2_ws/src/install/my_robot_bringup' for CMake config files
[1.651s] Level 1:colcon.colcon_core.shell:create_environment_hook('my_robot_bringup', 'cmake_prefix_path')
[1.651s] INFO:colcon.colcon_core.shell:Creating environment hook '/home/emkorogodsky/ros2_ws/src/install/my_robot_bringup/share/my_robot_bringup/hook/cmake_prefix_path.ps1'
[1.651s] INFO:colcon.colcon_core.shell:Creating environment descriptor '/home/emkorogodsky/ros2_ws/src/install/my_robot_bringup/share/my_robot_bringup/hook/cmake_prefix_path.dsv'
[1.651s] INFO:colcon.colcon_core.shell:Creating environment hook '/home/emkorogodsky/ros2_ws/src/install/my_robot_bringup/share/my_robot_bringup/hook/cmake_prefix_path.sh'
[1.652s] Level 1:colcon.colcon_core.environment:checking '/home/emkorogodsky/ros2_ws/src/install/my_robot_bringup/bin'
[1.652s] Level 1:colcon.colcon_core.environment:checking '/home/emkorogodsky/ros2_ws/src/install/my_robot_bringup/lib/pkgconfig/my_robot_bringup.pc'
[1.652s] Level 1:colcon.colcon_core.environment:checking '/home/emkorogodsky/ros2_ws/src/install/my_robot_bringup/lib/python3.10/site-packages'
[1.652s] Level 1:colcon.colcon_core.environment:checking '/home/emkorogodsky/ros2_ws/src/install/my_robot_bringup/bin'
[1.652s] INFO:colcon.colcon_core.shell:Creating package script '/home/emkorogodsky/ros2_ws/src/install/my_robot_bringup/share/my_robot_bringup/package.ps1'
[1.653s] INFO:colcon.colcon_core.shell:Creating package descriptor '/home/emkorogodsky/ros2_ws/src/install/my_robot_bringup/share/my_robot_bringup/package.dsv'
[1.654s] INFO:colcon.colcon_core.shell:Creating package script '/home/emkorogodsky/ros2_ws/src/install/my_robot_bringup/share/my_robot_bringup/package.sh'
[1.655s] INFO:colcon.colcon_core.shell:Creating package script '/home/emkorogodsky/ros2_ws/src/install/my_robot_bringup/share/my_robot_bringup/package.bash'
[1.655s] INFO:colcon.colcon_core.shell:Creating package script '/home/emkorogodsky/ros2_ws/src/install/my_robot_bringup/share/my_robot_bringup/package.zsh'
[1.656s] Level 1:colcon.colcon_core.environment:create_file_with_runtime_dependencies(/home/emkorogodsky/ros2_ws/src/install/my_robot_bringup/share/colcon-core/packages/my_robot_bringup)
[3.806s] DEBUG:colcon.colcon_core.event_handler.log_command:Invoked command in '/home/emkorogodsky/ros2_ws/src/build/my_robot_interfaces' returned '0': CMAKE_PREFIX_PATH=${CMAKE_PREFIX_PATH}:/home/emkorogodsky/ros2_ws/install/my_py_pkg:/opt/ros/humble /usr/bin/cmake --build /home/emkorogodsky/ros2_ws/src/build/my_robot_interfaces -- -j8 -l8
[3.884s] DEBUG:colcon.colcon_core.event_handler.log_command:Invoking command in '/home/emkorogodsky/ros2_ws/src/build/my_robot_interfaces': CMAKE_PREFIX_PATH=${CMAKE_PREFIX_PATH}:/home/emkorogodsky/ros2_ws/install/my_py_pkg:/opt/ros/humble /usr/bin/cmake --install /home/emkorogodsky/ros2_ws/src/build/my_robot_interfaces
[3.935s] Level 1:colcon.colcon_core.environment:create_environment_scripts_only(my_robot_interfaces)
[3.935s] DEBUG:colcon.colcon_core.event_handler.log_command:Invoked command in '/home/emkorogodsky/ros2_ws/src/build/my_robot_interfaces' returned '0': CMAKE_PREFIX_PATH=${CMAKE_PREFIX_PATH}:/home/emkorogodsky/ros2_ws/install/my_py_pkg:/opt/ros/humble /usr/bin/cmake --install /home/emkorogodsky/ros2_ws/src/build/my_robot_interfaces
[3.935s] Level 1:colcon.colcon_core.environment:checking '/home/emkorogodsky/ros2_ws/src/install/my_robot_interfaces' for CMake module files
[3.936s] Level 1:colcon.colcon_core.environment:checking '/home/emkorogodsky/ros2_ws/src/install/my_robot_interfaces' for CMake config files
[3.936s] Level 1:colcon.colcon_core.shell:create_environment_hook('my_robot_interfaces', 'cmake_prefix_path')
[3.936s] INFO:colcon.colcon_core.shell:Creating environment hook '/home/emkorogodsky/ros2_ws/src/install/my_robot_interfaces/share/my_robot_interfaces/hook/cmake_prefix_path.ps1'
[3.936s] INFO:colcon.colcon_core.shell:Creating environment descriptor '/home/emkorogodsky/ros2_ws/src/install/my_robot_interfaces/share/my_robot_interfaces/hook/cmake_prefix_path.dsv'
[3.937s] INFO:colcon.colcon_core.shell:Creating environment hook '/home/emkorogodsky/ros2_ws/src/install/my_robot_interfaces/share/my_robot_interfaces/hook/cmake_prefix_path.sh'
[3.937s] Level 1:colcon.colcon_core.environment:checking '/home/emkorogodsky/ros2_ws/src/install/my_robot_interfaces/lib'
[3.937s] Level 1:colcon.colcon_core.shell:create_environment_hook('my_robot_interfaces', 'ld_library_path_lib')
[3.937s] INFO:colcon.colcon_core.shell:Creating environment hook '/home/emkorogodsky/ros2_ws/src/install/my_robot_interfaces/share/my_robot_interfaces/hook/ld_library_path_lib.ps1'
[3.937s] INFO:colcon.colcon_core.shell:Creating environment descriptor '/home/emkorogodsky/ros2_ws/src/install/my_robot_interfaces/share/my_robot_interfaces/hook/ld_library_path_lib.dsv'
[3.937s] INFO:colcon.colcon_core.shell:Creating environment hook '/home/emkorogodsky/ros2_ws/src/install/my_robot_interfaces/share/my_robot_interfaces/hook/ld_library_path_lib.sh'
[3.937s] Level 1:colcon.colcon_core.environment:checking '/home/emkorogodsky/ros2_ws/src/install/my_robot_interfaces/bin'
[3.937s] Level 1:colcon.colcon_core.environment:checking '/home/emkorogodsky/ros2_ws/src/install/my_robot_interfaces/lib/pkgconfig/my_robot_interfaces.pc'
[3.937s] Level 1:colcon.colcon_core.environment:checking '/home/emkorogodsky/ros2_ws/src/install/my_robot_interfaces/lib/python3.10/site-packages'
[3.938s] Level 1:colcon.colcon_core.environment:checking '/home/emkorogodsky/ros2_ws/src/install/my_robot_interfaces/bin'
[3.938s] INFO:colcon.colcon_core.shell:Creating package script '/home/emkorogodsky/ros2_ws/src/install/my_robot_interfaces/share/my_robot_interfaces/package.ps1'
[3.938s] INFO:colcon.colcon_core.shell:Creating package descriptor '/home/emkorogodsky/ros2_ws/src/install/my_robot_interfaces/share/my_robot_interfaces/package.dsv'
[3.938s] INFO:colcon.colcon_core.shell:Creating package script '/home/emkorogodsky/ros2_ws/src/install/my_robot_interfaces/share/my_robot_interfaces/package.sh'
[3.939s] INFO:colcon.colcon_core.shell:Creating package script '/home/emkorogodsky/ros2_ws/src/install/my_robot_interfaces/share/my_robot_interfaces/package.bash'
[3.939s] INFO:colcon.colcon_core.shell:Creating package script '/home/emkorogodsky/ros2_ws/src/install/my_robot_interfaces/share/my_robot_interfaces/package.zsh'
[3.939s] Level 1:colcon.colcon_core.environment:create_file_with_runtime_dependencies(/home/emkorogodsky/ros2_ws/src/install/my_robot_interfaces/share/colcon-core/packages/my_robot_interfaces)
[3.976s] DEBUG:colcon.colcon_core.event_handler.log_command:Invoked command in '/home/emkorogodsky/ros2_ws/src/build/my_cpp_pkg' returned '0': CMAKE_PREFIX_PATH=${CMAKE_PREFIX_PATH}:/home/emkorogodsky/ros2_ws/install/my_py_pkg:/opt/ros/humble /usr/bin/cmake --build /home/emkorogodsky/ros2_ws/src/build/my_cpp_pkg -- -j8 -l8
[3.995s] DEBUG:colcon.colcon_core.event_handler.log_command:Invoking command in '/home/emkorogodsky/ros2_ws/src/build/my_cpp_pkg': CMAKE_PREFIX_PATH=${CMAKE_PREFIX_PATH}:/home/emkorogodsky/ros2_ws/install/my_py_pkg:/opt/ros/humble /usr/bin/cmake --install /home/emkorogodsky/ros2_ws/src/build/my_cpp_pkg
[4.003s] Level 1:colcon.colcon_core.environment:create_environment_scripts_only(my_cpp_pkg)
[4.003s] Level 1:colcon.colcon_core.environment:checking '/home/emkorogodsky/ros2_ws/src/install/my_cpp_pkg' for CMake module files
[4.004s] DEBUG:colcon.colcon_core.event_handler.log_command:Invoked command in '/home/emkorogodsky/ros2_ws/src/build/my_cpp_pkg' returned '0': CMAKE_PREFIX_PATH=${CMAKE_PREFIX_PATH}:/home/emkorogodsky/ros2_ws/install/my_py_pkg:/opt/ros/humble /usr/bin/cmake --install /home/emkorogodsky/ros2_ws/src/build/my_cpp_pkg
[4.004s] Level 1:colcon.colcon_core.environment:checking '/home/emkorogodsky/ros2_ws/src/install/my_cpp_pkg' for CMake config files
[4.004s] Level 1:colcon.colcon_core.shell:create_environment_hook('my_cpp_pkg', 'cmake_prefix_path')
[4.004s] INFO:colcon.colcon_core.shell:Creating environment hook '/home/emkorogodsky/ros2_ws/src/install/my_cpp_pkg/share/my_cpp_pkg/hook/cmake_prefix_path.ps1'
[4.005s] INFO:colcon.colcon_core.shell:Creating environment descriptor '/home/emkorogodsky/ros2_ws/src/install/my_cpp_pkg/share/my_cpp_pkg/hook/cmake_prefix_path.dsv'
[4.005s] INFO:colcon.colcon_core.shell:Creating environment hook '/home/emkorogodsky/ros2_ws/src/install/my_cpp_pkg/share/my_cpp_pkg/hook/cmake_prefix_path.sh'
[4.005s] Level 1:colcon.colcon_core.environment:checking '/home/emkorogodsky/ros2_ws/src/install/my_cpp_pkg/lib'
[4.005s] Level 1:colcon.colcon_core.environment:checking '/home/emkorogodsky/ros2_ws/src/install/my_cpp_pkg/bin'
[4.005s] Level 1:colcon.colcon_core.environment:checking '/home/emkorogodsky/ros2_ws/src/install/my_cpp_pkg/lib/pkgconfig/my_cpp_pkg.pc'
[4.005s] Level 1:colcon.colcon_core.environment:checking '/home/emkorogodsky/ros2_ws/src/install/my_cpp_pkg/lib/python3.10/site-packages'
[4.005s] Level 1:colcon.colcon_core.environment:checking '/home/emkorogodsky/ros2_ws/src/install/my_cpp_pkg/bin'
[4.006s] INFO:colcon.colcon_core.shell:Creating package script '/home/emkorogodsky/ros2_ws/src/install/my_cpp_pkg/share/my_cpp_pkg/package.ps1'
[4.006s] INFO:colcon.colcon_core.shell:Creating package descriptor '/home/emkorogodsky/ros2_ws/src/install/my_cpp_pkg/share/my_cpp_pkg/package.dsv'
[4.006s] INFO:colcon.colcon_core.shell:Creating package script '/home/emkorogodsky/ros2_ws/src/install/my_cpp_pkg/share/my_cpp_pkg/package.sh'
[4.006s] INFO:colcon.colcon_core.shell:Creating package script '/home/emkorogodsky/ros2_ws/src/install/my_cpp_pkg/share/my_cpp_pkg/package.bash'
[4.007s] INFO:colcon.colcon_core.shell:Creating package script '/home/emkorogodsky/ros2_ws/src/install/my_cpp_pkg/share/my_cpp_pkg/package.zsh'
[4.007s] Level 1:colcon.colcon_core.environment:create_file_with_runtime_dependencies(/home/emkorogodsky/ros2_ws/src/install/my_cpp_pkg/share/colcon-core/packages/my_cpp_pkg)
[4.024s] Level 1:colcon.colcon_core.environment:create_environment_scripts_only(my_robot_interfaces)
[4.024s] Level 1:colcon.colcon_core.environment:checking '/home/emkorogodsky/ros2_ws/src/install/my_robot_interfaces' for CMake module files
[4.025s] Level 1:colcon.colcon_core.environment:checking '/home/emkorogodsky/ros2_ws/src/install/my_robot_interfaces' for CMake config files
[4.025s] Level 1:colcon.colcon_core.shell:create_environment_hook('my_robot_interfaces', 'cmake_prefix_path')
[4.025s] INFO:colcon.colcon_core.shell:Creating environment hook '/home/emkorogodsky/ros2_ws/src/install/my_robot_interfaces/share/my_robot_interfaces/hook/cmake_prefix_path.ps1'
[4.025s] INFO:colcon.colcon_core.shell:Creating environment descriptor '/home/emkorogodsky/ros2_ws/src/install/my_robot_interfaces/share/my_robot_interfaces/hook/cmake_prefix_path.dsv'
[4.025s] INFO:colcon.colcon_core.shell:Creating environment hook '/home/emkorogodsky/ros2_ws/src/install/my_robot_interfaces/share/my_robot_interfaces/hook/cmake_prefix_path.sh'
[4.026s] Level 1:colcon.colcon_core.environment:checking '/home/emkorogodsky/ros2_ws/src/install/my_robot_interfaces/lib'
[4.026s] Level 1:colcon.colcon_core.shell:create_environment_hook('my_robot_interfaces', 'ld_library_path_lib')
[4.027s] INFO:colcon.colcon_core.shell:Creating environment hook '/home/emkorogodsky/ros2_ws/src/install/my_robot_interfaces/share/my_robot_interfaces/hook/ld_library_path_lib.ps1'
[4.027s] INFO:colcon.colcon_core.shell:Creating environment descriptor '/home/emkorogodsky/ros2_ws/src/install/my_robot_interfaces/share/my_robot_interfaces/hook/ld_library_path_lib.dsv'
[4.027s] INFO:colcon.colcon_core.shell:Creating environment hook '/home/emkorogodsky/ros2_ws/src/install/my_robot_interfaces/share/my_robot_interfaces/hook/ld_library_path_lib.sh'
[4.027s] Level 1:colcon.colcon_core.environment:checking '/home/emkorogodsky/ros2_ws/src/install/my_robot_interfaces/bin'
[4.027s] Level 1:colcon.colcon_core.environment:checking '/home/emkorogodsky/ros2_ws/src/install/my_robot_interfaces/lib/pkgconfig/my_robot_interfaces.pc'
[4.027s] Level 1:colcon.colcon_core.environment:checking '/home/emkorogodsky/ros2_ws/src/install/my_robot_interfaces/lib/python3.10/site-packages'
[4.028s] Level 1:colcon.colcon_core.environment:checking '/home/emkorogodsky/ros2_ws/src/install/my_robot_interfaces/bin'
[4.028s] INFO:colcon.colcon_core.shell:Creating package script '/home/emkorogodsky/ros2_ws/src/install/my_robot_interfaces/share/my_robot_interfaces/package.ps1'
[4.028s] INFO:colcon.colcon_core.shell:Creating package descriptor '/home/emkorogodsky/ros2_ws/src/install/my_robot_interfaces/share/my_robot_interfaces/package.dsv'
[4.028s] INFO:colcon.colcon_core.shell:Creating package script '/home/emkorogodsky/ros2_ws/src/install/my_robot_interfaces/share/my_robot_interfaces/package.sh'
[4.028s] INFO:colcon.colcon_core.shell:Creating package script '/home/emkorogodsky/ros2_ws/src/install/my_robot_interfaces/share/my_robot_interfaces/package.bash'
[4.029s] INFO:colcon.colcon_core.shell:Creating package script '/home/emkorogodsky/ros2_ws/src/install/my_robot_interfaces/share/my_robot_interfaces/package.zsh'
[4.029s] Level 1:colcon.colcon_core.environment:create_file_with_runtime_dependencies(/home/emkorogodsky/ros2_ws/src/install/my_robot_interfaces/share/colcon-core/packages/my_robot_interfaces)
[4.030s] Level 1:colcon.colcon_core.environment:create_environment_scripts_only(my_cpp_pkg)
[4.030s] Level 1:colcon.colcon_core.environment:checking '/home/emkorogodsky/ros2_ws/src/install/my_cpp_pkg' for CMake module files
[4.031s] Level 1:colcon.colcon_core.environment:checking '/home/emkorogodsky/ros2_ws/src/install/my_cpp_pkg' for CMake config files
[4.031s] Level 1:colcon.colcon_core.shell:create_environment_hook('my_cpp_pkg', 'cmake_prefix_path')
[4.031s] INFO:colcon.colcon_core.shell:Creating environment hook '/home/emkorogodsky/ros2_ws/src/install/my_cpp_pkg/share/my_cpp_pkg/hook/cmake_prefix_path.ps1'
[4.031s] INFO:colcon.colcon_core.shell:Creating environment descriptor '/home/emkorogodsky/ros2_ws/src/install/my_cpp_pkg/share/my_cpp_pkg/hook/cmake_prefix_path.dsv'
[4.032s] INFO:colcon.colcon_core.shell:Creating environment hook '/home/emkorogodsky/ros2_ws/src/install/my_cpp_pkg/share/my_cpp_pkg/hook/cmake_prefix_path.sh'
[4.032s] Level 1:colcon.colcon_core.environment:checking '/home/emkorogodsky/ros2_ws/src/install/my_cpp_pkg/lib'
[4.032s] Level 1:colcon.colcon_core.environment:checking '/home/emkorogodsky/ros2_ws/src/install/my_cpp_pkg/bin'
[4.032s] Level 1:colcon.colcon_core.environment:checking '/home/emkorogodsky/ros2_ws/src/install/my_cpp_pkg/lib/pkgconfig/my_cpp_pkg.pc'
[4.032s] Level 1:colcon.colcon_core.environment:checking '/home/emkorogodsky/ros2_ws/src/install/my_cpp_pkg/lib/python3.10/site-packages'
[4.032s] Level 1:colcon.colcon_core.environment:checking '/home/emkorogodsky/ros2_ws/src/install/my_cpp_pkg/bin'
[4.033s] INFO:colcon.colcon_core.shell:Creating package script '/home/emkorogodsky/ros2_ws/src/install/my_cpp_pkg/share/my_cpp_pkg/package.ps1'
[4.033s] INFO:colcon.colcon_core.shell:Creating package descriptor '/home/emkorogodsky/ros2_ws/src/install/my_cpp_pkg/share/my_cpp_pkg/package.dsv'
[4.033s] INFO:colcon.colcon_core.shell:Creating package script '/home/emkorogodsky/ros2_ws/src/install/my_cpp_pkg/share/my_cpp_pkg/package.sh'
[4.034s] INFO:colcon.colcon_core.shell:Creating package script '/home/emkorogodsky/ros2_ws/src/install/my_cpp_pkg/share/my_cpp_pkg/package.bash'
[4.034s] INFO:colcon.colcon_core.shell:Creating package script '/home/emkorogodsky/ros2_ws/src/install/my_cpp_pkg/share/my_cpp_pkg/package.zsh'
[4.034s] Level 1:colcon.colcon_core.environment:create_file_with_runtime_dependencies(/home/emkorogodsky/ros2_ws/src/install/my_cpp_pkg/share/colcon-core/packages/my_cpp_pkg)
[4.035s] DEBUG:colcon.colcon_parallel_executor.executor.parallel:closing loop
[4.035s] DEBUG:colcon.colcon_parallel_executor.executor.parallel:loop closed
[4.035s] DEBUG:colcon.colcon_parallel_executor.executor.parallel:run_until_complete finished with '0'
[4.035s] DEBUG:colcon.colcon_core.event_reactor:joining thread
[4.042s] INFO:colcon.colcon_core.plugin_system:Skipping extension 'colcon_notification.desktop_notification.terminal_notifier': Not used on non-Darwin systems
[4.042s] INFO:colcon.colcon_core.plugin_system:Skipping extension 'colcon_notification.desktop_notification.win32': Not used on non-Windows systems
[4.042s] INFO:colcon.colcon_notification.desktop_notification:Sending desktop notification using 'notify2'
[4.059s] DEBUG:colcon.colcon_core.event_reactor:joined thread
[4.059s] INFO:colcon.colcon_core.shell:Creating prefix script '/home/emkorogodsky/ros2_ws/src/install/local_setup.ps1'
[4.060s] INFO:colcon.colcon_core.shell:Creating prefix util module '/home/emkorogodsky/ros2_ws/src/install/_local_setup_util_ps1.py'
[4.061s] INFO:colcon.colcon_core.shell:Creating prefix chain script '/home/emkorogodsky/ros2_ws/src/install/setup.ps1'
[4.065s] INFO:colcon.colcon_core.shell:Creating prefix script '/home/emkorogodsky/ros2_ws/src/install/local_setup.sh'
[4.066s] INFO:colcon.colcon_core.shell:Creating prefix util module '/home/emkorogodsky/ros2_ws/src/install/_local_setup_util_sh.py'
[4.066s] INFO:colcon.colcon_core.shell:Creating prefix chain script '/home/emkorogodsky/ros2_ws/src/install/setup.sh'
[4.067s] INFO:colcon.colcon_core.shell:Creating prefix script '/home/emkorogodsky/ros2_ws/src/install/local_setup.bash'
[4.067s] INFO:colcon.colcon_core.shell:Creating prefix chain script '/home/emkorogodsky/ros2_ws/src/install/setup.bash'
[4.068s] INFO:colcon.colcon_core.shell:Creating prefix script '/home/emkorogodsky/ros2_ws/src/install/local_setup.zsh'
[4.069s] INFO:colcon.colcon_core.shell:Creating prefix chain script '/home/emkorogodsky/ros2_ws/src/install/setup.zsh'
